15:32:50| Finished reading file
15:32:51| Padmé Amidala
15:32:51| Wedge Antilles
15:32:51| Wicket Systri Warrick
15:32:51| Ki-Adi-Mundi
15:32:52| Shaak Ti
15:32:52| Leia Organa
15:32:52| Grievous
15:32:52| R5-D4
15:32:53| Kit Fisto
15:32:53| R2-D2
15:32:53| Sly Moore
15:32:53| Poggle the Lesser
15:32:54| Ayla Secura
15:32:54| Adi Gallia
15:32:54| Mace Windu
15:32:54| Saesee Tiin
15:32:55| Tarfful
15:32:55| R4-P17
15:32:55| Eeth Koth
15:32:55| Darth Vader
15:32:56| Palpatine
15:32:56| Wat Tambor
15:32:56| Luke Skywalker
15:32:56| Tion Medon
15:32:57| Wilhuff Tarkin
15:32:57| Dooku
15:32:57| Luminara Unduli
15:32:57| Chewbacca
15:32:58| Raymus Antilles
15:32:58| Beru Whitesun lars
15:32:58| Owen Lars
15:32:58| Yoda
15:32:59| C-3PO
15:32:59| Anakin Skywalker
15:32:59| Nute Gunray
15:32:59| Plo Koon
15:33:00| Bail Prestor Organa
15:33:00| Obi-Wan Kenobi
15:33:00| Time to process all URLs = 10.10681320
