15:31:33| Finished reading file
15:31:34| Ki-Adi-Mundi
15:31:34| Padmé Amidala
15:31:34| Wedge Antilles
15:31:34| Wicket Systri Warrick
15:31:35| Shaak Ti
15:31:35| Leia Organa
15:31:35| R5-D4
15:31:35| Grievous
15:31:36| Kit Fisto
15:31:36| R2-D2
15:31:36| Sly Moore
15:31:36| Poggle the Lesser
15:31:37| Ayla Secura
15:31:37| Adi Gallia
15:31:37| Mace Windu
15:31:37| Saesee Tiin
15:31:38| Tarfful
15:31:38| R4-P17
15:31:38| Darth Vader
15:31:38| Eeth Koth
15:31:39| Palpatine
15:31:39| Wat Tambor
15:31:39| Tion Medon
15:31:39| Luke Skywalker
15:31:40| Wilhuff Tarkin
15:31:40| Dooku
15:31:40| Chewbacca
15:31:40| Luminara Unduli
15:31:41| Raymus Antilles
15:31:41| Beru Whitesun lars
15:31:41| Yoda
15:31:41| Owen Lars
15:31:42| C-3PO
15:31:42| Anakin Skywalker
15:31:42| Nute Gunray
15:31:42| Plo Koon
15:31:43| Bail Prestor Organa
15:31:43| Obi-Wan Kenobi
15:31:43| Time to process all URLs = 10.14010300
