15:35:08| Finished reading file
15:35:09| Wicket Systri Warrick
15:35:09| Sly Moore
15:35:09| Shaak Ti
15:35:09| Adi Gallia
15:35:09| Ayla Secura
15:35:09| Yoda
15:35:09| Dooku
15:35:09| Wat Tambor
15:35:09| Plo Koon
15:35:09| Obi-Wan Kenobi
15:35:09| Leia Organa
15:35:09| Poggle the Lesser
15:35:09| Beru Whitesun lars
15:35:09| Bail Prestor Organa
15:35:09| Chewbacca
15:35:09| R2-D2
15:35:09| Mace Windu
15:35:09| Luke Skywalker
15:35:09| Owen Lars
15:35:09| Palpatine
15:35:09| Grievous
15:35:09| R5-D4
15:35:09| Ki-Adi-Mundi
15:35:09| Wilhuff Tarkin
15:35:09| Padmé Amidala
15:35:09| Tion Medon
15:35:09| Eeth Koth
15:35:09| Anakin Skywalker
15:35:09| Saesee Tiin
15:35:09| R4-P17
15:35:09| Luminara Unduli
15:35:09| Wedge Antilles
15:35:09| Tarfful
15:35:09| Raymus Antilles
15:35:09| C-3PO
15:35:09| Kit Fisto
15:35:09| Nute Gunray
15:35:09| Darth Vader
15:35:09| Time to process all URLs = 1.08285130
