15:22:01| Marble count     = 1000
15:22:01| Marble delay     = 0.01
15:22:01| Marbles in a bag = 7
15:22:01| Bagger delay     = 0.05
15:22:01| Assembler delay  = 0.05
15:22:01| Wrapper delay    = 0.05
15:22:01| Create the processes
15:22:01| Starting the processes
15:22:01| Waiting for processes to finish
15:22:12| Contents of boxes.txt
15:22:12| 15:22:02: ('5-Star', ['Middle Green Yellow', 'Middle Red Purple', 'Slate Blue', 'Liver Chestnut', 'Thulian Pink', 'Fiery Rose', 'Mango Tango'])
15:22:12| 15:22:02: ('Zeus', ['Pale Plum', 'Blue', 'Cobalt Blue', 'Lavender Blue', 'Blue', 'Cotton Candy', 'Mimi Pink'])
15:22:12| 15:22:02: ('Zeus', ['Russian Green', 'Light Orange', 'Pale Goldenrod', 'Lemon Lime', 'Lilac Luster', 'Silver Pink', 'La Salle Green'])
15:22:12| 15:22:02: ('5-Star', ['Pale Goldenrod', 'Lemon Lime', 'Mulberry', 'Candy Pink', 'Orange Peel', 'Light Orchid', 'Purple Plum'])
15:22:12| 15:22:02: ('Hercules', ['Isabelline', 'Middle Red Purple', 'Royal Orange', 'Sage', 'Lavender Purple', 'Pale Plum', 'Golden Yellow'])
15:22:12| 15:22:02: ('Sure Shot', ['Ruby', 'Golden Yellow', 'Eerie Black', 'Almond', 'Rose Dust', 'Lilac Luster', 'Silver Pink'])
15:22:12| 15:22:02: ('Hercules', ['Dark Moss Green', 'Rose Dust', 'Rose Quartz', 'Vegas Gold', 'Vegas Gold', 'Pastel Gray', 'Rose Quartz'])
15:22:12| 15:22:02: ('Hercules', ['Blue Bell', 'Brink Pink', 'Isabelline', 'Neon Silver', 'Indigo', 'Middle Red Purple', 'Middle Green Yellow'])
15:22:12| 15:22:02: ('Apollo', ['Safety Yellow', 'Venetian Red', 'Safety Yellow', 'Orange Soda', 'Shandy', 'Isabelline', 'Almond'])
15:22:12| 15:22:02: ('Spinner', ['Safety Yellow', 'Orange Soda', 'Golden Yellow', 'Middle Green', 'Arylide Yellow', 'Light Orange', 'Mulberry'])
15:22:12| 15:22:02: ('Hercules', ['Gold', 'Cotton Candy', 'Liver Chestnut', 'Purple Plum', 'Lemon Lime', 'Arylide Yellow', 'Ruby'])
15:22:12| 15:22:02: ('Hercules', ['Lemon Lime', 'Big Dip O’ruby', 'Cobalt Blue', 'Rose Quartz', 'Arylide Yellow', 'Chinese Red', 'Russian Violet'])
15:22:12| 15:22:03: ('Apollo', ['Vegas Gold', 'Silver Pink', 'Pale Plum', 'La Salle Green', 'Pastel Gray', 'Mode Beige', 'Almond'])
15:22:12| 15:22:03: ('Winner', ['Blue', 'Shandy', 'Golden Yellow', 'Venetian Red', 'Platinum', 'Antique Bronze', 'Orange Peel'])
15:22:12| 15:22:03: ('Zeus', ['Middle Green', 'Orange Peel', 'Royal Orange', 'Neon Silver', 'Mulberry', 'Orange Soda', 'Mulberry'])
15:22:12| 15:22:03: ('Hercules', ['Shandy', 'Platinum', 'Granny Smith Apple', 'Lavender Purple', 'La Salle Green', 'Beaver', 'Royal Blue'])
15:22:12| 15:22:03: ('Hercules', ['Indigo', 'Green', 'Maximum Purple', 'Sheen Green', 'Maximum Blue', 'Sage', 'Mango Tango'])
15:22:12| 15:22:03: ('Apollo', ['Big Dip O’ruby', 'Mulberry', 'Candy Pink', 'Black Coral', 'Cobalt Blue', 'Silver Chalice', 'Honeydew'])
15:22:12| 15:22:03: ('Apollo', ['Purple Plum', 'Cotton Candy', 'Dark Moss Green', 'Pastel Gray', 'Mint Green', 'Neon Pink', 'Antique Brass'])
15:22:12| 15:22:03: ('Zeus', ['Russian Violet', 'Ruby', 'Royal Orange', 'Mint Green', 'Icterine', 'Mode Beige', 'Purple'])
15:22:12| 15:22:03: ('Sure Shot', ['Chinese Red', 'Middle Red Purple', 'Slate Blue', 'Antique Brass', 'Stop Red', 'Royal Red', 'Sage'])
15:22:12| 15:22:03: ('Sure Shot', ['Duke Blue', 'Russian Violet', 'Lilac Luster', 'Zomp', 'Gold', 'Spanish Carmine', 'Purple'])
15:22:12| 15:22:03: ('Sure Shot', ['Chinese Red', 'Lavender Purple', 'Neon Pink', 'Russian Green', 'Pastel Blue', 'Silver Pink', 'Mint Cream'])
15:22:12| 15:22:03: ('Spinner', ['Blue-Green', 'Lumber', 'Middle Red Purple', 'Lemon Lime', 'Orange Soda', 'Fiery Rose', 'Black Coral'])
15:22:12| 15:22:03: ('Zeus', ['Tuscan Brown', 'Mint Cream', 'Middle Green Yellow', 'Chinese Red', 'Mint Cream', 'Mode Beige', 'Honeydew'])
15:22:12| 15:22:03: ('Sure Shot', ['Mango Tango', 'Terra Cotta', 'Pastel Blue', 'Venetian Red', 'Mimi Pink', 'La Salle Green', 'Pale Cerulean'])
15:22:12| 15:22:04: ('Winner', ['Mode Beige', 'Mint Green', 'Russian Green', 'Fiery Rose', 'Lumber', 'Pale Plum', 'Pale Taupe'])
15:22:12| 15:22:04: ('Big Joe', ['Mango Tango', 'Middle Green', 'Light Orchid', 'Lumber', 'Lilac Luster', 'Middle Green Yellow', 'Ivory'])
15:22:12| 15:22:04: ('Zeus', ['Sage', 'Lemon Lime', 'Neon Dark Green', 'Sheen Green', 'Venetian Red', 'Lavender Purple', 'Light Orchid'])
15:22:12| 15:22:04: ('Hercules', ['Slate Blue', 'Cobalt Blue', 'Pale Plum', 'Emerald', 'Mint Green', 'Pale Taupe', 'Zomp'])
15:22:12| 15:22:04: ('Hercules', ['Terra Cotta', 'Blue-Green', 'Mango Tango', 'Brown', 'Sheen Green', 'Emerald', 'Dark Fuchsia'])
15:22:12| 15:22:04: ('Sure Shot', ['Pale Cerulean', 'Royal Orange', 'Spanish Carmine', 'Lilac Luster', 'Blue', 'Royal Orange', 'Neon Silver'])
15:22:12| 15:22:04: ('Big Joe', ['Honeydew', 'Pale Cerulean', 'Orange Soda', 'Emerald', 'Blue-Green', 'Stop Red', 'Indigo'])
15:22:12| 15:22:04: ('5-Star', ['Platinum', 'Royal Red', 'Antique Brass', 'Lavender Blue', 'Brink Pink', 'Shandy', 'Rose Quartz'])
15:22:12| 15:22:04: ('5-Star', ['Mango Tango', 'Pale Taupe', 'Orange Soda', 'Middle Green', 'Zomp', 'Outrageous Orange', 'Russian Violet'])
15:22:12| 15:22:04: ('Big Joe', ['Auburn', 'Cotton Candy', 'Spanish Pink', 'Stop Red', 'Granny Smith Apple', 'White Smoke', 'Spanish Orange'])
15:22:12| 15:22:04: ('Zeus', ['Lilac Luster', 'Mint Cream', 'Cobalt Blue', 'Outrageous Orange', 'Indigo', 'Brown', 'Rose Dust'])
15:22:12| 15:22:04: ('Big Joe', ['Purple Plum', 'Honeydew', 'Blue Bell', 'Lilac Luster', 'Spanish Orange', 'Platinum', 'White Smoke'])
15:22:12| 15:22:04: ('Sure Shot', ['Royal Red', 'Gold', 'Slate Blue', 'Gold', 'Spanish Carmine', 'Eerie Black', 'Terra Cotta'])
15:22:12| 15:22:05: ('Hercules', ['Brown', 'Maximum Violet', 'Middle Red Purple', 'Russian Violet', 'Purple Plum', 'Cobalt Blue', 'Pastel Gray'])
15:22:12| 15:22:05: ('Sure Shot', ['Spanish Orange', 'Almond', 'Pale Goldenrod', 'Dark Fuchsia', 'Orange Soda', 'Shandy', 'Orange Peel'])
15:22:12| 15:22:05: ('Big Joe', ['Mint Green', 'Brink Pink', 'Purple Plum', 'Maximum Purple', 'Mimi Pink', 'Spanish Orange', 'Gold'])
15:22:12| 15:22:05: ('Zeus', ['Chinese Red', 'Dark Moss Green', 'Rose Quartz', 'Beaver', 'Vegas Gold', 'Lavender Blue', 'Arylide Yellow'])
15:22:12| 15:22:05: ('Sure Shot', ['Isabelline', 'Spanish Orange', 'Lavender Blue', 'Indigo', 'Mulberry', 'Purple Plum', 'Pastel Gray'])
15:22:12| 15:22:05: ('Zeus', ['Maximum Violet', 'Black Coral', 'Royal Blue', 'Chinese Red', 'Spanish Pink', 'Ruby', 'Blue-Green'])
15:22:12| 15:22:05: ('Big Joe', ['Antique Brass', 'Pastel Blue', 'Emerald', 'Fiery Rose', 'Pale Goldenrod', 'Slate Blue', 'Sheen Green'])
15:22:12| 15:22:05: ('Spinner', ['Auburn', 'Gold', 'Spanish Orange', 'Neon Silver', 'Orange Peel', 'Platinum', 'Slate Blue'])
15:22:12| 15:22:05: ('Winner', ['Shandy', 'Mango Tango', 'Isabelline', 'Brown', 'Granny Smith Apple', 'Black Coral', 'Rose Quartz'])
15:22:12| 15:22:05: ('Spinner', ['Cobalt Blue', 'Light Orchid', 'Lilac Luster', 'Mode Beige', 'Middle Green', 'Blue', 'Spanish Pink'])
15:22:12| 15:22:05: ('Zeus', ['Silver Pink', 'Green', 'Rose Dust', 'Pale Goldenrod', 'Venetian Red', 'Blue', 'Duke Blue'])
15:22:12| 15:22:05: ('5-Star', ['Maximum Blue', 'Ivory', 'Mint Green', 'Spanish Carmine', 'Honeydew', 'Silver Pink', 'Duke Blue'])
15:22:12| 15:22:05: ('Hercules', ['Royal Red', 'Mulberry', 'Lumber', 'Bistre Brown', 'Neon Pink', 'Blue-Green', 'Icterine'])
15:22:12| 15:22:05: ('Zeus', ['Middle Red Purple', 'Fiery Rose', 'Safety Yellow', 'Blue', 'Ruby', 'Blue', 'Auburn'])
15:22:12| 15:22:06: ('5-Star', ['Dark Moss Green', 'Middle Green Yellow', 'Mango Tango', 'Thulian Pink', 'Big Dip O’ruby', 'White Smoke', 'Lavender Purple'])
15:22:12| 15:22:06: ('Spinner', ['Mint Green', 'Silver Pink', 'Outrageous Orange', 'Isabelline', 'Sheen Green', 'Royal Orange', 'Ruby'])
15:22:12| 15:22:06: ('Zeus', ['Pale Taupe', 'Lemon Lime', 'Ivory', 'White Smoke', 'Beaver', 'Cobalt Blue', 'Pale Goldenrod'])
15:22:12| 15:22:06: ('Lucky', ['Antique Bronze', 'Isabelline', 'Gold', 'Pale Taupe', 'Ruby', 'Blue', 'Light Orchid'])
15:22:12| 15:22:06: ('Apollo', ['Lumber', 'Icterine', 'Dark Fuchsia', 'Blue Bell', 'Silver Pink', 'Rose Dust', 'Green'])
15:22:12| 15:22:06: ('Zeus', ['Isabelline', 'Green', 'Rose Quartz', 'Mode Beige', 'Blue', 'Antique Bronze', 'Big Dip O’ruby'])
15:22:12| 15:22:06: ('Sure Shot', ['Eerie Black', 'Mint Cream', 'Cobalt Blue', 'Pale Plum', 'Fiery Rose', 'Mulberry', 'Isabelline'])
15:22:12| 15:22:06: ('Apollo', ['Arylide Yellow', 'Vegas Gold', 'Candy Pink', 'Sage', 'Sage', 'Purple', 'Pastel Blue'])
15:22:12| 15:22:06: ('Winner', ['Antique Brass', 'Rose Quartz', 'Maximum Blue', 'Cotton Candy', 'Purple Plum', 'Ivory', 'Neon Silver'])
15:22:12| 15:22:06: ('Apollo', ['Orange Soda', 'Spanish Carmine', 'Rose Dust', 'Outrageous Orange', 'Brink Pink', 'Almond', 'Blue-Green'])
15:22:12| 15:22:06: ('Lucky', ['Cobalt Blue', 'Lavender Blue', 'Safety Yellow', 'Ivory', 'Rose Dust', 'Gold', 'Outrageous Orange'])
15:22:12| 15:22:06: ('Apollo', ['Brink Pink', 'Silver Chalice', 'Golden Yellow', 'Granny Smith Apple', 'Candy Pink', 'Mulberry', 'Middle Green Yellow'])
15:22:12| 15:22:06: ('Big Joe', ['Brink Pink', 'Ivory', 'Pale Cerulean', 'Royal Red', 'Slate Blue', 'Gold', 'Lavender Purple'])
15:22:12| 15:22:06: ('Sure Shot', ['Mode Beige', 'Pastel Gray', 'Middle Green', 'Light Orchid', 'Fiery Rose', 'Chinese Red', 'Royal Blue'])
15:22:12| 15:22:07: ('Winner', ['Black Coral', 'Pale Cerulean', 'Spanish Orange', 'Mulberry', 'Cotton Candy', 'Emerald', 'Duke Blue'])
15:22:12| 15:22:07: ('Zeus', ['Pastel Blue', 'Tuscan Brown', 'Lumber', 'Neon Silver', 'Orange Soda', 'Icterine', 'Sheen Green'])
15:22:12| 15:22:07: ('Zeus', ['Slate Blue', 'Purple Plum', 'Ruby', 'Blue', 'Brink Pink', 'Thulian Pink', 'Big Dip O’ruby'])
15:22:12| 15:22:07: ('Hercules', ['Liver Chestnut', 'Stop Red', 'Mint Green', 'Outrageous Orange', 'Almond', 'Stop Red', 'Candy Pink'])
15:22:12| 15:22:07: ('Zeus', ['Eerie Black', 'Dark Fuchsia', 'Spanish Orange', 'Antique Bronze', 'Mimi Pink', 'Mode Beige', 'Mode Beige'])
15:22:12| 15:22:07: ('Winner', ['Silver Pink', 'Antique Bronze', 'Black Coral', 'Blue-Green', 'Middle Green Yellow', 'Slate Blue', 'Safety Yellow'])
15:22:12| 15:22:07: ('Hercules', ['Zomp', 'Silver Chalice', 'Middle Green Yellow', 'Pale Goldenrod', 'Shandy', 'Tuscan Brown', 'Cotton Candy'])
15:22:12| 15:22:07: ('Spinner', ['Isabelline', 'Gold', 'Spanish Carmine', 'Sheen Green', 'Beaver', 'Silver Chalice', 'Lilac Luster'])
15:22:12| 15:22:07: ('Winner', ['Cotton Candy', 'Neon Pink', 'Ruby', 'Outrageous Orange', 'Lemon Lime', 'Beaver', 'Rose Dust'])
15:22:12| 15:22:07: ('Winner', ['Purple Plum', 'Gold', 'Royal Red', 'Mode Beige', 'White Smoke', 'Maximum Blue', 'Blue Bell'])
15:22:12| 15:22:07: ('Big Joe', ['Emerald', 'Russian Violet', 'Beaver', 'Indigo', 'Orange Peel', 'Auburn', 'Orange Soda'])
15:22:12| 15:22:07: ('Sure Shot', ['Dark Fuchsia', 'Middle Green Yellow', 'Purple', 'Maximum Violet', 'Cotton Candy', 'Neon Dark Green', 'Safety Yellow'])
15:22:12| 15:22:07: ('5-Star', ['Maximum Violet', 'Tuscan Brown', 'Blue-Green', 'Royal Red', 'Indigo', 'Middle Red Purple', 'Middle Red Purple'])
15:22:12| 15:22:08: ('Lucky', ['Slate Blue', 'Mint Cream', 'Royal Blue', 'Ivory', 'Blue Bell', 'La Salle Green', 'Big Dip O’ruby'])
15:22:12| 15:22:08: ('Sure Shot', ['Gold', 'Blue Bell', 'Outrageous Orange', 'Arylide Yellow', 'Isabelline', 'Pale Taupe', 'Ivory'])
15:22:12| 15:22:08: ('Lucky', ['Auburn', 'Silver Chalice', 'Rose Dust', 'Silver Chalice', 'Maximum Violet', 'Icterine', 'Royal Red'])
15:22:12| 15:22:08: ('Spinner', ['Sheen Green', 'Liver Chestnut', 'Cobalt Blue', 'Big Dip O’ruby', 'Thulian Pink', 'Orange Soda', 'Mint Cream'])
15:22:12| 15:22:08: ('Hercules', ['Mimi Pink', 'Green', 'Middle Green Yellow', 'Mint Green', 'Zomp', 'Spanish Pink', 'Middle Green'])
15:22:12| 15:22:08: ('Lucky', ['Safety Yellow', 'Light Orange', 'Rose Dust', 'Middle Green Yellow', 'Light Orchid', 'Cobalt Blue', 'Outrageous Orange'])
15:22:12| 15:22:08: ('Spinner', ['Dark Fuchsia', 'Light Orchid', 'Light Orange', 'Lavender Blue', 'Rose Quartz', 'Orange Peel', 'Rose Dust'])
15:22:12| 15:22:08: ('Winner', ['Antique Bronze', 'Blue', 'Terra Cotta', 'Zomp', 'Spanish Carmine', 'Indigo', 'Rose Quartz'])
15:22:12| 15:22:08: ('Winner', ['Duke Blue', 'Mint Green', 'Maximum Blue', 'Pastel Gray', 'Liver Chestnut', 'Shandy', 'Rose Quartz'])
15:22:12| 15:22:08: ('Hercules', ['Cotton Candy', 'Arylide Yellow', 'Safety Yellow', 'Ruby', 'Chinese Red', 'Royal Red', 'Light Orchid'])
15:22:12| 15:22:08: ('Zeus', ['Rose Quartz', 'Mulberry', 'Royal Blue', 'Isabelline', 'Sage', 'Middle Green', 'White Smoke'])
15:22:12| 15:22:08: ('Lucky', ['Brink Pink', 'Arylide Yellow', 'Blue', 'Zomp', 'Brink Pink', 'Arylide Yellow', 'Chinese Red'])
15:22:12| 15:22:08: ('5-Star', ['Venetian Red', 'Black Coral', 'Golden Yellow', 'Cotton Candy', 'Eerie Black', 'Honeydew', 'Candy Pink'])
15:22:12| 15:22:08: ('Lucky', ['Mint Cream', 'Platinum', 'Mint Green', 'Granny Smith Apple', 'Thulian Pink', 'Gold', 'Gold'])
15:22:12| 15:22:09: ('Big Joe', ['Icterine', 'Middle Green Yellow', 'Safety Yellow', 'Neon Dark Green', 'Silver Pink', 'Beaver', 'Icterine'])
15:22:12| 15:22:09: ('Hercules', ['Sage', 'Pale Taupe', 'Cotton Candy', 'Icterine', 'Candy Pink', 'Granny Smith Apple', 'Sage'])
15:22:12| 15:22:09: ('Apollo', ['Mode Beige', 'Cobalt Blue', 'Purple Plum', 'Thulian Pink', 'Slate Blue', 'Antique Bronze', 'Emerald'])
15:22:12| 15:22:09: ('Winner', ['Ruby', 'Brink Pink', 'Emerald', 'Maximum Violet', 'Thulian Pink', 'Antique Brass', 'Candy Pink'])
15:22:12| 15:22:09: ('5-Star', ['Blue', 'Ruby', 'Rose Quartz', 'Silver Pink', 'Outrageous Orange', 'Spanish Carmine', 'Middle Red Purple'])
15:22:12| 15:22:09: ('Big Joe', ['Almond', 'Spanish Carmine', 'Icterine', 'Royal Orange', 'Orange Peel', 'Russian Green', 'Chinese Red'])
15:22:12| 15:22:09: ('Sure Shot', ['Green', 'Terra Cotta', 'Bistre Brown', 'Mint Cream', 'Chinese Red', 'Lemon Lime', 'Orange Peel'])
15:22:12| 15:22:09: ('Spinner', ['Maximum Blue', 'Isabelline', 'Lumber', 'Auburn', 'Mode Beige', 'Neon Silver', 'Cobalt Blue'])
15:22:12| 15:22:09: ('Winner', ['Arylide Yellow', 'Almond', 'White Smoke', 'Liver Chestnut', 'La Salle Green', 'Purple', 'Purple Plum'])
15:22:12| 15:22:09: ('Sure Shot', ['Royal Blue', 'Neon Dark Green', 'Vegas Gold', 'Auburn', 'Beaver', 'Outrageous Orange', 'Lavender Blue'])
15:22:12| 15:22:09: ('Winner', ['Black Coral', 'Brown', 'Golden Yellow', 'Arylide Yellow', 'Pale Plum', 'Neon Dark Green', 'Light Orchid'])
15:22:12| 15:22:09: ('Apollo', ['Indigo', 'Platinum', 'Sheen Green', 'Antique Bronze', 'Arylide Yellow', 'Mint Green', 'Beaver'])
15:22:12| 15:22:09: ('Spinner', ['Mint Green', 'Isabelline', 'Light Orange', 'Silver Pink', 'Pale Cerulean', 'Indigo', 'Lumber'])
15:22:12| 15:22:10: ('Sure Shot', ['Mango Tango', 'Black Coral', 'Sage', 'Sage', 'Neon Dark Green', 'Safety Yellow', 'Brink Pink'])
15:22:12| 15:22:10: ('Spinner', ['Orange Soda', 'Royal Blue', 'Antique Bronze', 'Royal Red', 'Mango Tango', 'Cobalt Blue', 'Light Orange'])
15:22:12| 15:22:10: ('Winner', ['Tuscan Brown', 'Candy Pink', 'Terra Cotta', 'Golden Yellow', 'Shandy', 'Granny Smith Apple', 'Tuscan Brown'])
15:22:12| 15:22:10: ('Winner', ['Neon Silver', 'Orange Peel', 'Terra Cotta', 'Fiery Rose', 'Lilac Luster', 'Neon Silver', 'Cobalt Blue'])
15:22:12| 15:22:10: ('5-Star', ['Maximum Purple', 'Pale Goldenrod', 'Stop Red', 'Sheen Green', 'Emerald', 'Auburn', 'White Smoke'])
15:22:12| 15:22:10: ('Winner', ['Candy Pink', 'Maximum Violet', 'Mint Green', 'Duke Blue', 'Liver Chestnut', 'White Smoke', 'Maximum Violet'])
15:22:12| 15:22:10: ('Big Joe', ['Neon Pink', 'Dark Fuchsia', 'Middle Green', 'Almond', 'Ruby', 'Russian Violet', 'Neon Dark Green'])
15:22:12| 15:22:10: ('5-Star', ['Antique Brass', 'Blue', 'Royal Red', 'Dark Moss Green', 'Duke Blue', 'Icterine', 'Isabelline'])
15:22:12| 15:22:10: ('Winner', ['Mint Green', 'Orange Peel', 'Almond', 'Rose Dust', 'Rose Quartz', 'Mint Green', 'Mint Cream'])
15:22:12| 15:22:10: ('Lucky', ['Brink Pink', 'Middle Green Yellow', 'Spanish Carmine', 'Gold', 'Almond', 'Mango Tango', 'Gold'])
15:22:12| 15:22:10: ('Winner', ['Light Orange', 'Mode Beige', 'Honeydew', 'Vegas Gold', 'Middle Red Purple', 'Safety Yellow', 'Mode Beige'])
15:22:12| 15:22:10: ('Apollo', ['Duke Blue', 'Purple', 'Mint Green', 'Gold', 'Royal Red', 'Shandy', 'Maximum Purple'])
15:22:12| 15:22:10: ('Spinner', ['Brink Pink', 'Royal Orange', 'Royal Orange', 'Stop Red', 'Maximum Blue', 'Dark Moss Green', 'Russian Green'])
15:22:12| 15:22:10: ('Spinner', ['Gold', 'Silver Chalice', 'Middle Green Yellow', 'Spanish Pink', 'Dark Moss Green', 'Orange Soda', 'Auburn'])
15:22:12| 15:22:11: ('Winner', ['Neon Dark Green', 'Beaver', 'Mode Beige', 'Dark Moss Green', 'Indigo', 'Tuscan Brown', 'Beaver'])
15:22:12| 15:22:11: ('Zeus', ['Shandy', 'Bistre Brown', 'Mango Tango', 'Blue-Green', 'Lilac Luster', 'Cobalt Blue', 'Antique Brass'])
15:22:12| 15:22:11: ('Apollo', ['Silver Chalice', 'Neon Pink', 'Brown', 'Tuscan Brown', 'Purple Plum', 'Beaver', 'Rose Dust'])
15:22:12| 15:22:11: ('Winner', ['Emerald', 'Ivory', 'Royal Blue', 'Auburn', 'Slate Blue', 'Mango Tango', 'Middle Green Yellow'])
15:22:12| 15:22:11: ('Winner', ['Middle Red Purple', 'Golden Yellow', 'Thulian Pink', 'Brink Pink', 'Duke Blue', 'Blue', 'Granny Smith Apple'])
15:22:12| 15:22:11: ('Apollo', ['Isabelline', 'Green', 'Antique Bronze', 'Auburn', 'Mint Green', 'Middle Green Yellow', 'Zomp'])
15:22:12| 15:22:11: ('5-Star', ['Thulian Pink', 'Stop Red', 'Big Dip O’ruby', 'La Salle Green', 'Antique Bronze', 'Middle Red Purple', 'Shandy'])
15:22:12| 15:22:11: ('Big Joe', ['Silver Chalice', 'Blue', 'Spanish Pink', 'Maximum Purple', 'Spanish Pink', 'Pale Cerulean', 'Light Orange'])
15:22:12| 15:22:11: ('Hercules', ['Vegas Gold', 'Antique Brass', 'Royal Blue', 'Honeydew', 'Duke Blue', 'Candy Pink', 'Pale Plum'])
15:22:12| 15:22:11: ('Zeus', ['Middle Green Yellow', 'Blue-Green', 'Stop Red', 'Middle Red Purple', 'Orange Soda', 'Brink Pink', 'Ruby'])
15:22:12| 15:22:11: ('Big Joe', ['Mint Cream', 'Lavender Blue', 'Eerie Black', 'Pale Plum', 'Golden Yellow', 'Pale Plum', 'Candy Pink'])
15:22:12| 15:22:11: ('Apollo', ['Big Dip O’ruby', 'Orange Soda', 'Rose Dust', 'Pale Goldenrod', 'Mode Beige', 'Orange Soda', 'Green'])
15:22:12| 15:22:11: ('Apollo', ['Indigo', 'Sheen Green', 'Purple', 'Arylide Yellow', 'Cobalt Blue', 'Beaver', 'Light Orchid'])
15:22:12| 15:22:12: ('Winner', ['Mint Green', 'Zomp', 'Rose Dust', 'Antique Brass', 'Silver Chalice', 'Lemon Lime', 'Black Coral'])
15:22:12| 15:22:12: ('5-Star', ['Lumber', 'Black Coral', 'Emerald', 'Sage', 'Ivory', 'La Salle Green', 'Maximum Violet'])
15:22:12| 15:22:12: ('Winner', ['Antique Brass', 'Tuscan Brown', 'Dark Moss Green', 'Platinum', 'Auburn', 'Maximum Violet', 'Venetian Red'])
15:22:12| 15:22:12: ('Zeus', ['Silver Pink', 'Icterine', 'Russian Green', 'Russian Green', 'Safety Yellow', 'Orange Soda', 'Green'])
15:22:12| 15:22:12: ('Big Joe', ['Silver Pink', 'Silver Chalice', 'Icterine', 'Ruby', 'Mimi Pink', 'Purple Plum', 'Big Dip O’ruby'])
15:22:12| 15:22:12: ('Hercules', ['Maximum Purple', 'Lumber', 'Duke Blue', 'Neon Silver', 'Platinum', 'Granny Smith Apple', 'Arylide Yellow'])
15:22:12| 15:22:12: ('Winner', ['Candy Pink', 'Antique Brass', 'Beaver', 'Cobalt Blue', 'Neon Silver', 'Sage', 'Cotton Candy'])
15:22:12| 15:22:12: ('Spinner', ['Fiery Rose', 'Pastel Gray', 'Mode Beige', 'Pastel Gray', 'Big Dip O’ruby', 'Almond', 'Sheen Green'])
15:22:12| 15:22:12: ('Big Joe', ['Arylide Yellow', 'Pastel Blue', 'Dark Moss Green', 'White Smoke', 'La Salle Green', 'Middle Green'])
15:22:12| Number of gifts created: 143
