15:46:15| Marble count     = 1000
15:46:15| Marble delay     = 0.01
15:46:15| Marbles in a bag = 7
15:46:15| Bagger delay     = 0.05
15:46:15| Assembler delay  = 0.05
15:46:15| Wrapper delay    = 0.05
15:46:15| Create the processes
15:46:15| Starting the processes
15:46:15| Waiting for processes to finish
15:46:27| Contents of boxes.txt
15:46:27| 15:46:16: ('Spinner', ['Safety Yellow', 'Maximum Purple', 'Granny Smith Apple', 'Gold', 'La Salle Green', 'Mulberry', 'Maximum Violet'])
15:46:27| 15:46:16: ('Lucky', ['Stop Red', 'Maximum Purple', 'Big Dip O’ruby', 'Pale Cerulean', 'Outrageous Orange', 'Mulberry', 'Duke Blue'])
15:46:27| 15:46:16: ('Apollo', ['Dark Fuchsia', 'Emerald', 'Blue Bell', 'Spanish Pink', 'Cobalt Blue', 'Vegas Gold', 'Auburn'])
15:46:27| 15:46:16: ('Spinner', ['Royal Blue', 'Big Dip O’ruby', 'Vegas Gold', 'Gold', 'Liver Chestnut', 'Silver Pink', 'Mimi Pink'])
15:46:27| 15:46:17: ('Lucky', ['White Smoke', 'Antique Bronze', 'Ruby', 'Beaver', 'Bistre Brown', 'Rose Dust', 'Blue'])
15:46:27| 15:46:17: ('Spinner', ['Purple Plum', 'Spanish Carmine', 'Rose Dust', 'Blue-Green', 'Dark Moss Green', 'Dark Fuchsia', 'Stop Red'])
15:46:27| 15:46:17: ('Lucky', ['Rose Quartz', 'Arylide Yellow', 'Light Orange', 'Spanish Orange', 'Safety Yellow', 'Black Coral', 'Fiery Rose'])
15:46:27| 15:46:17: ('Spinner', ['Black Coral', 'Antique Brass', 'Orange Soda', 'Gold', 'Beaver', 'Mimi Pink', 'Lavender Purple'])
15:46:27| 15:46:17: ('Zeus', ['Light Orchid', 'Russian Green', 'Honeydew', 'Auburn', 'Safety Yellow', 'Orange Soda', 'Royal Red'])
15:46:27| 15:46:17: ('Winner', ['Fiery Rose', 'Royal Orange', 'Neon Silver', 'Spanish Carmine', 'Pale Plum', 'Royal Red', 'Chinese Red'])
15:46:27| 15:46:17: ('Apollo', ['Maximum Blue', 'Sage', 'Golden Yellow', 'Cotton Candy', 'Shandy', 'Blue', 'Fiery Rose'])
15:46:27| 15:46:17: ('Big Joe', ['Russian Green', 'Ruby', 'Orange Soda', 'Thulian Pink', 'Pale Plum', 'Duke Blue', 'Vegas Gold'])
15:46:27| 15:46:17: ('Sure Shot', ['Lemon Lime', 'Royal Red', 'Blue', 'Mulberry', 'Lumber', 'Blue', 'Thulian Pink'])
15:46:27| 15:46:17: ('Apollo', ['Maximum Purple', 'Orange Peel', 'Neon Pink', 'Maximum Violet', 'Honeydew', 'Ivory', 'Silver Chalice'])
15:46:27| 15:46:17: ('Big Joe', ['Dark Moss Green', 'Rose Dust', 'Antique Brass', 'Purple Plum', 'Rose Quartz', 'Light Orange', 'Pale Plum'])
15:46:27| 15:46:17: ('Hercules', ['Blue', 'Platinum', 'Light Orchid', 'Candy Pink', 'Lavender Purple', 'Mango Tango', 'Neon Dark Green'])
15:46:27| 15:46:17: ('Apollo', ['Duke Blue', 'Middle Red Purple', 'Emerald', 'Chinese Red', 'Russian Green', 'Spanish Pink', 'Isabelline'])
15:46:27| 15:46:17: ('Sure Shot', ['Thulian Pink', 'Ivory', 'Mint Cream', 'Blue', 'Stop Red', 'Maximum Blue', 'Lavender Purple'])
15:46:27| 15:46:18: ('Spinner', ['Icterine', 'Pale Goldenrod', 'Maximum Purple', 'Rose Dust', 'Russian Violet', 'Candy Pink', 'Orange Soda'])
15:46:27| 15:46:18: ('Hercules', ['Cobalt Blue', 'Icterine', 'Tuscan Brown', 'Vegas Gold', 'Candy Pink', 'Silver Chalice', 'Shandy'])
15:46:27| 15:46:18: ('Hercules', ['Middle Red Purple', 'Orange Peel', 'Light Orchid', 'Venetian Red', 'Big Dip O’ruby', 'Honeydew', 'Indigo'])
15:46:27| 15:46:18: ('Sure Shot', ['Icterine', 'Lilac Luster', 'Eerie Black', 'Candy Pink', 'Auburn', 'Cotton Candy', 'Icterine'])
15:46:27| 15:46:18: ('Spinner', ['Royal Red', 'Liver Chestnut', 'Big Dip O’ruby', 'Royal Orange', 'Fiery Rose', 'Rose Quartz', 'Russian Green'])
15:46:27| 15:46:18: ('Spinner', ['Orange Soda', 'Silver Chalice', 'Mint Green', 'Almond', 'Beaver', 'Rose Dust', 'Pale Plum'])
15:46:27| 15:46:18: ('Zeus', ['Blue-Green', 'Orange Soda', 'Mulberry', 'Royal Red', 'Almond', 'Pastel Blue', 'Granny Smith Apple'])
15:46:27| 15:46:18: ('Sure Shot', ['Silver Pink', 'Almond', 'Brown', 'Silver Chalice', 'Lavender Blue', 'Dark Moss Green', 'Mimi Pink'])
15:46:27| 15:46:18: ('Zeus', ['Golden Yellow', 'Neon Silver', 'Orange Soda', 'Shandy', 'Maximum Blue', 'Orange Peel', 'Isabelline'])
15:46:27| 15:46:18: ('Spinner', ['Middle Green Yellow', 'Candy Pink', 'Cotton Candy', 'Purple Plum', 'Gold', 'Mulberry', 'Pale Plum'])
15:46:27| 15:46:18: ('Sure Shot', ['White Smoke', 'Thulian Pink', 'Ruby', 'Russian Violet', 'Candy Pink', 'Maximum Violet', 'Light Orchid'])
15:46:27| 15:46:18: ('Hercules', ['Royal Orange', 'Mimi Pink', 'Silver Chalice', 'Slate Blue', 'Eerie Black', 'Honeydew', 'Pale Plum'])
15:46:27| 15:46:18: ('Hercules', ['Icterine', 'Orange Peel', 'Pale Cerulean', 'Mulberry', 'Ivory', 'Spanish Carmine', 'Light Orchid'])
15:46:27| 15:46:19: ('Hercules', ['Cotton Candy', 'Lumber', 'Blue-Green', 'Gold', 'Beaver', 'Rose Quartz', 'Granny Smith Apple'])
15:46:27| 15:46:19: ('Apollo', ['White Smoke', 'Indigo', 'Chinese Red', 'Slate Blue', 'Candy Pink', 'Spanish Pink', 'Granny Smith Apple'])
15:46:27| 15:46:19: ('Big Joe', ['Maximum Blue', 'Emerald', 'Cobalt Blue', 'Cobalt Blue', 'Pale Cerulean', 'Sage', 'Chinese Red'])
15:46:27| 15:46:19: ('Apollo', ['Brink Pink', 'Antique Brass', 'Blue Bell', 'Silver Chalice', 'Mint Cream', 'Venetian Red', 'Neon Pink'])
15:46:27| 15:46:19: ('Lucky', ['Lavender Purple', 'Brown', 'Orange Soda', 'Blue-Green', 'Beaver', 'Brown', 'Platinum'])
15:46:27| 15:46:19: ('Hercules', ['Silver Chalice', 'Brink Pink', 'Eerie Black', 'La Salle Green', 'Ruby', 'White Smoke', 'Silver Pink'])
15:46:27| 15:46:19: ('Lucky', ['Bistre Brown', 'Spanish Carmine', 'Golden Yellow', 'Candy Pink', 'Fiery Rose', 'Antique Brass', 'Fiery Rose'])
15:46:27| 15:46:19: ('Sure Shot', ['Pastel Blue', 'Purple Plum', 'Isabelline', 'Orange Peel', 'Pale Taupe', 'Emerald', 'Fiery Rose'])
15:46:27| 15:46:19: ('Sure Shot', ['Candy Pink', 'Antique Brass', 'Mango Tango', 'Mango Tango', 'Mint Green', 'Blue-Green', 'Spanish Pink'])
15:46:27| 15:46:19: ('Spinner', ['Pale Plum', 'Cotton Candy', 'Shandy', 'Sage', 'Neon Dark Green', 'Ruby', 'Candy Pink'])
15:46:27| 15:46:19: ('5-Star', ['Blue Bell', 'Auburn', 'Granny Smith Apple', 'Isabelline', 'Green', 'Safety Yellow', 'Cobalt Blue'])
15:46:27| 15:46:19: ('Big Joe', ['Spanish Orange', 'Lavender Purple', 'Orange Peel', 'Thulian Pink', 'Russian Green', 'Almond', 'Royal Orange'])
15:46:27| 15:46:19: ('Winner', ['Purple Plum', 'Pale Goldenrod', 'Rose Quartz', 'Auburn', 'Middle Green', 'Arylide Yellow', 'Platinum'])
15:46:27| 15:46:19: ('Big Joe', ['Blue-Green', 'Orange Soda', 'Big Dip O’ruby', 'Brown', 'Gold', 'Stop Red', 'Blue-Green'])
15:46:27| 15:46:20: ('Zeus', ['Mango Tango', 'Pastel Gray', 'Fiery Rose', 'Antique Bronze', 'Middle Green Yellow', 'Royal Red', 'Shandy'])
15:46:27| 15:46:20: ('Big Joe', ['Russian Violet', 'Blue', 'Antique Bronze', 'Mimi Pink', 'Zomp', 'Pale Taupe', 'Green'])
15:46:27| 15:46:20: ('Spinner', ['Spanish Pink', 'Lumber', 'Tuscan Brown', 'Beaver', 'Cotton Candy', 'Mulberry', 'Orange Soda'])
15:46:27| 15:46:20: ('Lucky', ['Almond', 'Indigo', 'Terra Cotta', 'Almond', 'Maximum Purple', 'Royal Orange', 'Black Coral'])
15:46:27| 15:46:20: ('Big Joe', ['Gold', 'Almond', 'Blue-Green', 'Granny Smith Apple', 'Brink Pink', 'Middle Red Purple', 'Terra Cotta'])
15:46:27| 15:46:20: ('Zeus', ['Maximum Blue', 'Mimi Pink', 'Antique Bronze', 'Lavender Blue', 'La Salle Green', 'Chinese Red', 'Venetian Red'])
15:46:27| 15:46:20: ('Spinner', ['Mint Green', 'Mint Cream', 'Pale Taupe', 'Mode Beige', 'Bistre Brown', 'Indigo', 'Purple'])
15:46:27| 15:46:20: ('Zeus', ['Pale Taupe', 'Middle Red Purple', 'Gold', 'Emerald', 'Tuscan Brown', 'Dark Fuchsia', 'Orange Soda'])
15:46:27| 15:46:20: ('5-Star', ['Almond', 'Antique Brass', 'Lemon Lime', 'Maximum Blue', 'Purple Plum', 'Bistre Brown', 'La Salle Green'])
15:46:27| 15:46:20: ('Hercules', ['Light Orange', 'Cobalt Blue', 'Blue Bell', 'Mimi Pink', 'Platinum', 'Antique Bronze', 'Sheen Green'])
15:46:27| 15:46:20: ('Zeus', ['Candy Pink', 'Platinum', 'Spanish Carmine', 'Royal Red', 'Russian Green', 'Pale Taupe', 'Pastel Gray'])
15:46:27| 15:46:20: ('Hercules', ['Spanish Pink', 'Maximum Violet', 'Black Coral', 'Light Orchid', 'Middle Red Purple', 'Mango Tango', 'Neon Silver'])
15:46:27| 15:46:20: ('Zeus', ['Spanish Orange', 'Neon Silver', 'Spanish Carmine', 'Maximum Blue', 'Shandy', 'Orange Soda', 'Rose Dust'])
15:46:27| 15:46:21: ('Big Joe', ['Tuscan Brown', 'Maximum Violet', 'Middle Green Yellow', 'Light Orchid', 'Candy Pink', 'Gold', 'Pale Cerulean'])
15:46:27| 15:46:21: ('Spinner', ['Slate Blue', 'Dark Moss Green', 'Middle Green', 'Stop Red', 'Spanish Orange', 'Thulian Pink', 'Pale Cerulean'])
15:46:27| 15:46:21: ('Lucky', ['Spanish Orange', 'Maximum Blue', 'Icterine', 'Middle Green', 'Spanish Orange', 'Vegas Gold', 'Spanish Orange'])
15:46:27| 15:46:21: ('Big Joe', ['Silver Chalice', 'Cobalt Blue', 'Tuscan Brown', 'Vegas Gold', 'Lilac Luster', 'Middle Red Purple', 'Lavender Purple'])
15:46:27| 15:46:21: ('5-Star', ['Royal Red', 'Black Coral', 'Pale Taupe', 'Brink Pink', 'Spanish Orange', 'Royal Red', 'Silver Pink'])
15:46:27| 15:46:21: ('Winner', ['Pale Goldenrod', 'Venetian Red', 'Cobalt Blue', 'Orange Soda', 'Royal Blue', 'Zomp', 'Middle Green'])
15:46:27| 15:46:21: ('Apollo', ['Blue Bell', 'Outrageous Orange', 'Pastel Gray', 'Sheen Green', 'Gold', 'Pale Plum', 'Gold'])
15:46:27| 15:46:21: ('Winner', ['Venetian Red', 'Rose Dust', 'Neon Pink', 'Beaver', 'Mint Cream', 'Honeydew', 'Pale Goldenrod'])
15:46:27| 15:46:21: ('Zeus', ['Pale Plum', 'Middle Red Purple', 'Venetian Red', 'Spanish Orange', 'Spanish Orange', 'Mint Cream', 'Platinum'])
15:46:27| 15:46:21: ('Winner', ['Thulian Pink', 'Pale Taupe', 'Lilac Luster', 'Granny Smith Apple', 'Neon Silver', 'Orange Soda', 'Russian Green'])
15:46:27| 15:46:21: ('Lucky', ['Lavender Blue', 'Lavender Purple', 'Big Dip O’ruby', 'Liver Chestnut', 'Light Orchid', 'Russian Violet', 'Mulberry'])
15:46:27| 15:46:21: ('Lucky', ['Royal Orange', 'Ivory', 'Cotton Candy', 'Pastel Gray', 'Brown', 'Maximum Blue', 'Lavender Blue'])
15:46:27| 15:46:21: ('5-Star', ['Lemon Lime', 'Duke Blue', 'Royal Orange', 'Shandy', 'Lavender Blue', 'Ivory', 'Emerald'])
15:46:27| 15:46:21: ('Big Joe', ['Ruby', 'Mulberry', 'Pastel Gray', 'Pale Cerulean', 'Pastel Blue', 'Pale Goldenrod', 'Dark Fuchsia'])
15:46:27| 15:46:22: ('Sure Shot', ['Eerie Black', 'Brink Pink', 'Antique Brass', 'Black Coral', 'Spanish Pink', 'Middle Red Purple', 'Antique Bronze'])
15:46:27| 15:46:22: ('Spinner', ['Big Dip O’ruby', 'Purple Plum', 'Mint Cream', 'Purple', 'Maximum Blue', 'Brown', 'Lilac Luster'])
15:46:27| 15:46:22: ('Sure Shot', ['Zomp', 'Antique Bronze', 'Mint Green', 'Almond', 'Russian Green', 'Royal Orange', 'Maximum Blue'])
15:46:27| 15:46:22: ('5-Star', ['Rose Dust', 'Pale Plum', 'Isabelline', 'Spanish Carmine', 'Terra Cotta', 'Royal Red', 'Orange Peel'])
15:46:27| 15:46:22: ('Sure Shot', ['Neon Pink', 'Platinum', 'Lumber', 'Brink Pink', 'Slate Blue', 'Cobalt Blue', 'Lavender Blue'])
15:46:27| 15:46:22: ('5-Star', ['Middle Green', 'Pale Taupe', 'Blue Bell', 'Fiery Rose', 'Vegas Gold', 'Middle Green', 'Almond'])
15:46:27| 15:46:22: ('5-Star', ['Pastel Blue', 'Middle Green Yellow', 'Beaver', 'Beaver', 'Mango Tango', 'Eerie Black', 'Shandy'])
15:46:27| 15:46:22: ('Zeus', ['Lilac Luster', 'Zomp', 'Silver Chalice', 'Mint Green', 'Light Orchid', 'Isabelline', 'La Salle Green'])
15:46:27| 15:46:22: ('Lucky', ['Platinum', 'Mimi Pink', 'Thulian Pink', 'Mint Cream', 'Neon Pink', 'Spanish Carmine', 'Ruby'])
15:46:27| 15:46:22: ('Spinner', ['La Salle Green', 'Spanish Carmine', 'Middle Green', 'Maximum Blue', 'Middle Green Yellow', 'Blue', 'Chinese Red'])
15:46:27| 15:46:22: ('Hercules', ['Orange Soda', 'Almond', 'Ruby', 'Almond', 'Auburn', 'Rose Quartz', 'Maximum Blue'])
15:46:27| 15:46:22: ('5-Star', ['Granny Smith Apple', 'Neon Pink', 'Light Orchid', 'Chinese Red', 'Mulberry', 'Auburn', 'Outrageous Orange'])
15:46:27| 15:46:22: ('Hercules', ['Royal Red', 'Brown', 'Dark Fuchsia', 'Silver Pink', 'Spanish Orange', 'Lumber', 'Sage'])
15:46:27| 15:46:23: ('5-Star', ['Mango Tango', 'Dark Fuchsia', 'Spanish Pink', 'Maximum Purple', 'Mint Cream', 'Venetian Red', 'Fiery Rose'])
15:46:27| 15:46:23: ('Lucky', ['Lavender Blue', 'Isabelline', 'Gold', 'Granny Smith Apple', 'Middle Green Yellow', 'Ivory', 'Maximum Purple'])
15:46:27| 15:46:23: ('Sure Shot', ['Middle Green Yellow', 'Beaver', 'Fiery Rose', 'Middle Red Purple', 'Pastel Gray', 'Maximum Purple', 'Maximum Violet'])
15:46:27| 15:46:23: ('5-Star', ['Zomp', 'Honeydew', 'Purple', 'Fiery Rose', 'Mimi Pink', 'Big Dip O’ruby', 'Terra Cotta'])
15:46:27| 15:46:23: ('5-Star', ['Royal Red', 'Chinese Red', 'Mango Tango', 'Green', 'Pale Cerulean', 'Blue-Green', 'Maximum Blue'])
15:46:27| 15:46:23: ('Winner', ['Bistre Brown', 'Orange Soda', 'Brown', 'Mango Tango', 'Granny Smith Apple', 'Spanish Carmine', 'Liver Chestnut'])
15:46:27| 15:46:23: ('Apollo', ['Venetian Red', 'Maximum Purple', 'Antique Brass', 'Mint Cream', 'Lemon Lime', 'White Smoke', 'Russian Green'])
15:46:27| 15:46:23: ('Hercules', ['Pastel Gray', 'Pale Taupe', 'Blue-Green', 'Sage', 'Brown', 'Outrageous Orange', 'Duke Blue'])
15:46:27| 15:46:23: ('5-Star', ['Dark Moss Green', 'Ruby', 'Tuscan Brown', 'Pastel Gray', 'Isabelline', 'Lilac Luster', 'Antique Brass'])
15:46:27| 15:46:23: ('Zeus', ['Auburn', 'Golden Yellow', 'Eerie Black', 'Purple', 'Neon Silver', 'Lumber', 'Light Orange'])
15:46:27| 15:46:23: ('Spinner', ['Blue Bell', 'Purple Plum', 'Royal Orange', 'Dark Fuchsia', 'Mint Green', 'Royal Orange', 'Granny Smith Apple'])
15:46:27| 15:46:23: ('Winner', ['Pale Goldenrod', 'Lumber', 'Lavender Purple', 'Vegas Gold', 'Ivory', 'Granny Smith Apple', 'Blue'])
15:46:27| 15:46:23: ('Big Joe', ['Ivory', 'Brown', 'Ivory', 'Royal Orange', 'Zomp', 'Bistre Brown', 'Russian Green'])
15:46:27| 15:46:23: ('Hercules', ['Pale Plum', 'Maximum Purple', 'Golden Yellow', 'Cobalt Blue', 'Emerald', 'Black Coral', 'Middle Red Purple'])
15:46:27| 15:46:24: ('Lucky', ['Terra Cotta', 'Pale Taupe', 'Auburn', 'Gold', 'Mulberry', 'Venetian Red', 'Ivory'])
15:46:27| 15:46:24: ('Sure Shot', ['Lavender Purple', 'Venetian Red', 'Pale Plum', 'Mint Cream', 'Spanish Pink', 'Black Coral', 'Liver Chestnut'])
15:46:27| 15:46:24: ('Spinner', ['White Smoke', 'Orange Soda', 'Beaver', 'Maximum Violet', 'Dark Moss Green', 'Mint Green', 'Middle Green Yellow'])
15:46:27| 15:46:24: ('Spinner', ['Light Orchid', 'Granny Smith Apple', 'Purple Plum', 'Bistre Brown', 'Terra Cotta', 'Cotton Candy', 'Black Coral'])
15:46:27| 15:46:24: ('Big Joe', ['Silver Pink', 'Icterine', 'Pale Goldenrod', 'Slate Blue', 'Platinum', 'Light Orchid', 'Lavender Blue'])
15:46:27| 15:46:24: ('Zeus', ['Pale Goldenrod', 'Orange Peel', 'Zomp', 'Beaver', 'Gold', 'Indigo', 'Eerie Black'])
15:46:27| 15:46:24: ('Zeus', ['Fiery Rose', 'Candy Pink', 'Lemon Lime', 'Spanish Pink', 'Tuscan Brown', 'Light Orchid', 'Antique Bronze'])
15:46:27| 15:46:24: ('Lucky', ['Light Orange', 'Bistre Brown', 'Zomp', 'Isabelline', 'Blue Bell', 'Light Orange', 'Green'])
15:46:27| 15:46:24: ('Sure Shot', ['Spanish Pink', 'Outrageous Orange', 'Neon Silver', 'Cobalt Blue', 'Mulberry', 'Granny Smith Apple', 'Orange Peel'])
15:46:27| 15:46:24: ('Hercules', ['Bistre Brown', 'Black Coral', 'Pale Cerulean', 'Emerald', 'Lemon Lime', 'Icterine', 'Dark Fuchsia'])
15:46:27| 15:46:24: ('Winner', ['Lumber', 'Black Coral', 'Neon Dark Green', 'Blue', 'Platinum', 'Blue', 'Rose Quartz'])
15:46:27| 15:46:24: ('Big Joe', ['Ivory', 'Mint Green', 'Cobalt Blue', 'Blue-Green', 'Orange Soda', 'Auburn', 'Light Orchid'])
15:46:27| 15:46:24: ('Spinner', ['Granny Smith Apple', 'Chinese Red', 'Slate Blue', 'Golden Yellow', 'Blue', 'Purple Plum', 'Neon Pink'])
15:46:27| 15:46:25: ('Winner', ['Orange Peel', 'Dark Fuchsia', 'Shandy', 'Spanish Pink', 'Sage', 'Light Orchid', 'Purple'])
15:46:27| 15:46:25: ('Spinner', ['Isabelline', 'Purple', 'Big Dip O’ruby', 'Safety Yellow', 'Cobalt Blue', 'Dark Fuchsia', 'Pale Cerulean'])
15:46:27| 15:46:25: ('Hercules', ['Black Coral', 'Vegas Gold', 'Lavender Purple', 'Golden Yellow', 'Honeydew', 'Blue-Green', 'Middle Green Yellow'])
15:46:27| 15:46:25: ('Spinner', ['Lilac Luster', 'Mulberry', 'Mango Tango', 'Terra Cotta', 'Mango Tango', 'Pastel Blue', 'Indigo'])
15:46:27| 15:46:25: ('Spinner', ['Light Orange', 'Neon Silver', 'Shandy', 'Royal Orange', 'Lumber', 'Mint Green', 'Silver Chalice'])
15:46:27| 15:46:25: ('Winner', ['Green', 'Antique Brass', 'Royal Orange', 'Pale Cerulean', 'Eerie Black', 'Pale Goldenrod', 'Fiery Rose'])
15:46:27| 15:46:25: ('5-Star', ['Mint Green', 'Black Coral', 'Spanish Carmine', 'Big Dip O’ruby', 'Royal Red', 'Mint Cream', 'Cobalt Blue'])
15:46:27| 15:46:25: ('Winner', ['Brink Pink', 'Rose Quartz', 'Middle Green Yellow', 'Pastel Blue', 'Almond', 'Orange Soda', 'Sage'])
15:46:27| 15:46:25: ('Winner', ['Tuscan Brown', 'Terra Cotta', 'Candy Pink', 'Light Orange', 'Mango Tango', 'Golden Yellow', 'Cobalt Blue'])
15:46:27| 15:46:25: ('5-Star', ['Brown', 'Maximum Purple', 'Sheen Green', 'La Salle Green', 'La Salle Green', 'Pastel Blue', 'Antique Brass'])
15:46:27| 15:46:25: ('Hercules', ['Brink Pink', 'Platinum', 'Russian Violet', 'Auburn', 'Maximum Purple', 'Fiery Rose', 'Orange Soda'])
15:46:27| 15:46:25: ('Spinner', ['Light Orchid', 'Middle Red Purple', 'Light Orchid', 'Big Dip O’ruby', 'Beaver', 'Beaver', 'Mint Green'])
15:46:27| 15:46:25: ('Sure Shot', ['Isabelline', 'Russian Green', 'Mode Beige', 'Dark Fuchsia', 'Duke Blue', 'Middle Red Purple', 'Beaver'])
15:46:27| 15:46:25: ('Spinner', ['Orange Peel', 'Almond', 'Neon Pink', 'Purple Plum', 'Gold', 'Neon Silver', 'Tuscan Brown'])
15:46:27| 15:46:26: ('Lucky', ['Emerald', 'Slate Blue', 'Chinese Red', 'Maximum Blue', 'Purple Plum', 'Brown', 'Brink Pink'])
15:46:27| 15:46:26: ('Hercules', ['Ruby', 'Slate Blue', 'Cotton Candy', 'Ivory', 'Middle Red Purple', 'Mulberry', 'Lumber'])
15:46:27| 15:46:26: ('Winner', ['Granny Smith Apple', 'Beaver', 'Shandy', 'Emerald', 'Icterine', 'Antique Brass', 'Pastel Blue'])
15:46:27| 15:46:26: ('Hercules', ['Sage', 'Lumber', 'Lemon Lime', 'Thulian Pink', 'Pale Taupe', 'Stop Red', 'Thulian Pink'])
15:46:27| 15:46:26: ('Spinner', ['Vegas Gold', 'Pale Goldenrod', 'Green', 'Shandy', 'Blue', 'Platinum', 'Auburn'])
15:46:27| 15:46:26: ('Zeus', ['Venetian Red', 'Royal Red', 'Middle Green', 'Dark Moss Green', 'Mint Cream', 'Rose Dust', 'Ivory'])
15:46:27| 15:46:26: ('Apollo', ['Royal Blue', 'Bistre Brown', 'Tuscan Brown', 'Spanish Pink', 'Lavender Blue', 'Icterine', 'Neon Dark Green'])
15:46:27| 15:46:26: ('Hercules', ['Thulian Pink', 'Antique Brass', 'Lavender Blue', 'Pale Taupe', 'White Smoke', 'Pale Plum', 'Granny Smith Apple'])
15:46:27| 15:46:26: ('Apollo', ['Light Orange', 'Orange Soda', 'Blue', 'Orange Peel', 'Sheen Green', 'Golden Yellow', 'Venetian Red'])
15:46:27| 15:46:26: ('5-Star', ['Lavender Blue', 'Spanish Pink', 'Arylide Yellow', 'Blue Bell', 'Royal Blue', 'Bistre Brown', 'Pastel Blue'])
15:46:27| 15:46:26: ('Lucky', ['Spanish Orange', 'Antique Bronze', 'Indigo', 'Beaver', 'Sage', 'Sage', 'Duke Blue'])
15:46:27| 15:46:26: ('Winner', ['Lumber', 'Blue Bell', 'Maximum Blue', 'Rose Quartz', 'Orange Soda', 'Slate Blue', 'Russian Violet'])
15:46:27| 15:46:26: ('5-Star', ['Pale Plum', 'Fiery Rose', 'Pale Plum', 'Royal Blue', 'Orange Soda', 'Cotton Candy', 'Arylide Yellow'])
15:46:27| 15:46:27: ('Spinner', ['Royal Red', 'Blue Bell', 'Rose Quartz', 'Thulian Pink', 'Silver Chalice', 'Russian Violet', 'Royal Blue'])
15:46:27| 15:46:27: ('Spinner', ['Safety Yellow', 'Mulberry', 'Terra Cotta', 'Honeydew', 'Orange Soda', 'Lilac Luster', 'Mint Cream'])
15:46:27| 15:46:27: ('Spinner', ['Purple', 'Purple', 'Pastel Blue', 'Spanish Orange', 'Indigo', 'Royal Orange', 'Purple'])
15:46:27| 15:46:27: ('Spinner', ['Dark Moss Green', 'Duke Blue', 'Blue', 'Lemon Lime', 'Dark Moss Green', 'Antique Bronze'])
15:46:27| Number of gifts created: 143
