15:20:24| Marble count     = 1000
15:20:24| Marble delay     = 0.01
15:20:24| Marbles in a bag = 7
15:20:24| Bagger delay     = 0.05
15:20:24| Assembler delay  = 0.05
15:20:24| Wrapper delay    = 0.05
15:20:24| Create the processes
15:20:24| Starting the processes
15:20:24| Waiting for processes to finish
15:20:35| Contents of boxes.txt
15:20:35| 15:20:24: ('Spinner', ['Royal Orange', 'Sheen Green', 'Mint Green', 'Safety Yellow', 'Beaver', 'Icterine', 'Mimi Pink'])
15:20:35| 15:20:25: ('Zeus', ['Pale Cerulean', 'Emerald', 'Gold', 'Orange Peel', 'Granny Smith Apple', 'Arylide Yellow', 'Pastel Gray'])
15:20:35| 15:20:25: ('Apollo', ['Purple', 'Spanish Pink', 'Isabelline', 'Spanish Pink', 'Sage', 'Cobalt Blue', 'Thulian Pink'])
15:20:35| 15:20:25: ('Apollo', ['Arylide Yellow', 'Dark Fuchsia', 'Silver Pink', 'Sheen Green', 'Spanish Pink', 'Lumber', 'Dark Moss Green'])
15:20:35| 15:20:25: ('5-Star', ['Spanish Orange', 'Royal Orange', 'Honeydew', 'Brink Pink', 'Maximum Purple', 'Cobalt Blue', 'Orange Peel'])
15:20:35| 15:20:25: ('Apollo', ['Middle Green Yellow', 'Mango Tango', 'Maximum Blue', 'Maximum Purple', 'Purple Plum', 'Black Coral', 'Brown'])
15:20:35| 15:20:25: ('Zeus', ['Auburn', 'Brink Pink', 'Antique Bronze', 'Indigo', 'Maximum Violet', 'Russian Violet', 'Vegas Gold'])
15:20:35| 15:20:25: ('Zeus', ['Chinese Red', 'Chinese Red', 'Pastel Gray', 'Fiery Rose', 'Pale Taupe', 'Lemon Lime', 'Isabelline'])
15:20:35| 15:20:25: ('Sure Shot', ['Brown', 'Brown', 'Fiery Rose', 'Mulberry', 'Maximum Violet', 'Orange Soda', 'White Smoke'])
15:20:35| 15:20:25: ('Winner', ['Mint Cream', 'Rose Quartz', 'Lumber', 'Rose Quartz', 'Middle Red Purple', 'Pale Goldenrod', 'Rose Dust'])
15:20:35| 15:20:25: ('Hercules', ['Antique Bronze', 'Orange Peel', 'Orange Soda', 'Mimi Pink', 'Emerald', 'Platinum', 'Middle Green'])
15:20:35| 15:20:25: ('Winner', ['Mulberry', 'Purple Plum', 'Neon Pink', 'Purple Plum', 'Safety Yellow', 'Blue', 'Mint Green'])
15:20:35| 15:20:25: ('5-Star', ['Brown', 'Orange Soda', 'Pale Goldenrod', 'Golden Yellow', 'Sage', 'Mango Tango', 'Middle Red Purple'])
15:20:35| 15:20:25: ('Sure Shot', ['Gold', 'Chinese Red', 'Blue Bell', 'Lemon Lime', 'Emerald', 'Spanish Carmine', 'Mulberry'])
15:20:35| 15:20:25: ('Zeus', ['Purple Plum', 'Spanish Carmine', 'White Smoke', 'Honeydew', 'Zomp', 'Mulberry', 'Blue-Green'])
15:20:35| 15:20:26: ('Spinner', ['Black Coral', 'Brink Pink', 'Fiery Rose', 'Pastel Gray', 'Spanish Orange', 'Isabelline', 'Sheen Green'])
15:20:35| 15:20:26: ('Apollo', ['Sage', 'Dark Fuchsia', 'La Salle Green', 'Sage', 'Pale Goldenrod', 'Bistre Brown', 'Chinese Red'])
15:20:35| 15:20:26: ('Hercules', ['Eerie Black', 'Gold', 'Spanish Orange', 'Mulberry', 'Mimi Pink', 'Big Dip O’ruby', 'Light Orange'])
15:20:35| 15:20:26: ('Winner', ['Isabelline', 'Pale Taupe', 'Fiery Rose', 'Antique Brass', 'Cotton Candy', 'Candy Pink', 'Orange Soda'])
15:20:35| 15:20:26: ('Apollo', ['Venetian Red', 'Silver Chalice', 'Spanish Pink', 'Arylide Yellow', 'Orange Soda', 'La Salle Green', 'Fiery Rose'])
15:20:35| 15:20:26: ('Sure Shot', ['Maximum Purple', 'Lavender Purple', 'Lumber', 'Arylide Yellow', 'Mint Green', 'Safety Yellow', 'Ruby'])
15:20:35| 15:20:26: ('5-Star', ['Lavender Purple', 'Antique Brass', 'Middle Red Purple', 'Lemon Lime', 'Venetian Red', 'Maximum Blue', 'Beaver'])
15:20:35| 15:20:26: ('Lucky', ['Zomp', 'Maximum Blue', 'Neon Silver', 'Brink Pink', 'Dark Fuchsia', 'Lemon Lime', 'Brown'])
15:20:35| 15:20:26: ('Hercules', ['Royal Blue', 'Blue', 'Neon Silver', 'Royal Red', 'Neon Pink', 'Fiery Rose', 'Arylide Yellow'])
15:20:35| 15:20:26: ('Zeus', ['Cobalt Blue', 'Ruby', 'Maximum Violet', 'Pastel Gray', 'Middle Green Yellow', 'Royal Orange', 'Mimi Pink'])
15:20:35| 15:20:26: ('Winner', ['Purple Plum', 'Brown', 'Mint Cream', 'Neon Silver', 'Indigo', 'Almond', 'Fiery Rose'])
15:20:35| 15:20:26: ('Apollo', ['Slate Blue', 'Purple', 'Russian Green', 'Antique Brass', 'Neon Silver', 'Ruby', 'Rose Dust'])
15:20:35| 15:20:26: ('Spinner', ['Blue Bell', 'Venetian Red', 'Spanish Orange', 'Pastel Gray', 'Liver Chestnut', 'Brown', 'Mulberry'])
15:20:35| 15:20:27: ('Sure Shot', ['Gold', 'Pale Cerulean', 'Pale Cerulean', 'Honeydew', 'Green', 'Light Orchid', 'Icterine'])
15:20:35| 15:20:27: ('Winner', ['Emerald', 'Ivory', 'Liver Chestnut', 'Purple Plum', 'Purple', 'Maximum Violet', 'Ruby'])
15:20:35| 15:20:27: ('Lucky', ['Lilac Luster', 'Eerie Black', 'Rose Quartz', 'Terra Cotta', 'Mulberry', 'Shandy', 'Orange Soda'])
15:20:35| 15:20:27: ('Hercules', ['Icterine', 'Liver Chestnut', 'Lavender Purple', 'Maximum Blue', 'Neon Pink', 'Lavender Purple', 'Ivory'])
15:20:35| 15:20:27: ('Spinner', ['Mimi Pink', 'Green', 'Tuscan Brown', 'Honeydew', 'Stop Red', 'Pastel Gray', 'Lilac Luster'])
15:20:35| 15:20:27: ('5-Star', ['Vegas Gold', 'Venetian Red', 'Mode Beige', 'Middle Green Yellow', 'Russian Violet', 'Pale Goldenrod', 'Dark Moss Green'])
15:20:35| 15:20:27: ('Lucky', ['Silver Pink', 'Neon Dark Green', 'Platinum', 'Candy Pink', 'Antique Bronze', 'Eerie Black', 'Mint Green'])
15:20:35| 15:20:27: ('Spinner', ['Dark Moss Green', 'Almond', 'Beaver', 'Cobalt Blue', 'La Salle Green', 'Antique Brass', 'Antique Bronze'])
15:20:35| 15:20:27: ('Spinner', ['Lumber', 'Outrageous Orange', 'Green', 'Orange Peel', 'Black Coral', 'Silver Pink', 'Green'])
15:20:35| 15:20:27: ('5-Star', ['Stop Red', 'Antique Brass', 'Brink Pink', 'Blue-Green', 'Light Orchid', 'Mulberry', 'Blue-Green'])
15:20:35| 15:20:27: ('Spinner', ['Pastel Gray', 'Purple Plum', 'Gold', 'La Salle Green', 'Dark Fuchsia', 'La Salle Green', 'Mango Tango'])
15:20:35| 15:20:27: ('Spinner', ['Zomp', 'Beaver', 'Vegas Gold', 'Emerald', 'Neon Dark Green', 'Light Orchid', 'Pastel Blue'])
15:20:35| 15:20:27: ('Sure Shot', ['Stop Red', 'Light Orange', 'Silver Chalice', 'Royal Red', 'Icterine', 'Orange Peel', 'Platinum'])
15:20:35| 15:20:28: ('Sure Shot', ['Maximum Violet', 'Beaver', 'Lilac Luster', 'Green', 'Cotton Candy', 'Middle Red Purple', 'Pastel Gray'])
15:20:35| 15:20:28: ('Big Joe', ['Slate Blue', 'Platinum', 'Orange Peel', 'Liver Chestnut', 'Mango Tango', 'Candy Pink', 'Lumber'])
15:20:35| 15:20:28: ('Sure Shot', ['Russian Green', 'Eerie Black', 'Icterine', 'Candy Pink', 'Bistre Brown', 'Orange Soda', 'Middle Red Purple'])
15:20:35| 15:20:28: ('Big Joe', ['Pale Cerulean', 'Bistre Brown', 'Liver Chestnut', 'Blue Bell', 'Chinese Red', 'Pale Taupe', 'Mode Beige'])
15:20:35| 15:20:28: ('Zeus', ['Mode Beige', 'Mango Tango', 'Maximum Violet', 'Arylide Yellow', 'Orange Soda', 'Rose Dust', 'Blue'])
15:20:35| 15:20:28: ('Big Joe', ['Mint Cream', 'Spanish Orange', 'Pale Goldenrod', 'Spanish Pink', 'Bistre Brown', 'Outrageous Orange', 'Middle Red Purple'])
15:20:35| 15:20:28: ('5-Star', ['Royal Red', 'Golden Yellow', 'Blue Bell', 'Beaver', 'Fiery Rose', 'Neon Pink', 'Maximum Purple'])
15:20:35| 15:20:28: ('Sure Shot', ['Bistre Brown', 'Orange Soda', 'Silver Chalice', 'Brink Pink', 'Purple Plum', 'Mint Green', 'Middle Green'])
15:20:35| 15:20:28: ('5-Star', ['Light Orange', 'Shandy', 'Maximum Blue', 'Rose Dust', 'Isabelline', 'Purple', 'Thulian Pink'])
15:20:35| 15:20:28: ('Lucky', ['Maximum Purple', 'Mango Tango', 'Golden Yellow', 'Neon Silver', 'Spanish Orange', 'Big Dip O’ruby', 'Orange Soda'])
15:20:35| 15:20:28: ('Hercules', ['Candy Pink', 'La Salle Green', 'Mimi Pink', 'Neon Pink', 'Big Dip O’ruby', 'La Salle Green', 'Brown'])
15:20:35| 15:20:28: ('Sure Shot', ['Mode Beige', 'Zomp', 'Platinum', 'Brink Pink', 'Middle Green', 'Dark Fuchsia', 'Spanish Orange'])
15:20:35| 15:20:28: ('Big Joe', ['Thulian Pink', 'Isabelline', 'Granny Smith Apple', 'Russian Green', 'Lavender Purple', 'Rose Dust', 'Pale Taupe'])
15:20:35| 15:20:29: ('Hercules', ['Maximum Purple', 'Arylide Yellow', 'Green', 'Mulberry', 'Outrageous Orange', 'Rose Quartz', 'Silver Pink'])
15:20:35| 15:20:29: ('Big Joe', ['Black Coral', 'Stop Red', 'Mint Cream', 'Mimi Pink', 'Orange Soda', 'Tuscan Brown', 'Neon Dark Green'])
15:20:35| 15:20:29: ('Hercules', ['Spanish Orange', 'Zomp', 'Gold', 'Neon Pink', 'Almond', 'Maximum Purple', 'Stop Red'])
15:20:35| 15:20:29: ('Spinner', ['Tuscan Brown', 'Antique Bronze', 'Royal Red', 'Orange Peel', 'Purple', 'Fiery Rose', 'Mimi Pink'])
15:20:35| 15:20:29: ('Sure Shot', ['Terra Cotta', 'Maximum Purple', 'Blue Bell', 'Chinese Red', 'Honeydew', 'Spanish Carmine', 'Rose Dust'])
15:20:35| 15:20:29: ('Sure Shot', ['Auburn', 'Blue-Green', 'Pale Goldenrod', 'Light Orchid', 'Auburn', 'Pale Taupe', 'Safety Yellow'])
15:20:35| 15:20:29: ('Lucky', ['Arylide Yellow', 'Auburn', 'Mode Beige', 'Liver Chestnut', 'Candy Pink', 'Lemon Lime', 'Pale Cerulean'])
15:20:35| 15:20:29: ('Big Joe', ['Blue-Green', 'Cotton Candy', 'Pale Cerulean', 'Orange Soda', 'Honeydew', 'Shandy', 'Spanish Pink'])
15:20:35| 15:20:29: ('Apollo', ['Pastel Gray', 'Maximum Purple', 'Silver Chalice', 'Tuscan Brown', 'Maximum Purple', 'Fiery Rose', 'Middle Red Purple'])
15:20:35| 15:20:29: ('Sure Shot', ['Purple Plum', 'Gold', 'Cobalt Blue', 'Green', 'Lavender Purple', 'White Smoke', 'Lumber'])
15:20:35| 15:20:29: ('Big Joe', ['Purple Plum', 'Pastel Blue', 'Icterine', 'Mode Beige', 'Big Dip O’ruby', 'Zomp', 'Gold'])
15:20:35| 15:20:29: ('Zeus', ['Ruby', 'Arylide Yellow', 'Liver Chestnut', 'Lavender Blue', 'Silver Chalice', 'Platinum', 'Chinese Red'])
15:20:35| 15:20:29: ('Spinner', ['Terra Cotta', 'Maximum Blue', 'Sheen Green', 'Brown', 'Silver Pink', 'Lavender Purple', 'Russian Violet'])
15:20:35| 15:20:29: ('Zeus', ['Pale Goldenrod', 'Dark Moss Green', 'Rose Quartz', 'Gold', 'Maximum Purple', 'Russian Green', 'Ruby'])
15:20:35| 15:20:30: ('Big Joe', ['Big Dip O’ruby', 'Maximum Purple', 'Mango Tango', 'Green', 'Platinum', 'Mimi Pink', 'Pale Taupe'])
15:20:35| 15:20:30: ('Hercules', ['Light Orange', 'Stop Red', 'Honeydew', 'Light Orchid', 'Russian Green', 'Slate Blue', 'Pastel Gray'])
15:20:35| 15:20:30: ('Lucky', ['Slate Blue', 'Slate Blue', 'Zomp', 'Thulian Pink', 'Lemon Lime', 'Spanish Pink', 'Sage'])
15:20:35| 15:20:30: ('Winner', ['Liver Chestnut', 'Russian Green', 'Neon Silver', 'Mint Cream', 'Bistre Brown', 'Shandy', 'Auburn'])
15:20:35| 15:20:30: ('Spinner', ['Mimi Pink', 'Russian Violet', 'Isabelline', 'Golden Yellow', 'Granny Smith Apple', 'Russian Green', 'Dark Moss Green'])
15:20:35| 15:20:30: ('Big Joe', ['Lilac Luster', 'Lemon Lime', 'Indigo', 'Spanish Orange', 'Russian Violet', 'Black Coral', 'Lumber'])
15:20:35| 15:20:30: ('Apollo', ['Russian Green', 'Cotton Candy', 'Thulian Pink', 'Orange Peel', 'Light Orchid', 'Brown', 'Sheen Green'])
15:20:35| 15:20:30: ('Sure Shot', ['Green', 'Terra Cotta', 'Russian Violet', 'Emerald', 'Eerie Black', 'Pastel Blue', 'Liver Chestnut'])
15:20:35| 15:20:30: ('Lucky', ['Honeydew', 'Orange Soda', 'Purple', 'White Smoke', 'Lavender Purple', 'Sheen Green', 'Spanish Orange'])
15:20:35| 15:20:30: ('Spinner', ['Royal Blue', 'Orange Soda', 'Almond', 'Russian Violet', 'Dark Moss Green', 'Vegas Gold', 'Silver Chalice'])
15:20:35| 15:20:30: ('5-Star', ['Spanish Pink', 'Safety Yellow', 'Royal Red', 'Orange Soda', 'Middle Green Yellow', 'Zomp', 'Rose Quartz'])
15:20:35| 15:20:30: ('5-Star', ['Blue-Green', 'Mimi Pink', 'Big Dip O’ruby', 'Blue Bell', 'Russian Violet', 'Brown', 'Neon Dark Green'])
15:20:35| 15:20:30: ('Spinner', ['Russian Green', 'Blue Bell', 'Tuscan Brown', 'Orange Soda', 'Pale Goldenrod', 'Orange Soda', 'Auburn'])
15:20:35| 15:20:31: ('5-Star', ['Antique Bronze', 'Orange Soda', 'Vegas Gold', 'Granny Smith Apple', 'Orange Peel', 'Pale Cerulean', 'Stop Red'])
15:20:35| 15:20:31: ('Lucky', ['Blue', 'Silver Pink', 'Lumber', 'Royal Orange', 'Spanish Carmine', 'Rose Dust', 'Blue-Green'])
15:20:35| 15:20:31: ('Hercules', ['Green', 'Orange Soda', 'Pastel Gray', 'Pastel Gray', 'Icterine', 'Auburn', 'Safety Yellow'])
15:20:35| 15:20:31: ('Hercules', ['Auburn', 'Ivory', 'Silver Chalice', 'Antique Bronze', 'Russian Violet', 'Silver Pink', 'Spanish Orange'])
15:20:35| 15:20:31: ('Apollo', ['Spanish Pink', 'Middle Green Yellow', 'Light Orange', 'Lavender Purple', 'Stop Red', 'Almond', 'Ivory'])
15:20:35| 15:20:31: ('Sure Shot', ['Neon Dark Green', 'Light Orchid', 'Brown', 'Eerie Black', 'Safety Yellow', 'Neon Silver', 'Candy Pink'])
15:20:35| 15:20:31: ('Sure Shot', ['Granny Smith Apple', 'Granny Smith Apple', 'Vegas Gold', 'Cobalt Blue', 'Royal Red', 'Light Orange', 'Spanish Pink'])
15:20:35| 15:20:31: ('Lucky', ['Sheen Green', 'Platinum', 'Blue-Green', 'Spanish Pink', 'Indigo', 'Neon Pink', 'Granny Smith Apple'])
15:20:35| 15:20:31: ('Winner', ['Dark Moss Green', 'Pastel Gray', 'Rose Quartz', 'Mint Green', 'Isabelline', 'Granny Smith Apple', 'Royal Orange'])
15:20:35| 15:20:31: ('Hercules', ['Silver Chalice', 'Purple', 'Lavender Blue', 'Venetian Red', 'Spanish Pink', 'Mango Tango', 'Spanish Orange'])
15:20:35| 15:20:31: ('Winner', ['Brown', 'Mint Cream', 'Antique Brass', 'Icterine', 'Golden Yellow', 'La Salle Green', 'Sage'])
15:20:35| 15:20:31: ('Hercules', ['Pale Plum', 'Gold', 'Ruby', 'Silver Pink', 'Ivory', 'Lemon Lime', 'Golden Yellow'])
15:20:35| 15:20:31: ('5-Star', ['Blue Bell', 'Sage', 'Dark Moss Green', 'Green', 'Orange Soda', 'Middle Red Purple', 'White Smoke'])
15:20:35| 15:20:31: ('Sure Shot', ['Sage', 'Almond', 'Brown', 'Pale Taupe', 'Neon Silver', 'Terra Cotta', 'Auburn'])
15:20:35| 15:20:32: ('Winner', ['Pale Plum', 'Cobalt Blue', 'Orange Soda', 'Purple', 'Eerie Black', 'Liver Chestnut', 'Brink Pink'])
15:20:35| 15:20:32: ('Zeus', ['Pale Plum', 'Middle Red Purple', 'Middle Red Purple', 'Big Dip O’ruby', 'Maximum Blue', 'Pastel Gray', 'Mango Tango'])
15:20:35| 15:20:32: ('5-Star', ['Royal Orange', 'Icterine', 'Middle Green Yellow', 'Silver Chalice', 'Zomp', 'Middle Green', 'Auburn'])
15:20:35| 15:20:32: ('Sure Shot', ['White Smoke', 'Cobalt Blue', 'White Smoke', 'Purple Plum', 'Dark Moss Green', 'White Smoke', 'Spanish Carmine'])
15:20:35| 15:20:32: ('Lucky', ['Black Coral', 'Russian Green', 'Fiery Rose', 'Blue', 'Royal Blue', 'Safety Yellow', 'Auburn'])
15:20:35| 15:20:32: ('5-Star', ['Maximum Violet', 'Vegas Gold', 'Rose Quartz', 'Middle Green', 'Granny Smith Apple', 'Lumber', 'Purple Plum'])
15:20:35| 15:20:32: ('Winner', ['Granny Smith Apple', 'Light Orange', 'Neon Pink', 'Brown', 'Liver Chestnut', 'Beaver', 'Liver Chestnut'])
15:20:35| 15:20:32: ('Big Joe', ['Mint Cream', 'Lemon Lime', 'Slate Blue', 'Mint Cream', 'Rose Quartz', 'Auburn', 'Rose Quartz'])
15:20:35| 15:20:32: ('Spinner', ['Blue Bell', 'Maximum Purple', 'Stop Red', 'Sheen Green', 'Fiery Rose', 'White Smoke', 'Mint Green'])
15:20:35| 15:20:32: ('Hercules', ['Pale Taupe', 'Mode Beige', 'Pale Cerulean', 'Auburn', 'Almond', 'Rose Quartz', 'Russian Violet'])
15:20:35| 15:20:32: ('5-Star', ['Lavender Purple', 'Light Orchid', 'Lumber', 'Bistre Brown', 'Green', 'Lumber', 'Eerie Black'])
15:20:35| 15:20:32: ('Apollo', ['Mint Cream', 'Middle Green', 'Lemon Lime', 'Silver Pink', 'Ruby', 'Maximum Violet', 'Big Dip O’ruby'])
15:20:35| 15:20:32: ('Spinner', ['Silver Chalice', 'Blue', 'Mint Cream', 'Maximum Purple', 'Sage', 'Fiery Rose', 'Beaver'])
15:20:35| 15:20:33: ('Hercules', ['Auburn', 'Candy Pink', 'Middle Green Yellow', 'Spanish Carmine', 'Pastel Blue', 'Vegas Gold', 'Neon Pink'])
15:20:35| 15:20:33: ('Hercules', ['Russian Green', 'Honeydew', 'Slate Blue', 'Terra Cotta', 'Indigo', 'Antique Bronze', 'Lemon Lime'])
15:20:35| 15:20:33: ('Sure Shot', ['Sheen Green', 'Silver Pink', 'Mimi Pink', 'Mulberry', 'Fiery Rose', 'Antique Bronze', 'Russian Green'])
15:20:35| 15:20:33: ('Big Joe', ['Isabelline', 'Emerald', 'Lemon Lime', 'Royal Red', 'Blue', 'White Smoke', 'Beaver'])
15:20:35| 15:20:33: ('Big Joe', ['Zomp', 'Granny Smith Apple', 'Arylide Yellow', 'Dark Moss Green', 'Icterine', 'Lumber', 'Honeydew'])
15:20:35| 15:20:33: ('Hercules', ['Orange Soda', 'Beaver', 'Rose Quartz', 'Light Orange', 'Russian Violet', 'Ivory', 'Fiery Rose'])
15:20:35| 15:20:33: ('Spinner', ['Cotton Candy', 'Gold', 'Zomp', 'Pastel Blue', 'Dark Moss Green', 'Lilac Luster', 'Mango Tango'])
15:20:35| 15:20:33: ('Sure Shot', ['Purple', 'Thulian Pink', 'Spanish Carmine', 'Black Coral', 'Pastel Gray', 'Blue-Green', 'Zomp'])
15:20:35| 15:20:33: ('Apollo', ['Lemon Lime', 'Candy Pink', 'Fiery Rose', 'Zomp', 'Rose Dust', 'Venetian Red', 'Candy Pink'])
15:20:35| 15:20:33: ('Hercules', ['Brown', 'Platinum', 'Maximum Blue', 'Rose Dust', 'Pale Plum', 'Silver Chalice', 'Pale Cerulean'])
15:20:35| 15:20:33: ('Lucky', ['Pastel Gray', 'Neon Pink', 'Middle Green', 'Brink Pink', 'Isabelline', 'Candy Pink', 'Mulberry'])
15:20:35| 15:20:33: ('Zeus', ['Cotton Candy', 'Tuscan Brown', 'Ivory', 'Thulian Pink', 'Arylide Yellow', 'Lumber', 'Middle Green Yellow'])
15:20:35| 15:20:33: ('Lucky', ['Mango Tango', 'Orange Peel', 'Lumber', 'Royal Blue', 'Ivory', 'Blue Bell', 'Neon Silver'])
15:20:35| 15:20:34: ('Zeus', ['Liver Chestnut', 'Isabelline', 'Platinum', 'Safety Yellow', 'Safety Yellow', 'Sage', 'Middle Green'])
15:20:35| 15:20:34: ('Big Joe', ['Golden Yellow', 'Mint Green', 'Gold', 'Neon Pink', 'Royal Blue', 'Auburn', 'Blue Bell'])
15:20:35| 15:20:34: ('Zeus', ['Blue Bell', 'Dark Fuchsia', 'Pale Goldenrod', 'Maximum Purple', 'Royal Red', 'Mint Cream', 'Spanish Carmine'])
15:20:35| 15:20:34: ('5-Star', ['Golden Yellow', 'Pale Goldenrod', 'Big Dip O’ruby', 'Outrageous Orange', 'Venetian Red', 'Spanish Pink', 'Shandy'])
15:20:35| 15:20:34: ('Spinner', ['Rose Dust', 'Ivory', 'Purple', 'Pale Taupe', 'Zomp', 'Silver Pink', 'Pale Taupe'])
15:20:35| 15:20:34: ('Big Joe', ['Lemon Lime', 'Almond', 'Mint Cream', 'Maximum Blue', 'Purple Plum', 'Emerald', 'La Salle Green'])
15:20:35| 15:20:34: ('5-Star', ['Green', 'Lemon Lime', 'Gold', 'Antique Bronze', 'Gold', 'White Smoke', 'Orange Peel'])
15:20:35| 15:20:34: ('5-Star', ['Pastel Blue', 'Light Orchid', 'Neon Silver', 'Light Orange', 'Lilac Luster', 'Big Dip O’ruby', 'Neon Pink'])
15:20:35| 15:20:34: ('Zeus', ['Pastel Blue', 'Tuscan Brown', 'Vegas Gold', 'Fiery Rose', 'Pale Taupe', 'Emerald', 'Bistre Brown'])
15:20:35| 15:20:34: ('5-Star', ['Neon Pink', 'Gold', 'Middle Green Yellow', 'Stop Red', 'Maximum Violet', 'Mode Beige', 'Brown'])
15:20:35| 15:20:34: ('5-Star', ['Pale Plum', 'Neon Pink', 'Silver Pink', 'Thulian Pink', 'Neon Silver', 'Safety Yellow', 'Big Dip O’ruby'])
15:20:35| 15:20:34: ('Spinner', ['Silver Chalice', 'Chinese Red', 'Purple Plum', 'Shandy', 'Antique Brass', 'Neon Dark Green', 'Neon Dark Green'])
15:20:35| 15:20:34: ('Hercules', ['Beaver', 'Russian Green', 'Cotton Candy', 'Maximum Violet', 'Rose Quartz', 'Dark Moss Green', 'Bistre Brown'])
15:20:35| 15:20:34: ('Zeus', ['Gold', 'Orange Soda', 'Black Coral', 'Middle Green', 'Mint Cream', 'Beaver', 'Pastel Gray'])
15:20:35| 15:20:35: ('Zeus', ['Silver Pink', 'Mulberry', 'Ivory', 'Neon Silver', 'Lavender Blue', 'Lemon Lime', 'Big Dip O’ruby'])
15:20:35| 15:20:35: ('Sure Shot', ['Terra Cotta', 'Lumber', 'Pale Plum', 'Middle Red Purple', 'Purple', 'Almond', 'Pale Cerulean'])
15:20:35| 15:20:35: ('Big Joe', ['Arylide Yellow', 'Terra Cotta', 'Middle Green Yellow', 'Antique Brass', 'Big Dip O’ruby', 'Russian Green', 'Russian Green'])
15:20:35| 15:20:35: ('Zeus', ['Icterine', 'Orange Soda', 'Orange Soda', 'Purple Plum', 'Gold', 'Vegas Gold', 'Pale Taupe'])
15:20:35| 15:20:35: ('Hercules', ['Arylide Yellow', 'Thulian Pink', 'Cobalt Blue', 'Terra Cotta', 'Brink Pink', 'Cotton Candy', 'Green'])
15:20:35| 15:20:35: ('5-Star', ['Spanish Pink', 'Russian Green', 'Big Dip O’ruby', 'Orange Soda', 'Thulian Pink', 'Rose Quartz', 'Icterine'])
15:20:35| 15:20:35: ('Lucky', ['Pale Cerulean', 'Pale Goldenrod', 'Mint Cream', 'Eerie Black', 'Gold', 'Lilac Luster', 'Cobalt Blue'])
15:20:35| 15:20:35: ('Big Joe', ['Blue', 'Bistre Brown', 'Blue-Green', 'Ivory', 'Candy Pink', 'Mint Cream'])
15:20:35| Number of gifts created: 143
