15:50:08| Marble count     = 1000
15:50:08| Marble delay     = 0.01
15:50:08| Marbles in a bag = 7
15:50:08| Bagger delay     = 0.05
15:50:08| Assembler delay  = 0.05
15:50:08| Wrapper delay    = 0.05
15:50:08| Create the processes
15:50:08| Starting the processes
15:50:08| Waiting for processes to finish
15:50:19| Contents of boxes.txt
15:50:19| Created - 15:50:08.906984: Large marble: Apollo, marbles: ['Sage', 'Russian Violet', 'Gold', 'Liver Chestnut', 'Silver Pink', 'Blue Bell', 'Blue Bell']
15:50:19| Created - 15:50:08.980339: Large marble: Hercules, marbles: ['Venetian Red', 'Icterine', 'Green', 'Zomp', 'Liver Chestnut', 'Black Coral', 'Arylide Yellow']
15:50:19| Created - 15:50:09.053785: Large marble: Sure Shot, marbles: ['Lavender Blue', 'Emerald', 'Cotton Candy', 'Purple Plum', 'Spanish Pink', 'Chinese Red', 'Eerie Black']
15:50:19| Created - 15:50:09.126870: Large marble: Spinner, marbles: ['Blue', 'Purple', 'Pale Taupe', 'Lilac Luster', 'Pale Taupe', 'Isabelline', 'Blue Bell']
15:50:19| Created - 15:50:09.201695: Large marble: Zeus, marbles: ['Slate Blue', 'Chinese Red', 'Auburn', 'Brink Pink', 'Liver Chestnut', 'Candy Pink', 'Middle Red Purple']
15:50:19| Created - 15:50:09.276272: Large marble: Spinner, marbles: ['Light Orange', 'Terra Cotta', 'Emerald', 'Fiery Rose', 'Pastel Gray', 'Outrageous Orange', 'Pastel Blue']
15:50:19| Created - 15:50:09.349934: Large marble: Lucky, marbles: ['Stop Red', 'Sage', 'Candy Pink', 'Lavender Blue', 'Neon Silver', 'Zomp', 'Lavender Blue']
15:50:19| Created - 15:50:09.423711: Large marble: Winner, marbles: ['Isabelline', 'Gold', 'Beaver', 'Neon Pink', 'Auburn', 'Green', 'Russian Green']
15:50:19| Created - 15:50:09.497439: Large marble: Apollo, marbles: ['Middle Green', 'Orange Soda', 'Vegas Gold', 'Royal Blue', 'Cotton Candy', 'Purple Plum', 'Russian Violet']
15:50:19| Created - 15:50:09.570202: Large marble: Apollo, marbles: ['Antique Brass', 'Silver Pink', 'Pastel Gray', 'Pale Goldenrod', 'Dark Moss Green', 'Ivory', 'Granny Smith Apple']
15:50:19| Created - 15:50:09.644506: Large marble: Big Joe, marbles: ['Spanish Orange', 'Neon Pink', 'Silver Pink', 'Antique Brass', 'Gold', 'Light Orchid', 'Orange Soda']
15:50:19| Created - 15:50:09.748540: Large marble: Zeus, marbles: ['Big Dip O’ruby', 'Mulberry', 'Liver Chestnut', 'Dark Fuchsia', 'Venetian Red', 'Orange Peel', 'Dark Moss Green']
15:50:19| Created - 15:50:09.822590: Large marble: Lucky, marbles: ['Shandy', 'Dark Moss Green', 'Spanish Pink', 'Platinum', 'Big Dip O’ruby', 'Fiery Rose', 'Safety Yellow']
15:50:19| Created - 15:50:09.896226: Large marble: Sure Shot, marbles: ['Orange Soda', 'Cotton Candy', 'Royal Blue', 'Vegas Gold', 'Lumber', 'Chinese Red', 'Beaver']
15:50:19| Created - 15:50:09.969415: Large marble: 5-Star, marbles: ['Middle Green', 'Silver Pink', 'Orange Soda', 'Isabelline', 'Middle Green', 'Pale Taupe', 'Brown']
15:50:19| Created - 15:50:10.042801: Large marble: Apollo, marbles: ['Almond', 'Granny Smith Apple', 'Middle Green', 'Emerald', 'Silver Pink', 'Royal Blue', 'Purple']
15:50:19| Created - 15:50:10.115904: Large marble: 5-Star, marbles: ['Lumber', 'Indigo', 'Outrageous Orange', 'Auburn', 'Mimi Pink', 'Cobalt Blue', 'Neon Dark Green']
15:50:19| Created - 15:50:10.188662: Large marble: Sure Shot, marbles: ['Gold', 'Thulian Pink', 'Blue', 'Royal Orange', 'Sage', 'Dark Fuchsia', 'Silver Pink']
15:50:19| Created - 15:50:10.262607: Large marble: 5-Star, marbles: ['Shandy', 'Neon Silver', 'Antique Brass', 'Safety Yellow', 'Pale Cerulean', 'Platinum', 'Slate Blue']
15:50:19| Created - 15:50:10.337829: Large marble: Apollo, marbles: ['Light Orange', 'Purple Plum', 'Isabelline', 'Middle Red Purple', 'Black Coral', 'Golden Yellow', 'Arylide Yellow']
15:50:19| Created - 15:50:10.411946: Large marble: Apollo, marbles: ['Tuscan Brown', 'Royal Orange', 'Stop Red', 'Purple', 'Maximum Violet', 'Pale Taupe', 'Pastel Blue']
15:50:19| Created - 15:50:10.486332: Large marble: Lucky, marbles: ['Cotton Candy', 'Orange Peel', 'Spanish Carmine', 'Mode Beige', 'Mint Cream', 'Pastel Gray', 'Thulian Pink']
15:50:19| Created - 15:50:10.559511: Large marble: Big Joe, marbles: ['Middle Red Purple', 'Brown', 'Royal Orange', 'Royal Red', 'Maximum Blue', 'Mint Green', 'Antique Brass']
15:50:19| Created - 15:50:10.632703: Large marble: Lucky, marbles: ['Candy Pink', 'Emerald', 'Spanish Orange', 'Antique Bronze', 'Maximum Violet', 'Thulian Pink', 'Duke Blue']
15:50:19| Created - 15:50:10.705367: Large marble: Apollo, marbles: ['Russian Violet', 'Mode Beige', 'White Smoke', 'Cobalt Blue', 'Thulian Pink', 'Honeydew', 'Pale Goldenrod']
15:50:19| Created - 15:50:10.778061: Large marble: Big Joe, marbles: ['Rose Dust', 'Shandy', 'Indigo', 'Ruby', 'Emerald', 'Orange Peel', 'Icterine']
15:50:19| Created - 15:50:10.853129: Large marble: Sure Shot, marbles: ['Lemon Lime', 'Arylide Yellow', 'Arylide Yellow', 'Green', 'Orange Soda', 'Mint Green', 'Pale Goldenrod']
15:50:19| Created - 15:50:10.927238: Large marble: Big Joe, marbles: ['Terra Cotta', 'Blue', 'Mint Cream', 'Beaver', 'Orange Soda', 'Neon Pink', 'Venetian Red']
15:50:19| Created - 15:50:11.000533: Large marble: Lucky, marbles: ['Pale Plum', 'Mimi Pink', 'Mode Beige', 'Lavender Blue', 'Platinum', 'Pale Goldenrod', 'Silver Pink']
15:50:19| Created - 15:50:11.077997: Large marble: Spinner, marbles: ['Antique Brass', 'Thulian Pink', 'Platinum', 'Orange Soda', 'Almond', 'Mulberry', 'Mode Beige']
15:50:19| Created - 15:50:11.152353: Large marble: Spinner, marbles: ['Light Orange', 'Pastel Blue', 'Lilac Luster', 'Brink Pink', 'Orange Soda', 'Mint Green', 'Pale Plum']
15:50:19| Created - 15:50:11.227332: Large marble: Spinner, marbles: ['Antique Brass', 'Silver Chalice', 'Icterine', 'Mimi Pink', 'Pale Taupe', 'Stop Red', 'Middle Red Purple']
15:50:19| Created - 15:50:11.301427: Large marble: Hercules, marbles: ['Platinum', 'Mint Cream', 'Safety Yellow', 'Auburn', 'Fiery Rose', 'Middle Green Yellow', 'Candy Pink']
15:50:19| Created - 15:50:11.376677: Large marble: Apollo, marbles: ['Lumber', 'Terra Cotta', 'Golden Yellow', 'Cotton Candy', 'Russian Violet', 'Middle Red Purple', 'Middle Green']
15:50:19| Created - 15:50:11.449553: Large marble: Spinner, marbles: ['Pastel Gray', 'Ivory', 'Lavender Blue', 'Lavender Purple', 'Blue-Green', 'Black Coral', 'Gold']
15:50:19| Created - 15:50:11.523016: Large marble: Big Joe, marbles: ['Purple Plum', 'Middle Red Purple', 'Black Coral', 'Stop Red', 'Ruby', 'Thulian Pink', 'Lavender Purple']
15:50:19| Created - 15:50:11.596093: Large marble: Sure Shot, marbles: ['Spanish Pink', 'Zomp', 'Orange Soda', 'Neon Pink', 'Beaver', 'Arylide Yellow', 'Gold']
15:50:19| Created - 15:50:11.668785: Large marble: Sure Shot, marbles: ['Fiery Rose', 'Maximum Blue', 'Pale Cerulean', 'Pastel Blue', 'Blue-Green', 'Sage', 'Mint Cream']
15:50:19| Created - 15:50:11.741558: Large marble: Spinner, marbles: ['Zomp', 'Gold', 'Almond', 'Middle Red Purple', 'Stop Red', 'Pale Cerulean', 'Lilac Luster']
15:50:19| Created - 15:50:11.816372: Large marble: Lucky, marbles: ['Duke Blue', 'Stop Red', 'Royal Blue', 'Light Orange', 'Orange Soda', 'Beaver', 'Beaver']
15:50:19| Created - 15:50:11.891132: Large marble: 5-Star, marbles: ['Light Orchid', 'Light Orange', 'Ruby', 'Gold', 'Outrageous Orange', 'Maximum Blue', 'Middle Green Yellow']
15:50:19| Created - 15:50:11.964444: Large marble: Lucky, marbles: ['Purple', 'Auburn', 'Outrageous Orange', 'Antique Brass', 'Spanish Pink', 'Light Orange', 'Maximum Purple']
15:50:19| Created - 15:50:12.037786: Large marble: 5-Star, marbles: ['Cotton Candy', 'Silver Pink', 'Middle Red Purple', 'Royal Blue', 'Black Coral', 'Tuscan Brown', 'Gold']
15:50:19| Created - 15:50:12.111939: Large marble: Sure Shot, marbles: ['Blue Bell', 'Mimi Pink', 'Maximum Blue', 'Mango Tango', 'Brown', 'Candy Pink', 'Mulberry']
15:50:19| Created - 15:50:12.185175: Large marble: Winner, marbles: ['Almond', 'Orange Peel', 'Lemon Lime', 'Spanish Pink', 'Beaver', 'Duke Blue', 'Pale Taupe']
15:50:19| Created - 15:50:12.260835: Large marble: Big Joe, marbles: ['Maximum Violet', 'Zomp', 'Indigo', 'Royal Red', 'Shandy', 'Spanish Carmine', 'Isabelline']
15:50:19| Created - 15:50:12.334845: Large marble: Spinner, marbles: ['Brown', 'Liver Chestnut', 'Arylide Yellow', 'Duke Blue', 'Maximum Blue', 'Lemon Lime', 'Liver Chestnut']
15:50:19| Created - 15:50:12.410157: Large marble: Apollo, marbles: ['Cobalt Blue', 'Zomp', 'Rose Dust', 'Liver Chestnut', 'Stop Red', 'Antique Bronze', 'Cotton Candy']
15:50:19| Created - 15:50:12.483758: Large marble: Hercules, marbles: ['Rose Quartz', 'Isabelline', 'Tuscan Brown', 'Royal Orange', 'La Salle Green', 'Indigo', 'Chinese Red']
15:50:19| Created - 15:50:12.557311: Large marble: Spinner, marbles: ['Chinese Red', 'Black Coral', 'Middle Green Yellow', 'Candy Pink', 'Silver Pink', 'Thulian Pink', 'Royal Blue']
15:50:19| Created - 15:50:12.630179: Large marble: 5-Star, marbles: ['Chinese Red', 'Honeydew', 'Venetian Red', 'Arylide Yellow', 'Dark Fuchsia', 'Russian Green', 'Lavender Blue']
15:50:19| Created - 15:50:12.703584: Large marble: Big Joe, marbles: ['Pastel Blue', 'White Smoke', 'Brink Pink', 'Maximum Violet', 'Orange Soda', 'Light Orange', 'Liver Chestnut']
15:50:19| Created - 15:50:12.777453: Large marble: Lucky, marbles: ['Mulberry', 'Stop Red', 'Venetian Red', 'Maximum Purple', 'Green', 'Isabelline', 'Sheen Green']
15:50:19| Created - 15:50:12.851110: Large marble: Sure Shot, marbles: ['Purple', 'Stop Red', 'Pale Plum', 'Silver Chalice', 'Stop Red', 'Silver Chalice', 'Orange Soda']
15:50:19| Created - 15:50:12.925232: Large marble: Lucky, marbles: ['Pale Plum', 'Maximum Purple', 'Chinese Red', 'Dark Fuchsia', 'Zomp', 'Ruby', 'Middle Green Yellow']
15:50:19| Created - 15:50:12.999186: Large marble: Apollo, marbles: ['Middle Green', 'Big Dip O’ruby', 'Safety Yellow', 'Spanish Carmine', 'Royal Blue', 'Sheen Green', 'Purple Plum']
15:50:19| Created - 15:50:13.074268: Large marble: Apollo, marbles: ['Chinese Red', 'Icterine', 'Pale Cerulean', 'Middle Red Purple', 'Fiery Rose', 'White Smoke', 'Blue']
15:50:19| Created - 15:50:13.147251: Large marble: Lucky, marbles: ['Maximum Violet', 'Sheen Green', 'Dark Moss Green', 'Purple Plum', 'Orange Soda', 'Blue Bell', 'Gold']
15:50:19| Created - 15:50:13.220503: Large marble: 5-Star, marbles: ['Mode Beige', 'Blue Bell', 'Spanish Pink', 'Mint Green', 'Slate Blue', 'Isabelline', 'Neon Dark Green']
15:50:19| Created - 15:50:13.294785: Large marble: Big Joe, marbles: ['Vegas Gold', 'Candy Pink', 'Middle Green Yellow', 'Pastel Gray', 'Terra Cotta', 'Big Dip O’ruby', 'Icterine']
15:50:19| Created - 15:50:13.368813: Large marble: Big Joe, marbles: ['Gold', 'Green', 'Beaver', 'Light Orange', 'Maximum Violet', 'White Smoke', 'Shandy']
15:50:19| Created - 15:50:13.443660: Large marble: Big Joe, marbles: ['Tuscan Brown', 'Mode Beige', 'Tuscan Brown', 'Blue-Green', 'Cotton Candy', 'Zomp', 'Lemon Lime']
15:50:19| Created - 15:50:13.517633: Large marble: Winner, marbles: ['Terra Cotta', 'Pale Goldenrod', 'Blue Bell', 'Mint Green', 'Middle Green Yellow', 'Platinum', 'Indigo']
15:50:19| Created - 15:50:13.592282: Large marble: Spinner, marbles: ['Mulberry', 'Purple', 'Russian Violet', 'Golden Yellow', 'Mode Beige', 'Safety Yellow', 'Liver Chestnut']
15:50:19| Created - 15:50:13.665701: Large marble: Spinner, marbles: ['Dark Fuchsia', 'Russian Green', 'Beaver', 'Rose Dust', 'Honeydew', 'Pale Cerulean', 'Indigo']
15:50:19| Created - 15:50:13.739392: Large marble: Zeus, marbles: ['Spanish Carmine', 'Pastel Blue', 'Maximum Purple', 'Blue-Green', 'Middle Green Yellow', 'Brown', 'Fiery Rose']
15:50:19| Created - 15:50:13.813206: Large marble: Lucky, marbles: ['Pale Taupe', 'Blue-Green', 'Shandy', 'Blue Bell', 'Indigo', 'Emerald', 'Mango Tango']
15:50:19| Created - 15:50:13.886482: Large marble: Winner, marbles: ['Venetian Red', 'La Salle Green', 'Zomp', 'Orange Soda', 'Arylide Yellow', 'Brown', 'Mulberry']
15:50:19| Created - 15:50:13.961678: Large marble: Winner, marbles: ['Spanish Carmine', 'Russian Violet', 'Dark Fuchsia', 'Blue', 'Royal Red', 'Mulberry', 'Lemon Lime']
15:50:19| Created - 15:50:14.036294: Large marble: 5-Star, marbles: ['Tuscan Brown', 'Duke Blue', 'Royal Blue', 'Lavender Purple', 'Fiery Rose', 'Vegas Gold', 'Isabelline']
15:50:19| Created - 15:50:14.110044: Large marble: Spinner, marbles: ['Pastel Gray', 'Duke Blue', 'Royal Orange', 'Bistre Brown', 'Antique Bronze', 'Icterine', 'Slate Blue']
15:50:19| Created - 15:50:14.183454: Large marble: Spinner, marbles: ['Arylide Yellow', 'Middle Red Purple', 'Granny Smith Apple', 'Outrageous Orange', 'Spanish Pink', 'Light Orange', 'Zomp']
15:50:19| Created - 15:50:14.256738: Large marble: 5-Star, marbles: ['Outrageous Orange', 'Pale Goldenrod', 'Orange Soda', 'Royal Red', 'La Salle Green', 'Maximum Blue', 'Golden Yellow']
15:50:19| Created - 15:50:14.330780: Large marble: Hercules, marbles: ['Spanish Pink', 'Slate Blue', 'Silver Pink', 'Mimi Pink', 'Big Dip O’ruby', 'Dark Moss Green', 'Stop Red']
15:50:19| Created - 15:50:14.403721: Large marble: Winner, marbles: ['Maximum Blue', 'Silver Chalice', 'Rose Quartz', 'Lemon Lime', 'Zomp', 'Middle Green Yellow', 'Zomp']
15:50:19| Created - 15:50:14.476886: Large marble: Lucky, marbles: ['Lavender Blue', 'Maximum Blue', 'Mango Tango', 'Dark Fuchsia', 'La Salle Green', 'Neon Pink', 'Venetian Red']
15:50:19| Created - 15:50:14.553710: Large marble: 5-Star, marbles: ['Mint Green', 'Pale Cerulean', 'Light Orchid', 'Icterine', 'Icterine', 'Cobalt Blue', 'Golden Yellow']
15:50:19| Created - 15:50:14.628037: Large marble: Hercules, marbles: ['Mulberry', 'Rose Dust', 'Gold', 'Neon Silver', 'Maximum Violet', 'Venetian Red', 'Neon Pink']
15:50:19| Created - 15:50:14.701298: Large marble: Zeus, marbles: ['Orange Soda', 'Slate Blue', 'Lavender Blue', 'Maximum Purple', 'Brown', 'Royal Blue', 'Platinum']
15:50:19| Created - 15:50:14.774756: Large marble: 5-Star, marbles: ['Almond', 'Gold', 'Cotton Candy', 'Venetian Red', 'Pale Cerulean', 'Mango Tango', 'Black Coral']
15:50:19| Created - 15:50:14.848294: Large marble: 5-Star, marbles: ['Auburn', 'Orange Peel', 'Sheen Green', 'Spanish Pink', 'Pale Goldenrod', 'Antique Bronze', 'Maximum Blue']
15:50:19| Created - 15:50:14.921534: Large marble: Hercules, marbles: ['Middle Red Purple', 'Purple', 'Maximum Violet', 'Isabelline', 'Shandy', 'Mode Beige', 'Pale Cerulean']
15:50:19| Created - 15:50:14.995099: Large marble: 5-Star, marbles: ['Neon Pink', 'Brink Pink', 'Brown', 'Mimi Pink', 'Cotton Candy', 'Pale Cerulean', 'Safety Yellow']
15:50:19| Created - 15:50:15.068741: Large marble: Big Joe, marbles: ['Thulian Pink', 'Pale Cerulean', 'Chinese Red', 'Pastel Gray', 'Pale Cerulean', 'Thulian Pink', 'Pale Cerulean']
15:50:19| Created - 15:50:15.143529: Large marble: Hercules, marbles: ['Mango Tango', 'Green', 'Purple', 'Terra Cotta', 'Indigo', 'Royal Red', 'Isabelline']
15:50:19| Created - 15:50:15.217485: Large marble: Winner, marbles: ['Mango Tango', 'Neon Silver', 'Royal Blue', 'Light Orchid', 'Lilac Luster', 'Arylide Yellow', 'Candy Pink']
15:50:19| Created - 15:50:15.290378: Large marble: Hercules, marbles: ['Pale Goldenrod', 'Big Dip O’ruby', 'Lumber', 'Thulian Pink', 'Candy Pink', 'Silver Pink', 'Neon Dark Green']
15:50:19| Created - 15:50:15.363249: Large marble: Spinner, marbles: ['Pale Plum', 'Arylide Yellow', 'Purple', 'Russian Green', 'White Smoke', 'Green', 'Liver Chestnut']
15:50:19| Created - 15:50:15.436265: Large marble: Sure Shot, marbles: ['Thulian Pink', 'Pale Goldenrod', 'Terra Cotta', 'Spanish Pink', 'Blue-Green', 'Pale Goldenrod', 'Purple']
15:50:19| Created - 15:50:15.509492: Large marble: Lucky, marbles: ['Blue Bell', 'Pastel Blue', 'Rose Dust', 'Gold', 'Russian Green', 'Antique Brass', 'Cobalt Blue']
15:50:19| Created - 15:50:15.582755: Large marble: Sure Shot, marbles: ['Lilac Luster', 'Rose Quartz', 'Gold', 'Dark Fuchsia', 'Orange Soda', 'Rose Dust', 'La Salle Green']
15:50:19| Created - 15:50:15.655883: Large marble: Apollo, marbles: ['Royal Red', 'Silver Pink', 'Venetian Red', 'Fiery Rose', 'Platinum', 'Blue-Green', 'Rose Quartz']
15:50:19| Created - 15:50:15.728978: Large marble: Lucky, marbles: ['Middle Green Yellow', 'Chinese Red', 'Stop Red', 'Vegas Gold', 'Light Orchid', 'Spanish Orange', 'White Smoke']
15:50:19| Created - 15:50:15.802794: Large marble: Hercules, marbles: ['Arylide Yellow', 'Maximum Violet', 'Indigo', 'Royal Blue', 'Mint Cream', 'Brown', 'Neon Silver']
15:50:19| Created - 15:50:15.876007: Large marble: Hercules, marbles: ['Sheen Green', 'Brink Pink', 'Light Orchid', 'Dark Moss Green', 'Royal Red', 'Maximum Blue', 'Pale Goldenrod']
15:50:19| Created - 15:50:15.949587: Large marble: Zeus, marbles: ['Middle Green Yellow', 'Cotton Candy', 'Blue Bell', 'Liver Chestnut', 'Silver Chalice', 'Brink Pink', 'Ruby']
15:50:19| Created - 15:50:16.023585: Large marble: Hercules, marbles: ['Vegas Gold', 'Beaver', 'Orange Soda', 'Candy Pink', 'Neon Silver', 'Granny Smith Apple', 'Lemon Lime']
15:50:19| Created - 15:50:16.098309: Large marble: Hercules, marbles: ['Fiery Rose', 'Outrageous Orange', 'Terra Cotta', 'Pale Goldenrod', 'Safety Yellow', 'Antique Brass', 'Light Orange']
15:50:19| Created - 15:50:16.172245: Large marble: Sure Shot, marbles: ['Ivory', 'Light Orchid', 'Emerald', 'Light Orchid', 'Blue', 'Black Coral', 'Gold']
15:50:19| Created - 15:50:16.245592: Large marble: Zeus, marbles: ['Shandy', 'Sheen Green', 'Eerie Black', 'Middle Red Purple', 'Light Orchid', 'Lemon Lime', 'Ruby']
15:50:19| Created - 15:50:16.318688: Large marble: Zeus, marbles: ['Lavender Purple', 'Light Orchid', 'Safety Yellow', 'Orange Peel', 'Ruby', 'Rose Dust', 'Rose Dust']
15:50:19| Created - 15:50:16.392404: Large marble: Zeus, marbles: ['Silver Pink', 'Lavender Purple', 'Neon Pink', 'Mimi Pink', 'Almond', 'Vegas Gold', 'Venetian Red']
15:50:19| Created - 15:50:16.467465: Large marble: Lucky, marbles: ['Lumber', 'Purple Plum', 'Purple Plum', 'Golden Yellow', 'Middle Green Yellow', 'Silver Chalice', 'Neon Dark Green']
15:50:19| Created - 15:50:16.541244: Large marble: Spinner, marbles: ['Ruby', 'Dark Moss Green', 'Brown', 'Neon Pink', 'Outrageous Orange', 'Purple', 'Maximum Violet']
15:50:19| Created - 15:50:16.614354: Large marble: Sure Shot, marbles: ['Neon Dark Green', 'Maximum Violet', 'Neon Dark Green', 'Neon Dark Green', 'Candy Pink', 'Icterine', 'Chinese Red']
15:50:19| Created - 15:50:16.687513: Large marble: Sure Shot, marbles: ['Ruby', 'Sheen Green', 'Sheen Green', 'Orange Peel', 'Safety Yellow', 'Neon Silver', 'Purple Plum']
15:50:19| Created - 15:50:16.761945: Large marble: Zeus, marbles: ['Lilac Luster', 'Maximum Violet', 'Royal Orange', 'Light Orange', 'Liver Chestnut', 'Fiery Rose', 'Isabelline']
15:50:19| Created - 15:50:16.836841: Large marble: Spinner, marbles: ['Isabelline', 'Golden Yellow', 'Duke Blue', 'Purple Plum', 'Almond', 'La Salle Green', 'Royal Red']
15:50:19| Created - 15:50:16.909597: Large marble: Lucky, marbles: ['Maximum Purple', 'Blue', 'Eerie Black', 'Middle Red Purple', 'Stop Red', 'Dark Moss Green', 'Dark Fuchsia']
15:50:19| Created - 15:50:16.982908: Large marble: Spinner, marbles: ['Ruby', 'Indigo', 'Gold', 'Vegas Gold', 'Dark Moss Green', 'Pale Taupe', 'Thulian Pink']
15:50:19| Created - 15:50:17.058248: Large marble: Winner, marbles: ['Rose Dust', 'Tuscan Brown', 'Rose Quartz', 'Cobalt Blue', 'Granny Smith Apple', 'Honeydew', 'Maximum Blue']
15:50:19| Created - 15:50:17.132995: Large marble: Lucky, marbles: ['Middle Red Purple', 'Maximum Purple', 'Zomp', 'Rose Dust', 'Almond', 'Russian Violet', 'Duke Blue']
15:50:19| Created - 15:50:17.206821: Large marble: Sure Shot, marbles: ['Black Coral', 'Rose Quartz', 'Dark Moss Green', 'Pale Goldenrod', 'Orange Soda', 'Lilac Luster', 'Mode Beige']
15:50:19| Created - 15:50:17.280477: Large marble: Apollo, marbles: ['Liver Chestnut', 'Pale Cerulean', 'Pale Cerulean', 'Shandy', 'Shandy', 'Light Orange', 'Mulberry']
15:50:19| Created - 15:50:17.354156: Large marble: Hercules, marbles: ['Terra Cotta', 'Venetian Red', 'Blue Bell', 'Light Orange', 'Neon Silver', 'Outrageous Orange', 'Silver Pink']
15:50:19| Created - 15:50:17.426977: Large marble: Big Joe, marbles: ['Eerie Black', 'Gold', 'Golden Yellow', 'Mulberry', 'Orange Soda', 'Auburn', 'Rose Quartz']
15:50:19| Created - 15:50:17.501210: Large marble: 5-Star, marbles: ['Royal Red', 'Bistre Brown', 'Isabelline', 'Rose Dust', 'Almond', 'Gold', 'Mimi Pink']
15:50:19| Created - 15:50:17.575020: Large marble: Sure Shot, marbles: ['Mode Beige', 'Maximum Blue', 'Lavender Purple', 'Lavender Blue', 'Rose Quartz', 'Blue Bell', 'Pale Plum']
15:50:19| Created - 15:50:17.648784: Large marble: Big Joe, marbles: ['Russian Green', 'Antique Bronze', 'Big Dip O’ruby', 'Outrageous Orange', 'Golden Yellow', 'Auburn', 'Safety Yellow']
15:50:19| Created - 15:50:17.722288: Large marble: Big Joe, marbles: ['Royal Blue', 'Mode Beige', 'Ruby', 'Duke Blue', 'Antique Brass', 'Blue-Green', 'Emerald']
15:50:19| Created - 15:50:17.796176: Large marble: Spinner, marbles: ['Lilac Luster', 'Ivory', 'Honeydew', 'Orange Soda', 'Pastel Gray', 'Terra Cotta', 'Maximum Purple']
15:50:19| Created - 15:50:17.869045: Large marble: Apollo, marbles: ['Purple', 'Liver Chestnut', 'Shandy', 'Platinum', 'Spanish Pink', 'Mimi Pink', 'Spanish Orange']
15:50:19| Created - 15:50:17.942425: Large marble: Big Joe, marbles: ['Mulberry', 'Dark Moss Green', 'Emerald', 'Royal Orange', 'Sage', 'Spanish Pink', 'Isabelline']
15:50:19| Created - 15:50:18.016303: Large marble: 5-Star, marbles: ['Lavender Blue', 'Light Orange', 'Lavender Purple', 'Duke Blue', 'Dark Fuchsia', 'Mulberry', 'Mimi Pink']
15:50:19| Created - 15:50:18.092232: Large marble: Winner, marbles: ['Big Dip O’ruby', 'Lemon Lime', 'Rose Dust', 'Lavender Blue', 'Indigo', 'Lemon Lime', 'Maximum Purple']
15:50:19| Created - 15:50:18.165876: Large marble: Hercules, marbles: ['Pastel Gray', 'Maximum Purple', 'Lumber', 'Mulberry', 'Lemon Lime', 'Chinese Red', 'Orange Soda']
15:50:19| Created - 15:50:18.241244: Large marble: 5-Star, marbles: ['Auburn', 'Duke Blue', 'Lumber', 'Dark Fuchsia', 'Mint Green', 'Outrageous Orange', 'Spanish Orange']
15:50:19| Created - 15:50:18.316490: Large marble: Lucky, marbles: ['Safety Yellow', 'Neon Pink', 'Safety Yellow', 'Auburn', 'Terra Cotta', 'Auburn', 'Gold']
15:50:19| Created - 15:50:18.390170: Large marble: Zeus, marbles: ['Lavender Blue', 'Blue Bell', 'Slate Blue', 'Dark Fuchsia', 'Blue', 'Granny Smith Apple', 'Orange Peel']
15:50:19| Created - 15:50:18.464907: Large marble: 5-Star, marbles: ['Pale Taupe', 'Pale Plum', 'Neon Silver', 'Auburn', 'Rose Quartz', 'Indigo', 'Mint Green']
15:50:19| Created - 15:50:18.538726: Large marble: Hercules, marbles: ['Golden Yellow', 'Stop Red', 'Royal Orange', 'Pale Cerulean', 'Pale Cerulean', 'Neon Silver', 'Outrageous Orange']
15:50:19| Created - 15:50:18.610579: Large marble: Winner, marbles: ['Pale Taupe', 'Purple', 'Gold', 'Lavender Purple', 'Lilac Luster', 'Candy Pink', 'Pale Plum']
15:50:19| Created - 15:50:18.684707: Large marble: Apollo, marbles: ['Maximum Purple', 'Safety Yellow', 'Maximum Blue', 'Spanish Carmine', 'Vegas Gold', 'Orange Soda', 'Mango Tango']
15:50:19| Created - 15:50:18.757709: Large marble: Apollo, marbles: ['Pale Taupe', 'Maximum Blue', 'Brink Pink', 'Antique Brass', 'Purple Plum', 'Spanish Orange', 'Purple']
15:50:19| Created - 15:50:18.831856: Large marble: Spinner, marbles: ['Indigo', 'Terra Cotta', 'Eerie Black', 'Middle Green Yellow', 'Royal Red', 'Fiery Rose', 'Neon Dark Green']
15:50:19| Created - 15:50:18.905537: Large marble: Zeus, marbles: ['Neon Pink', 'Auburn', 'Maximum Violet', 'Dark Fuchsia', 'Liver Chestnut', 'White Smoke', 'Eerie Black']
15:50:19| Created - 15:50:18.978291: Large marble: Sure Shot, marbles: ['Gold', 'Granny Smith Apple', 'Lilac Luster', 'Auburn', 'Lilac Luster', 'Emerald', 'Mango Tango']
15:50:19| Created - 15:50:19.052364: Large marble: Lucky, marbles: ['Eerie Black', 'Purple Plum', 'Blue-Green', 'Silver Chalice', 'Pastel Blue', 'Orange Peel', 'Candy Pink']
15:50:19| Created - 15:50:19.126831: Large marble: Apollo, marbles: ['Russian Green', 'Arylide Yellow', 'Maximum Blue', 'Granny Smith Apple', 'Icterine', 'Pale Taupe', 'Lavender Purple']
15:50:19| Created - 15:50:19.201956: Large marble: Zeus, marbles: ['Gold', 'Royal Red', 'Cobalt Blue', 'Blue-Green', 'Golden Yellow', 'Thulian Pink', 'Purple Plum']
15:50:19| Created - 15:50:19.278068: Large marble: Lucky, marbles: ['Pale Taupe', 'Royal Red', 'Neon Silver', 'Almond', 'Neon Dark Green', 'Gold', 'Russian Violet']
15:50:19| Created - 15:50:19.352413: Large marble: Apollo, marbles: ['Middle Green Yellow', 'Thulian Pink', 'Pale Taupe', 'Russian Green', 'Gold', 'Almond', 'La Salle Green']
15:50:19| Created - 15:50:19.426771: Large marble: Winner, marbles: ['Pastel Gray', 'Slate Blue', 'Mint Green', 'Purple', 'Spanish Orange', 'Spanish Carmine']
15:50:19| Number of gifts created: 143
