16:18:15| Marble count     = 1000
16:18:15| Marble delay     = 0.01
16:18:15| Marbles in a bag = 7
16:18:15| Bagger delay     = 0.05
16:18:15| Assembler delay  = 0.05
16:18:15| Wrapper delay    = 0.05
16:18:15| Create the processes
16:18:15| Starting the processes
16:18:15| Waiting for processes to finish
16:18:27| Contents of boxes.txt
16:18:27| Created - 16:18:16.384938: Large marble: Hercules, marbles: ['Dark Fuchsia', 'Cobalt Blue', 'Lilac Luster', 'Chinese Red', 'Candy Pink', 'Maximum Purple', 'Bistre Brown']
16:18:27| Created - 16:18:16.458785: Large marble: Lucky, marbles: ['Antique Brass', 'Brown', 'Antique Brass', 'Light Orange', 'Big Dip O’ruby', 'Rose Quartz', 'Neon Pink']
16:18:27| Created - 16:18:16.532325: Large marble: 5-Star, marbles: ['Lilac Luster', 'Sheen Green', 'Black Coral', 'Golden Yellow', 'Royal Blue', 'Royal Orange', 'Neon Dark Green']
16:18:27| Created - 16:18:16.606060: Large marble: Lucky, marbles: ['Mint Green', 'Royal Red', 'Maximum Blue', 'Terra Cotta', 'Ivory', 'Royal Red', 'Ruby']
16:18:27| Created - 16:18:16.680971: Large marble: 5-Star, marbles: ['Lavender Purple', 'Maximum Purple', 'Pale Cerulean', 'Mode Beige', 'Cobalt Blue', 'Spanish Orange', 'Platinum']
16:18:27| Created - 16:18:16.753835: Large marble: Apollo, marbles: ['Dark Fuchsia', 'Rose Dust', 'Black Coral', 'Fiery Rose', 'Purple Plum', 'Outrageous Orange', 'Honeydew']
16:18:27| Created - 16:18:16.827616: Large marble: Zeus, marbles: ['Thulian Pink', 'Russian Green', 'Neon Dark Green', 'Blue', 'Brown', 'Black Coral', 'Big Dip O’ruby']
16:18:27| Created - 16:18:16.901898: Large marble: Winner, marbles: ['Beaver', 'Orange Soda', 'Venetian Red', 'Chinese Red', 'Arylide Yellow', 'Pale Cerulean', 'Pale Cerulean']
16:18:27| Created - 16:18:16.975907: Large marble: Hercules, marbles: ['Pastel Blue', 'Brown', 'Big Dip O’ruby', 'Royal Orange', 'Blue', 'Royal Red', 'Silver Pink']
16:18:27| Created - 16:18:17.049722: Large marble: Apollo, marbles: ['Orange Soda', 'Lumber', 'White Smoke', 'Brink Pink', 'Silver Chalice', 'Golden Yellow', 'Neon Pink']
16:18:27| Created - 16:18:17.123747: Large marble: Sure Shot, marbles: ['Shandy', 'Gold', 'Maximum Blue', 'Mode Beige', 'Royal Orange', 'Ruby', 'Neon Silver']
16:18:27| Created - 16:18:17.198761: Large marble: Zeus, marbles: ['Royal Orange', 'Vegas Gold', 'Platinum', 'Orange Soda', 'Indigo', 'Ruby', 'Pale Cerulean']
16:18:27| Created - 16:18:17.271481: Large marble: Spinner, marbles: ['Bistre Brown', 'Shandy', 'La Salle Green', 'Terra Cotta', 'Platinum', 'Thulian Pink', 'Ruby']
16:18:27| Created - 16:18:17.345236: Large marble: Hercules, marbles: ['Spanish Orange', 'Maximum Purple', 'Isabelline', 'Shandy', 'Gold', 'Mimi Pink', 'Terra Cotta']
16:18:27| Created - 16:18:17.419034: Large marble: Big Joe, marbles: ['Antique Bronze', 'Cotton Candy', 'Lilac Luster', 'Eerie Black', 'Russian Violet', 'Middle Green', 'Venetian Red']
16:18:27| Created - 16:18:17.493251: Large marble: Sure Shot, marbles: ['Gold', 'Mint Cream', 'Antique Brass', 'Zomp', 'Outrageous Orange', 'Neon Dark Green', 'Pale Goldenrod']
16:18:27| Created - 16:18:17.566507: Large marble: Apollo, marbles: ['Mimi Pink', 'Zomp', 'Thulian Pink', 'Mint Cream', 'Middle Red Purple', 'Beaver', 'Maximum Violet']
16:18:27| Created - 16:18:17.640489: Large marble: Hercules, marbles: ['La Salle Green', 'Maximum Blue', 'Isabelline', 'Orange Peel', 'Light Orchid', 'Pastel Gray', 'Emerald']
16:18:27| Created - 16:18:17.713878: Large marble: Sure Shot, marbles: ['Pale Plum', 'Thulian Pink', 'Light Orange', 'Lemon Lime', 'White Smoke', 'Fiery Rose', 'Antique Bronze']
16:18:27| Created - 16:18:17.789371: Large marble: Zeus, marbles: ['Vegas Gold', 'Isabelline', 'Middle Green', 'Lavender Blue', 'Dark Fuchsia', 'Brown', 'Purple']
16:18:27| Created - 16:18:17.862595: Large marble: Hercules, marbles: ['Rose Dust', 'Gold', 'Terra Cotta', 'Granny Smith Apple', 'Rose Dust', 'Orange Peel', 'Mint Cream']
16:18:27| Created - 16:18:17.937838: Large marble: Big Joe, marbles: ['Middle Green Yellow', 'Blue', 'Beaver', 'Bistre Brown', 'Thulian Pink', 'Rose Dust', 'Indigo']
16:18:27| Created - 16:18:18.011494: Large marble: Big Joe, marbles: ['Light Orchid', 'Lavender Blue', 'Maximum Blue', 'Mulberry', 'Granny Smith Apple', 'Lavender Blue', 'Rose Dust']
16:18:27| Created - 16:18:18.085710: Large marble: Hercules, marbles: ['Fiery Rose', 'Lumber', 'Lavender Blue', 'Granny Smith Apple', 'Silver Pink', 'Neon Pink', 'Mimi Pink']
16:18:27| Created - 16:18:18.160518: Large marble: Winner, marbles: ['Royal Red', 'Honeydew', 'Liver Chestnut', 'Ivory', 'Rose Dust', 'Candy Pink', 'Duke Blue']
16:18:27| Created - 16:18:18.235016: Large marble: Lucky, marbles: ['Honeydew', 'Icterine', 'Thulian Pink', 'Lavender Blue', 'Indigo', 'Mulberry', 'Lilac Luster']
16:18:27| Created - 16:18:18.310010: Large marble: Hercules, marbles: ['Big Dip O’ruby', 'Venetian Red', 'Auburn', 'Green', 'Black Coral', 'Middle Green Yellow', 'Mimi Pink']
16:18:27| Created - 16:18:18.385584: Large marble: Zeus, marbles: ['Beaver', 'Almond', 'Royal Red', 'Black Coral', 'Icterine', 'Rose Quartz', 'Spanish Orange']
16:18:27| Created - 16:18:18.460989: Large marble: Lucky, marbles: ['Light Orchid', 'Lemon Lime', 'Pastel Gray', 'Mimi Pink', 'Royal Orange', 'Pale Plum', 'Blue']
16:18:27| Created - 16:18:18.536034: Large marble: Zeus, marbles: ['Isabelline', 'Terra Cotta', 'Russian Green', 'Sage', 'Big Dip O’ruby', 'Spanish Pink', 'Tuscan Brown']
16:18:27| Created - 16:18:18.609498: Large marble: Lucky, marbles: ['Purple Plum', 'Lavender Purple', 'Isabelline', 'Mode Beige', 'Light Orange', 'Chinese Red', 'Middle Green']
16:18:27| Created - 16:18:18.683153: Large marble: Big Joe, marbles: ['Beaver', 'Platinum', 'Gold', 'Light Orchid', 'Venetian Red', 'Black Coral', 'Mint Cream']
16:18:27| Created - 16:18:18.759143: Large marble: Spinner, marbles: ['Chinese Red', 'Middle Red Purple', 'Terra Cotta', 'Blue', 'Orange Peel', 'Chinese Red', 'Orange Soda']
16:18:27| Created - 16:18:18.833643: Large marble: Sure Shot, marbles: ['Gold', 'Green', 'Mode Beige', 'Emerald', 'Neon Dark Green', 'Arylide Yellow', 'Auburn']
16:18:27| Created - 16:18:18.907526: Large marble: Big Joe, marbles: ['Bistre Brown', 'Platinum', 'Mint Cream', 'Dark Moss Green', 'Brink Pink', 'Blue', 'Maximum Blue']
16:18:27| Created - 16:18:18.981826: Large marble: Lucky, marbles: ['Pale Taupe', 'Neon Silver', 'Mode Beige', 'Royal Red', 'Vegas Gold', 'Dark Fuchsia', 'Neon Pink']
16:18:27| Created - 16:18:19.056209: Large marble: Sure Shot, marbles: ['Orange Soda', 'Lumber', 'Isabelline', 'Antique Bronze', 'Silver Chalice', 'Rose Quartz', 'Black Coral']
16:18:27| Created - 16:18:19.130360: Large marble: Spinner, marbles: ['Purple Plum', 'Dark Fuchsia', 'Bistre Brown', 'Bistre Brown', 'Neon Silver', 'Brown', 'Middle Green Yellow']
16:18:27| Created - 16:18:19.205355: Large marble: Spinner, marbles: ['Liver Chestnut', 'Mulberry', 'Lavender Blue', 'Sage', 'Orange Soda', 'Mulberry', 'Fiery Rose']
16:18:27| Created - 16:18:19.280629: Large marble: Lucky, marbles: ['Honeydew', 'Vegas Gold', 'Lemon Lime', 'Orange Soda', 'Indigo', 'Neon Pink', 'Pale Cerulean']
16:18:27| Created - 16:18:19.353091: Large marble: Spinner, marbles: ['Maximum Violet', 'Pale Goldenrod', 'Antique Bronze', 'Safety Yellow', 'Purple Plum', 'Middle Green Yellow', 'Pale Goldenrod']
16:18:27| Created - 16:18:19.427947: Large marble: Apollo, marbles: ['Big Dip O’ruby', 'Pastel Gray', 'Sage', 'Chinese Red', 'Thulian Pink', 'Liver Chestnut', 'Lavender Purple']
16:18:27| Created - 16:18:19.501887: Large marble: Apollo, marbles: ['Tuscan Brown', 'Platinum', 'Russian Green', 'Zomp', 'Mango Tango', 'Cobalt Blue', 'Mulberry']
16:18:27| Created - 16:18:19.577039: Large marble: Zeus, marbles: ['Rose Quartz', 'Pastel Gray', 'Maximum Blue', 'Gold', 'Antique Brass', 'Mango Tango', 'Orange Soda']
16:18:27| Created - 16:18:19.651225: Large marble: Big Joe, marbles: ['Maximum Violet', 'Rose Quartz', 'Cotton Candy', 'Ivory', 'La Salle Green', 'Brown', 'Ivory']
16:18:27| Created - 16:18:19.726661: Large marble: Lucky, marbles: ['Maximum Purple', 'Dark Fuchsia', 'Liver Chestnut', 'Purple', 'Candy Pink', 'Purple Plum', 'Royal Orange']
16:18:27| Created - 16:18:19.801229: Large marble: Winner, marbles: ['Neon Silver', 'Mimi Pink', 'Blue Bell', 'Eerie Black', 'Tuscan Brown', 'Lilac Luster', 'Slate Blue']
16:18:27| Created - 16:18:19.877918: Large marble: Zeus, marbles: ['Eerie Black', 'Rose Quartz', 'Chinese Red', 'Lavender Purple', 'Neon Dark Green', 'Stop Red', 'Mode Beige']
16:18:27| Created - 16:18:19.954878: Large marble: Apollo, marbles: ['Sage', 'Blue Bell', 'Pale Taupe', 'Blue', 'Pale Plum', 'Mint Green', 'Lilac Luster']
16:18:27| Created - 16:18:20.028108: Large marble: Spinner, marbles: ['Golden Yellow', 'Cobalt Blue', 'Pastel Gray', 'Liver Chestnut', 'Platinum', 'Arylide Yellow', 'Blue']
16:18:27| Created - 16:18:20.101976: Large marble: Apollo, marbles: ['Slate Blue', 'Outrageous Orange', 'Antique Bronze', 'Eerie Black', 'Sage', 'Venetian Red', 'Platinum']
16:18:27| Created - 16:18:20.175565: Large marble: Sure Shot, marbles: ['Spanish Pink', 'Neon Silver', 'Liver Chestnut', 'Rose Quartz', 'Pale Cerulean', 'Royal Orange', 'Beaver']
16:18:27| Created - 16:18:20.249539: Large marble: 5-Star, marbles: ['Blue', 'Silver Pink', 'Purple Plum', 'Lilac Luster', 'Golden Yellow', 'Purple', 'Lavender Blue']
16:18:27| Created - 16:18:20.323055: Large marble: Lucky, marbles: ['Granny Smith Apple', 'Brink Pink', 'Stop Red', 'Blue Bell', 'Neon Silver', 'Mint Cream', 'Platinum']
16:18:27| Created - 16:18:20.396186: Large marble: Hercules, marbles: ['Icterine', 'Isabelline', 'Lavender Purple', 'Spanish Pink', 'Royal Red', 'Sheen Green', 'Pale Goldenrod']
16:18:27| Created - 16:18:20.470326: Large marble: Big Joe, marbles: ['Orange Soda', 'Emerald', 'Orange Peel', 'Pale Plum', 'Neon Dark Green', 'Spanish Pink', 'Black Coral']
16:18:27| Created - 16:18:20.544380: Large marble: Winner, marbles: ['Ruby', 'Middle Red Purple', 'Brink Pink', 'Pale Cerulean', 'Outrageous Orange', 'Rose Dust', 'Antique Brass']
16:18:27| Created - 16:18:20.621151: Large marble: Big Joe, marbles: ['Neon Silver', 'Blue Bell', 'Middle Red Purple', 'Granny Smith Apple', 'Lilac Luster', 'Rose Quartz', 'Russian Green']
16:18:27| Created - 16:18:20.697224: Large marble: Sure Shot, marbles: ['Liver Chestnut', 'Duke Blue', 'Icterine', 'Maximum Blue', 'Terra Cotta', 'Royal Orange', 'Rose Dust']
16:18:27| Created - 16:18:20.769957: Large marble: Big Joe, marbles: ['Purple Plum', 'Lilac Luster', 'Venetian Red', 'Thulian Pink', 'Purple', 'Pale Plum', 'Dark Fuchsia']
16:18:27| Created - 16:18:20.844032: Large marble: Spinner, marbles: ['Blue', 'Orange Peel', 'Isabelline', 'Granny Smith Apple', 'Slate Blue', 'Mint Cream', 'Spanish Carmine']
16:18:27| Created - 16:18:20.918478: Large marble: Big Joe, marbles: ['Lilac Luster', 'Honeydew', 'Spanish Carmine', 'Dark Moss Green', 'Chinese Red', 'Eerie Black', 'Almond']
16:18:27| Created - 16:18:20.993818: Large marble: Sure Shot, marbles: ['Pale Goldenrod', 'Middle Red Purple', 'Maximum Purple', 'Lavender Blue', 'White Smoke', 'Middle Green Yellow', 'Stop Red']
16:18:27| Created - 16:18:21.066794: Large marble: 5-Star, marbles: ['Royal Blue', 'Mulberry', 'Middle Green', 'Cobalt Blue', 'Silver Pink', 'Mode Beige', 'Sage']
16:18:27| Created - 16:18:21.140733: Large marble: Hercules, marbles: ['Royal Orange', 'Neon Silver', 'Gold', 'Blue', 'Middle Red Purple', 'Liver Chestnut', 'Brink Pink']
16:18:27| Created - 16:18:21.214022: Large marble: 5-Star, marbles: ['Maximum Blue', 'La Salle Green', 'Almond', 'Light Orchid', 'Silver Pink', 'Maximum Purple', 'Orange Soda']
16:18:27| Created - 16:18:21.288451: Large marble: Winner, marbles: ['Pale Cerulean', 'Isabelline', 'Gold', 'Neon Silver', 'Royal Orange', 'Neon Silver', 'Royal Orange']
16:18:27| Created - 16:18:21.362473: Large marble: Winner, marbles: ['Stop Red', 'Royal Orange', 'Blue', 'Safety Yellow', 'Mint Cream', 'Auburn', 'Indigo']
16:18:27| Created - 16:18:21.435627: Large marble: Sure Shot, marbles: ['Cotton Candy', 'Mulberry', 'La Salle Green', 'Big Dip O’ruby', 'Arylide Yellow', 'Maximum Blue', 'Platinum']
16:18:27| Created - 16:18:21.509626: Large marble: Big Joe, marbles: ['Light Orchid', 'Lumber', 'Sage', 'Maximum Violet', 'Pale Plum', 'White Smoke', 'Maximum Purple']
16:18:27| Created - 16:18:21.583155: Large marble: 5-Star, marbles: ['Indigo', 'Vegas Gold', 'Light Orchid', 'Granny Smith Apple', 'Orange Peel', 'Maximum Blue', 'Orange Soda']
16:18:27| Created - 16:18:21.656590: Large marble: Big Joe, marbles: ['Pale Taupe', 'Honeydew', 'Blue Bell', 'Blue Bell', 'Bistre Brown', 'Almond', 'Spanish Carmine']
16:18:27| Created - 16:18:21.730308: Large marble: Apollo, marbles: ['Ivory', 'Mode Beige', 'Royal Orange', 'Antique Brass', 'Chinese Red', 'Honeydew', 'Lavender Blue']
16:18:27| Created - 16:18:21.804848: Large marble: Big Joe, marbles: ['Auburn', 'Royal Red', 'Indigo', 'Tuscan Brown', 'Maximum Violet', 'Vegas Gold', 'Shandy']
16:18:27| Created - 16:18:21.879167: Large marble: Spinner, marbles: ['Light Orange', 'Arylide Yellow', 'Tuscan Brown', 'Vegas Gold', 'Orange Peel', 'Icterine', 'Lilac Luster']
16:18:27| Created - 16:18:21.952210: Large marble: 5-Star, marbles: ['Pale Taupe', 'Rose Quartz', 'Royal Blue', 'Fiery Rose', 'Brown', 'Zomp', 'Bistre Brown']
16:18:27| Created - 16:18:22.025681: Large marble: Winner, marbles: ['Neon Dark Green', 'Pale Plum', 'Royal Orange', 'Lemon Lime', 'Ivory', 'Antique Brass', 'Indigo']
16:18:27| Created - 16:18:22.106115: Large marble: Winner, marbles: ['Cobalt Blue', 'Maximum Blue', 'Cobalt Blue', 'Middle Red Purple', 'Chinese Red', 'Arylide Yellow', 'Almond']
16:18:27| Created - 16:18:22.180377: Large marble: Hercules, marbles: ['Pastel Gray', 'Indigo', 'Purple', 'Safety Yellow', 'Blue Bell', 'Granny Smith Apple', 'Rose Quartz']
16:18:27| Created - 16:18:22.254862: Large marble: Winner, marbles: ['Maximum Blue', 'Mimi Pink', 'Dark Fuchsia', 'Lemon Lime', 'Middle Green', 'Spanish Orange', 'Antique Bronze']
16:18:27| Created - 16:18:22.328789: Large marble: Hercules, marbles: ['Dark Fuchsia', 'Shandy', 'Tuscan Brown', 'Ruby', 'Rose Dust', 'Black Coral', 'Lemon Lime']
16:18:27| Created - 16:18:22.403760: Large marble: Spinner, marbles: ['Mimi Pink', 'Gold', 'Blue-Green', 'Middle Green', 'Golden Yellow', 'Maximum Purple', 'Golden Yellow']
16:18:27| Created - 16:18:22.477125: Large marble: Winner, marbles: ['Pale Taupe', 'Ivory', 'Royal Blue', 'Emerald', 'Orange Soda', 'Zomp', 'Icterine']
16:18:27| Created - 16:18:22.549963: Large marble: Zeus, marbles: ['Mimi Pink', 'Fiery Rose', 'Gold', 'Gold', 'Antique Bronze', 'Honeydew', 'Blue Bell']
16:18:27| Created - 16:18:22.622629: Large marble: Sure Shot, marbles: ['Thulian Pink', 'Antique Bronze', 'Sheen Green', 'Pale Plum', 'Vegas Gold', 'Auburn', 'Cobalt Blue']
16:18:27| Created - 16:18:22.696278: Large marble: Lucky, marbles: ['Almond', 'Middle Green', 'Arylide Yellow', 'Lavender Blue', 'Chinese Red', 'Terra Cotta', 'Middle Red Purple']
16:18:27| Created - 16:18:22.769718: Large marble: Hercules, marbles: ['Duke Blue', 'Lilac Luster', 'Spanish Orange', 'Almond', 'Granny Smith Apple', 'Spanish Carmine', 'Orange Soda']
16:18:27| Created - 16:18:22.843759: Large marble: Apollo, marbles: ['Mint Green', 'Lilac Luster', 'Royal Blue', 'Indigo', 'Spanish Carmine', 'Gold', 'White Smoke']
16:18:27| Created - 16:18:22.917685: Large marble: Big Joe, marbles: ['Middle Green', 'Blue', 'Pastel Blue', 'Spanish Carmine', 'Russian Violet', 'Russian Green', 'Royal Red']
16:18:27| Created - 16:18:22.992258: Large marble: Sure Shot, marbles: ['Spanish Pink', 'Blue', 'La Salle Green', 'Russian Green', 'Lavender Blue', 'Orange Soda', 'Russian Green']
16:18:27| Created - 16:18:23.066268: Large marble: Sure Shot, marbles: ['Light Orange', 'Russian Green', 'Brink Pink', 'Pale Plum', 'Safety Yellow', 'Granny Smith Apple', 'Russian Green']
16:18:27| Created - 16:18:23.139721: Large marble: Spinner, marbles: ['Cotton Candy', 'Blue-Green', 'Russian Green', 'Sage', 'Thulian Pink', 'Lavender Purple', 'Cobalt Blue']
16:18:27| Created - 16:18:23.217217: Large marble: Sure Shot, marbles: ['Pastel Blue', 'Green', 'Green', 'Neon Dark Green', 'Bistre Brown', 'Granny Smith Apple', 'Silver Chalice']
16:18:27| Created - 16:18:23.292218: Large marble: Big Joe, marbles: ['Terra Cotta', 'Icterine', 'Terra Cotta', 'Arylide Yellow', 'Candy Pink', 'Mimi Pink', 'Maximum Purple']
16:18:27| Created - 16:18:23.366261: Large marble: Zeus, marbles: ['Gold', 'Middle Green', 'Emerald', 'Antique Brass', 'Zomp', 'Pale Plum', 'Silver Pink']
16:18:27| Created - 16:18:23.440070: Large marble: Lucky, marbles: ['Chinese Red', 'Spanish Carmine', 'Ivory', 'Antique Brass', 'La Salle Green', 'Mango Tango', 'Light Orchid']
16:18:27| Created - 16:18:23.514227: Large marble: Lucky, marbles: ['Gold', 'Russian Green', 'Rose Quartz', 'Lumber', 'Blue', 'Maximum Blue', 'Green']
16:18:27| Created - 16:18:23.588935: Large marble: Sure Shot, marbles: ['Cotton Candy', 'Royal Orange', 'Icterine', 'Middle Red Purple', 'Liver Chestnut', 'Blue', 'Middle Green Yellow']
16:18:27| Created - 16:18:23.661965: Large marble: Zeus, marbles: ['Black Coral', 'Antique Brass', 'Antique Brass', 'Cotton Candy', 'Dark Fuchsia', 'Ivory', 'Neon Silver']
16:18:27| Created - 16:18:23.736013: Large marble: Winner, marbles: ['Mode Beige', 'Spanish Carmine', 'Gold', 'Platinum', 'Orange Peel', 'Lilac Luster', 'La Salle Green']
16:18:27| Created - 16:18:23.810770: Large marble: Apollo, marbles: ['Rose Dust', 'Light Orchid', 'Brink Pink', 'Royal Blue', 'Golden Yellow', 'Dark Moss Green', 'Outrageous Orange']
16:18:27| Created - 16:18:23.884026: Large marble: Sure Shot, marbles: ['Spanish Orange', 'Mint Green', 'Royal Red', 'Mango Tango', 'Spanish Orange', 'Terra Cotta', 'Sage']
16:18:27| Created - 16:18:23.958417: Large marble: Hercules, marbles: ['Stop Red', 'Russian Violet', 'La Salle Green', 'Emerald', 'Mint Cream', 'Brown', 'Golden Yellow']
16:18:27| Created - 16:18:24.031407: Large marble: Lucky, marbles: ['Purple Plum', 'Spanish Carmine', 'Mulberry', 'Tuscan Brown', 'Cobalt Blue', 'Royal Blue', 'Granny Smith Apple']
16:18:27| Created - 16:18:24.105101: Large marble: Winner, marbles: ['Middle Green Yellow', 'Mulberry', 'Royal Blue', 'Big Dip O’ruby', 'Spanish Carmine', 'Lavender Purple', 'Safety Yellow']
16:18:27| Created - 16:18:24.178810: Large marble: Big Joe, marbles: ['Mango Tango', 'Royal Blue', 'Chinese Red', 'Pale Goldenrod', 'Neon Pink', 'Neon Silver', 'Silver Chalice']
16:18:27| Created - 16:18:24.252272: Large marble: Spinner, marbles: ['Outrageous Orange', 'Thulian Pink', 'Lumber', 'Ivory', 'Brink Pink', 'Middle Green Yellow', 'Sage']
16:18:27| Created - 16:18:24.325899: Large marble: Sure Shot, marbles: ['Duke Blue', 'Pastel Gray', 'Neon Pink', 'Lavender Blue', 'Thulian Pink', 'Lavender Blue', 'Cobalt Blue']
16:18:27| Created - 16:18:24.399327: Large marble: Winner, marbles: ['Neon Silver', 'Mode Beige', 'Safety Yellow', 'Ruby', 'Black Coral', 'Emerald', 'Emerald']
16:18:27| Created - 16:18:24.473901: Large marble: Apollo, marbles: ['Royal Red', 'Ruby', 'Indigo', 'Golden Yellow', 'Terra Cotta', 'Golden Yellow', 'Beaver']
16:18:27| Created - 16:18:24.548921: Large marble: Hercules, marbles: ['Rose Dust', 'Liver Chestnut', 'Eerie Black', 'Blue-Green', 'Sheen Green', 'Terra Cotta', 'Pale Cerulean']
16:18:27| Created - 16:18:24.622832: Large marble: Zeus, marbles: ['Ivory', 'Silver Pink', 'Light Orchid', 'Middle Green', 'Mode Beige', 'Antique Brass', 'Pastel Blue']
16:18:27| Created - 16:18:24.697929: Large marble: Apollo, marbles: ['Antique Brass', 'Tuscan Brown', 'Spanish Carmine', 'La Salle Green', 'White Smoke', 'Pastel Gray', 'Gold']
16:18:27| Created - 16:18:24.771651: Large marble: Lucky, marbles: ['Pastel Gray', 'Mango Tango', 'Sheen Green', 'Platinum', 'Slate Blue', 'Thulian Pink', 'Cotton Candy']
16:18:27| Created - 16:18:24.845718: Large marble: Zeus, marbles: ['Spanish Orange', 'Mint Green', 'Emerald', 'Granny Smith Apple', 'Light Orchid', 'Orange Soda', 'Stop Red']
16:18:27| Created - 16:18:24.919626: Large marble: Big Joe, marbles: ['White Smoke', 'Chinese Red', 'Liver Chestnut', 'Mulberry', 'Lavender Purple', 'Lemon Lime', 'Ivory']
16:18:27| Created - 16:18:24.994121: Large marble: 5-Star, marbles: ['Mint Cream', 'Cobalt Blue', 'Chinese Red', 'Middle Green Yellow', 'Pastel Blue', 'Middle Green', 'Orange Soda']
16:18:27| Created - 16:18:25.067130: Large marble: Zeus, marbles: ['Silver Chalice', 'Venetian Red', 'Russian Green', 'Middle Green', 'Terra Cotta', 'Pale Goldenrod', 'Pale Taupe']
16:18:27| Created - 16:18:25.140273: Large marble: Apollo, marbles: ['Honeydew', 'Mode Beige', 'Safety Yellow', 'Antique Brass', 'Russian Green', 'Pale Cerulean', 'Gold']
16:18:27| Created - 16:18:25.214360: Large marble: Sure Shot, marbles: ['Purple', 'Fiery Rose', 'Mimi Pink', 'Pale Plum', 'Lumber', 'Pale Plum', 'Gold']
16:18:27| Created - 16:18:25.287219: Large marble: Hercules, marbles: ['Thulian Pink', 'Bistre Brown', 'Maximum Purple', 'Maximum Blue', 'Chinese Red', 'Liver Chestnut', 'Safety Yellow']
16:18:27| Created - 16:18:25.361367: Large marble: 5-Star, marbles: ['Tuscan Brown', 'Lilac Luster', 'Neon Pink', 'Rose Dust', 'Brown', 'Royal Blue', 'Venetian Red']
16:18:27| Created - 16:18:25.434999: Large marble: Apollo, marbles: ['Light Orchid', 'Neon Pink', 'Silver Pink', 'Light Orange', 'Shandy', 'Pale Taupe', 'Russian Green']
16:18:27| Created - 16:18:25.509246: Large marble: Zeus, marbles: ['Orange Soda', 'Mulberry', 'Venetian Red', 'Royal Red', 'Neon Pink', 'Dark Moss Green', 'Stop Red']
16:18:27| Created - 16:18:25.583526: Large marble: Zeus, marbles: ['Pale Cerulean', 'Eerie Black', 'Dark Moss Green', 'Arylide Yellow', 'Royal Blue', 'Chinese Red', 'Auburn']
16:18:27| Created - 16:18:25.657743: Large marble: Spinner, marbles: ['Safety Yellow', 'Mango Tango', 'Mimi Pink', 'Pale Plum', 'Platinum', 'Blue Bell', 'Maximum Blue']
16:18:27| Created - 16:18:25.731121: Large marble: Zeus, marbles: ['Platinum', 'Neon Silver', 'Mango Tango', 'Vegas Gold', 'White Smoke', 'Ruby', 'Dark Fuchsia']
16:18:27| Created - 16:18:25.806037: Large marble: Zeus, marbles: ['La Salle Green', 'Russian Violet', 'Shandy', 'Royal Orange', 'Pale Goldenrod', 'Thulian Pink', 'Bistre Brown']
16:18:27| Created - 16:18:25.879294: Large marble: Apollo, marbles: ['Mode Beige', 'Royal Red', 'Orange Soda', 'Mulberry', 'Honeydew', 'Icterine', 'Light Orchid']
16:18:27| Created - 16:18:25.952886: Large marble: Zeus, marbles: ['Lilac Luster', 'Middle Green', 'Middle Green Yellow', 'Honeydew', 'Maximum Purple', 'Auburn', 'Stop Red']
16:18:27| Created - 16:18:26.027199: Large marble: 5-Star, marbles: ['Gold', 'Emerald', 'Pale Cerulean', 'Middle Red Purple', 'Ivory', 'Mode Beige', 'Platinum']
16:18:27| Created - 16:18:26.101571: Large marble: Big Joe, marbles: ['Light Orchid', 'Brink Pink', 'Lavender Blue', 'Middle Green', 'Isabelline', 'Isabelline', 'Middle Green Yellow']
16:18:27| Created - 16:18:26.176147: Large marble: Apollo, marbles: ['Indigo', 'Liver Chestnut', 'Pastel Gray', 'Middle Green Yellow', 'Indigo', 'Chinese Red', 'Blue Bell']
16:18:27| Created - 16:18:26.249439: Large marble: Winner, marbles: ['Orange Peel', 'Bistre Brown', 'Icterine', 'Green', 'Fiery Rose', 'Orange Soda', 'Mimi Pink']
16:18:27| Created - 16:18:26.323338: Large marble: Hercules, marbles: ['Middle Red Purple', 'Candy Pink', 'Tuscan Brown', 'Liver Chestnut', 'Venetian Red', 'Purple Plum', 'Spanish Pink']
16:18:27| Created - 16:18:26.397416: Large marble: 5-Star, marbles: ['Big Dip O’ruby', 'Arylide Yellow', 'Gold', 'Mulberry', 'Brink Pink', 'Antique Bronze', 'Thulian Pink']
16:18:27| Created - 16:18:26.471423: Large marble: Apollo, marbles: ['Orange Peel', 'Thulian Pink', 'Granny Smith Apple', 'Arylide Yellow', 'Auburn', 'Zomp', 'Sage']
16:18:27| Created - 16:18:26.544951: Large marble: Spinner, marbles: ['Orange Soda', 'Mango Tango', 'Brink Pink', 'Brink Pink', 'Royal Orange', 'Lavender Blue', 'Blue Bell']
16:18:27| Created - 16:18:26.619051: Large marble: Spinner, marbles: ['Russian Green', 'Sheen Green', 'Auburn', 'Mint Green', 'Antique Brass', 'Maximum Violet', 'Duke Blue']
16:18:27| Created - 16:18:26.692879: Large marble: Winner, marbles: ['Chinese Red', 'Cobalt Blue', 'Shandy', 'Maximum Blue', 'Candy Pink', 'Spanish Orange', 'Spanish Pink']
16:18:27| Created - 16:18:26.766341: Large marble: Hercules, marbles: ['Silver Pink', 'Isabelline', 'Duke Blue', 'Golden Yellow', 'Neon Silver', 'Safety Yellow', 'Mint Cream']
16:18:27| Created - 16:18:26.840680: Large marble: Zeus, marbles: ['Pale Taupe', 'Blue-Green', 'Lilac Luster', 'Middle Green Yellow', 'Green', 'Maximum Blue', 'Lumber']
16:18:27| Created - 16:18:26.914696: Large marble: 5-Star, marbles: ['Rose Dust', 'Venetian Red', 'Spanish Carmine', 'Russian Green', 'Purple', 'Shandy']
16:18:27| Number of gifts created: 143
