15:46:56| Marble count     = 1000
15:46:56| Marble delay     = 0.01
15:46:56| Marbles in a bag = 7
15:46:56| Bagger delay     = 0.05
15:46:56| Assembler delay  = 0.05
15:46:56| Wrapper delay    = 0.05
15:46:56| Create the processes
15:46:56| Starting the processes
15:46:56| Waiting for processes to finish
15:47:08| Contents of boxes.txt
15:47:08| Created - 15:46:57.831212: ('Sure Shot', ['Blue Bell', 'Lemon Lime', 'Neon Dark Green', 'Platinum', 'Spanish Carmine', 'Mint Green', 'Almond'])
15:47:08| Created - 15:46:57.905515: ('Big Joe', ['Middle Red Purple', 'Arylide Yellow', 'Terra Cotta', 'Lavender Purple', 'Rose Dust', 'Spanish Orange', 'Blue-Green'])
15:47:08| Created - 15:46:57.978990: ('Spinner', ['Orange Peel', 'Chinese Red', 'Mint Cream', 'White Smoke', 'Orange Soda', 'Dark Fuchsia', 'La Salle Green'])
15:47:08| Created - 15:46:58.052915: ('Sure Shot', ['Black Coral', 'Antique Bronze', 'Purple Plum', 'Mimi Pink', 'Pale Taupe', 'Duke Blue', 'Blue'])
15:47:08| Created - 15:46:58.125818: ('5-Star', ['Cotton Candy', 'Neon Pink', 'Almond', 'Dark Moss Green', 'Ruby', 'Granny Smith Apple', 'Vegas Gold'])
15:47:08| Created - 15:46:58.200622: ('Hercules', ['Lilac Luster', 'Sage', 'Gold', 'Tuscan Brown', 'Lemon Lime', 'Middle Green', 'Russian Violet'])
15:47:08| Created - 15:46:58.274147: ('5-Star', ['Antique Bronze', 'Mulberry', 'Russian Violet', 'Maximum Violet', 'Terra Cotta', 'Golden Yellow', 'Arylide Yellow'])
15:47:08| Created - 15:46:58.348223: ('Apollo', ['Middle Green Yellow', 'Cotton Candy', 'Russian Violet', 'Purple Plum', 'Cotton Candy', 'Mode Beige', 'Golden Yellow'])
15:47:08| Created - 15:46:58.421846: ('Zeus', ['Pastel Gray', 'Orange Soda', 'Almond', 'Lilac Luster', 'Pale Plum', 'Royal Orange', 'Brown'])
15:47:08| Created - 15:46:58.495458: ('Sure Shot', ['Vegas Gold', 'Brink Pink', 'Neon Pink', 'Royal Blue', 'Outrageous Orange', 'Mode Beige', 'Light Orange'])
15:47:08| Created - 15:46:58.569880: ('Sure Shot', ['Sage', 'Slate Blue', 'Mint Green', 'Lemon Lime', 'Lavender Blue', 'Pastel Blue', 'Chinese Red'])
15:47:08| Created - 15:46:58.643466: ('Spinner', ['Maximum Purple', 'Venetian Red', 'Dark Fuchsia', 'Russian Violet', 'Honeydew', 'Pale Goldenrod', 'Rose Dust'])
15:47:08| Created - 15:46:58.717279: ('Lucky', ['Neon Pink', 'Blue-Green', 'Platinum', 'Antique Bronze', 'Terra Cotta', 'Safety Yellow', 'Pastel Blue'])
15:47:08| Created - 15:46:58.790007: ('Spinner', ['Slate Blue', 'Big Dip O’ruby', 'Neon Silver', 'Pale Goldenrod', 'Spanish Pink', 'Neon Pink', 'Russian Green'])
15:47:08| Created - 15:46:58.864105: ('Winner', ['Blue Bell', 'Outrageous Orange', 'Gold', 'Arylide Yellow', 'Auburn', 'Neon Pink', 'Orange Soda'])
15:47:08| Created - 15:46:58.937089: ('Big Joe', ['Shandy', 'Venetian Red', 'Spanish Orange', 'Brink Pink', 'Venetian Red', 'Stop Red', 'Green'])
15:47:08| Created - 15:46:59.010563: ('Apollo', ['Russian Violet', 'Purple', 'Beaver', 'Spanish Pink', 'Gold', 'Cobalt Blue', 'Sage'])
15:47:08| Created - 15:46:59.084284: ('Spinner', ['Gold', 'Royal Orange', 'Lumber', 'Candy Pink', 'Sage', 'Mode Beige', 'Venetian Red'])
15:47:08| Created - 15:46:59.157466: ('Sure Shot', ['Russian Green', 'Russian Violet', 'Blue Bell', 'Ivory', 'Honeydew', 'Light Orchid', 'Cobalt Blue'])
15:47:08| Created - 15:46:59.230862: ('Lucky', ['Icterine', 'Spanish Pink', 'Safety Yellow', 'Spanish Pink', 'Blue-Green', 'Vegas Gold', 'Bistre Brown'])
15:47:08| Created - 15:46:59.303833: ('Apollo', ['Terra Cotta', 'Sage', 'Venetian Red', 'Spanish Pink', 'Pastel Blue', 'Almond', 'Zomp'])
15:47:08| Created - 15:46:59.378107: ('Big Joe', ['Safety Yellow', 'Russian Green', 'Ivory', 'Lavender Purple', 'Arylide Yellow', 'Bistre Brown', 'Zomp'])
15:47:08| Created - 15:46:59.452302: ('Winner', ['Pastel Blue', 'Tuscan Brown', 'Blue-Green', 'Spanish Pink', 'Green', 'Antique Bronze', 'Middle Green'])
15:47:08| Created - 15:46:59.526809: ('Zeus', ['Liver Chestnut', 'Indigo', 'Lavender Purple', 'Lilac Luster', 'Maximum Violet', 'Light Orchid', 'Blue'])
15:47:08| Created - 15:46:59.600651: ('Sure Shot', ['Dark Moss Green', 'Purple', 'Safety Yellow', 'Golden Yellow', 'Vegas Gold', 'Russian Green', 'Gold'])
15:47:08| Created - 15:46:59.674623: ('Zeus', ['Safety Yellow', 'Gold', 'Zomp', 'Thulian Pink', 'Royal Orange', 'Pale Goldenrod', 'Zomp'])
15:47:08| Created - 15:46:59.748708: ('Hercules', ['Brown', 'Indigo', 'Cobalt Blue', 'Russian Violet', 'Beaver', 'Purple Plum', 'Maximum Blue'])
15:47:08| Created - 15:46:59.821958: ('Sure Shot', ['Orange Soda', 'Rose Quartz', 'Zomp', 'Eerie Black', 'Lilac Luster', 'Stop Red', 'Silver Chalice'])
15:47:08| Created - 15:46:59.895380: ('Winner', ['Neon Silver', 'Mimi Pink', 'Black Coral', 'Neon Silver', 'Icterine', 'Mint Green', 'Beaver'])
15:47:08| Created - 15:46:59.968708: ('Hercules', ['Ivory', 'Blue-Green', 'Brink Pink', 'Almond', 'Platinum', 'Middle Green', 'Spanish Carmine'])
15:47:08| Created - 15:47:00.048133: ('Spinner', ['Granny Smith Apple', 'Black Coral', 'Rose Dust', 'Russian Violet', 'Bistre Brown', 'Dark Moss Green', 'Royal Red'])
15:47:08| Created - 15:47:00.122907: ('Zeus', ['Vegas Gold', 'Honeydew', 'Blue', 'Lilac Luster', 'Blue-Green', 'Indigo', 'Cobalt Blue'])
15:47:08| Created - 15:47:00.196744: ('Sure Shot', ['Green', 'Vegas Gold', 'Gold', 'Slate Blue', 'Mint Cream', 'Zomp', 'Dark Moss Green'])
15:47:08| Created - 15:47:00.269841: ('5-Star', ['Blue', 'Neon Pink', 'Brink Pink', 'Blue Bell', 'Eerie Black', 'Light Orchid', 'Lemon Lime'])
15:47:08| Created - 15:47:00.343169: ('Hercules', ['Silver Pink', 'Gold', 'Venetian Red', 'Lavender Purple', 'Spanish Carmine', 'Maximum Purple', 'Middle Red Purple'])
15:47:08| Created - 15:47:00.417946: ('Zeus', ['Maximum Purple', 'Lemon Lime', 'Duke Blue', 'Maximum Purple', 'Gold', 'Middle Green', 'Lavender Purple'])
15:47:08| Created - 15:47:00.491258: ('Zeus', ['Middle Green', 'Maximum Violet', 'Antique Bronze', 'Silver Chalice', 'Bistre Brown', 'Slate Blue', 'Neon Silver'])
15:47:08| Created - 15:47:00.563887: ('Lucky', ['Beaver', 'Ivory', 'Light Orange', 'Lemon Lime', 'Candy Pink', 'Safety Yellow', 'Middle Red Purple'])
15:47:08| Created - 15:47:00.636849: ('5-Star', ['Mimi Pink', 'Tuscan Brown', 'Slate Blue', 'Honeydew', 'Light Orange', 'Blue', 'Middle Green Yellow'])
15:47:08| Created - 15:47:00.710379: ('Big Joe', ['Gold', 'Russian Violet', 'Middle Green Yellow', 'Neon Silver', 'Middle Red Purple', 'Royal Red', 'Lilac Luster'])
15:47:08| Created - 15:47:00.783122: ('Winner', ['Mango Tango', 'Slate Blue', 'Antique Bronze', 'Zomp', 'Thulian Pink', 'Fiery Rose', 'Russian Violet'])
15:47:08| Created - 15:47:00.857160: ('Sure Shot', ['Royal Blue', 'Blue', 'Russian Green', 'Duke Blue', 'Maximum Violet', 'Outrageous Orange', 'Cotton Candy'])
15:47:08| Created - 15:47:00.930231: ('Winner', ['Brown', 'Granny Smith Apple', 'Middle Red Purple', 'Pastel Blue', 'Lumber', 'La Salle Green', 'Cobalt Blue'])
15:47:08| Created - 15:47:01.006700: ('Lucky', ['Pale Taupe', 'Green', 'Venetian Red', 'Silver Pink', 'Golden Yellow', 'Dark Moss Green', 'Black Coral'])
15:47:08| Created - 15:47:01.085781: ('Lucky', ['Arylide Yellow', 'Royal Blue', 'Dark Moss Green', 'Safety Yellow', 'Ivory', 'Spanish Orange', 'Pastel Blue'])
15:47:08| Created - 15:47:01.158611: ('Big Joe', ['Mint Green', 'Blue-Green', 'Gold', 'Ruby', 'Arylide Yellow', 'Auburn', 'Pale Cerulean'])
15:47:08| Created - 15:47:01.231426: ('Lucky', ['Orange Soda', 'Dark Moss Green', 'Zomp', 'Brown', 'Vegas Gold', 'Granny Smith Apple', 'Eerie Black'])
15:47:08| Created - 15:47:01.304055: ('5-Star', ['Golden Yellow', 'Rose Dust', 'Mulberry', 'Big Dip O’ruby', 'Black Coral', 'White Smoke', 'Light Orange'])
15:47:08| Created - 15:47:01.377779: ('Winner', ['Auburn', 'Outrageous Orange', 'Mode Beige', 'Gold', 'Stop Red', 'Mint Green', 'Maximum Blue'])
15:47:08| Created - 15:47:01.450709: ('Apollo', ['Golden Yellow', 'Emerald', 'Pastel Blue', 'Gold', 'Almond', 'Safety Yellow', 'Platinum'])
15:47:08| Created - 15:47:01.524689: ('Hercules', ['Liver Chestnut', 'Spanish Orange', 'Dark Fuchsia', 'Antique Brass', 'Mango Tango', 'Granny Smith Apple', 'Granny Smith Apple'])
15:47:08| Created - 15:47:01.598043: ('5-Star', ['Russian Violet', 'Russian Green', 'Orange Soda', 'Brown', 'Maximum Violet', 'Middle Green', 'Light Orchid'])
15:47:08| Created - 15:47:01.672538: ('Lucky', ['Royal Red', 'Safety Yellow', 'Shandy', 'Purple', 'Orange Peel', 'Orange Peel', 'Silver Chalice'])
15:47:08| Created - 15:47:01.745601: ('Sure Shot', ['Ruby', 'Lavender Blue', 'Arylide Yellow', 'Brown', 'Spanish Carmine', 'Candy Pink', 'Maximum Blue'])
15:47:08| Created - 15:47:01.818914: ('Spinner', ['Russian Violet', 'Emerald', 'Rose Quartz', 'Chinese Red', 'Neon Silver', 'Cobalt Blue', 'Spanish Carmine'])
15:47:08| Created - 15:47:01.891995: ('Winner', ['Russian Green', 'Brown', 'Lavender Blue', 'Blue-Green', 'Fiery Rose', 'Duke Blue', 'Outrageous Orange'])
15:47:08| Created - 15:47:01.965063: ('Hercules', ['Slate Blue', 'Maximum Blue', 'Middle Green Yellow', 'Spanish Orange', 'Outrageous Orange', 'Blue-Green', 'Lumber'])
15:47:08| Created - 15:47:02.041635: ('Winner', ['Big Dip O’ruby', 'Brink Pink', 'Royal Red', 'Green', 'Emerald', 'Brink Pink', 'Outrageous Orange'])
15:47:08| Created - 15:47:02.115799: ('Zeus', ['Big Dip O’ruby', 'White Smoke', 'Mimi Pink', 'Shandy', 'Big Dip O’ruby', 'Middle Red Purple', 'Royal Red'])
15:47:08| Created - 15:47:02.189830: ('Spinner', ['Candy Pink', 'Slate Blue', 'Pastel Blue', 'Royal Red', 'Dark Moss Green', 'Orange Peel', 'Stop Red'])
15:47:08| Created - 15:47:02.265485: ('Hercules', ['Middle Green Yellow', 'Terra Cotta', 'White Smoke', 'Blue Bell', 'Indigo', 'Venetian Red', 'Green'])
15:47:08| Created - 15:47:02.339900: ('Winner', ['Sheen Green', 'Venetian Red', 'Chinese Red', 'Big Dip O’ruby', 'Honeydew', 'Sheen Green', 'Slate Blue'])
15:47:08| Created - 15:47:02.413352: ('Lucky', ['Safety Yellow', 'Golden Yellow', 'Blue-Green', 'Dark Moss Green', 'Safety Yellow', 'Orange Soda', 'Dark Moss Green'])
15:47:08| Created - 15:47:02.486795: ('Winner', ['Orange Peel', 'Safety Yellow', 'Light Orange', 'Dark Fuchsia', 'Isabelline', 'Pastel Blue', 'Beaver'])
15:47:08| Created - 15:47:02.563401: ('Sure Shot', ['Lumber', 'Gold', 'Orange Soda', 'Terra Cotta', 'Brown', 'Safety Yellow', 'Golden Yellow'])
15:47:08| Created - 15:47:02.637138: ('Apollo', ['Shandy', 'Mulberry', 'Dark Moss Green', 'Pastel Gray', 'Icterine', 'Mint Green', 'Fiery Rose'])
15:47:08| Created - 15:47:02.709994: ('5-Star', ['Dark Moss Green', 'Terra Cotta', 'Orange Peel', 'Brink Pink', 'Beaver', 'Neon Silver', 'Spanish Orange'])
15:47:08| Created - 15:47:02.783243: ('Apollo', ['Purple Plum', 'Pale Plum', 'Neon Pink', 'Mulberry', 'Lavender Blue', 'Middle Green Yellow', 'Shandy'])
15:47:08| Created - 15:47:02.856896: ('Apollo', ['Shandy', 'Middle Red Purple', 'Neon Dark Green', 'Neon Pink', 'Vegas Gold', 'Slate Blue', 'Zomp'])
15:47:08| Created - 15:47:02.930040: ('Spinner', ['Brink Pink', 'Zomp', 'Big Dip O’ruby', 'Royal Orange', 'Sheen Green', 'Pale Goldenrod', 'Safety Yellow'])
15:47:08| Created - 15:47:03.002966: ('Sure Shot', ['Blue Bell', 'Icterine', 'Mint Cream', 'Cobalt Blue', 'Ruby', 'Chinese Red', 'Mango Tango'])
15:47:08| Created - 15:47:03.077016: ('5-Star', ['Antique Bronze', 'Royal Red', 'Pale Taupe', 'Sage', 'Big Dip O’ruby', 'Brink Pink', 'Spanish Pink'])
15:47:08| Created - 15:47:03.150722: ('Big Joe', ['Arylide Yellow', 'Lilac Luster', 'Lumber', 'Pale Taupe', 'Middle Green Yellow', 'Dark Fuchsia', 'La Salle Green'])
15:47:08| Created - 15:47:03.224399: ('Apollo', ['La Salle Green', 'Light Orange', 'Pale Cerulean', 'Ivory', 'Shandy', 'Gold', 'Silver Pink'])
15:47:08| Created - 15:47:03.304700: ('Winner', ['Russian Green', 'Auburn', 'Tuscan Brown', 'Duke Blue', 'Light Orange', 'La Salle Green', 'Lavender Purple'])
15:47:08| Created - 15:47:03.379488: ('Apollo', ['Blue Bell', 'Shandy', 'Sheen Green', 'Royal Red', 'White Smoke', 'Emerald', 'Ivory'])
15:47:08| Created - 15:47:03.452755: ('Sure Shot', ['Lemon Lime', 'Mode Beige', 'Silver Pink', 'Sheen Green', 'White Smoke', 'Russian Green', 'Lumber'])
15:47:08| Created - 15:47:03.525532: ('Zeus', ['Mode Beige', 'Auburn', 'Royal Orange', 'Almond', 'Pale Goldenrod', 'Pale Plum', 'Duke Blue'])
15:47:08| Created - 15:47:03.599902: ('Apollo', ['Middle Green', 'Gold', 'Tuscan Brown', 'Sage', 'Dark Moss Green', 'Almond', 'Stop Red'])
15:47:08| Created - 15:47:03.673839: ('Apollo', ['Silver Chalice', 'Sage', 'Cotton Candy', 'Big Dip O’ruby', 'Sage', 'Pale Cerulean', 'Tuscan Brown'])
15:47:08| Created - 15:47:03.748218: ('Winner', ['Silver Pink', 'Beaver', 'Arylide Yellow', 'Rose Quartz', 'Purple Plum', 'La Salle Green', 'Rose Quartz'])
15:47:08| Created - 15:47:03.821530: ('Big Joe', ['Granny Smith Apple', 'Rose Quartz', 'White Smoke', 'Mint Cream', 'White Smoke', 'White Smoke', 'Beaver'])
15:47:08| Created - 15:47:03.894192: ('Spinner', ['Black Coral', 'Maximum Purple', 'Blue Bell', 'Lilac Luster', 'Sheen Green', 'Outrageous Orange', 'Black Coral'])
15:47:08| Created - 15:47:03.967608: ('5-Star', ['Spanish Orange', 'Duke Blue', 'Outrageous Orange', 'Liver Chestnut', 'Gold', 'Outrageous Orange', 'Neon Silver'])
15:47:08| Created - 15:47:04.042715: ('Winner', ['Mode Beige', 'Arylide Yellow', 'Slate Blue', 'Pale Taupe', 'Spanish Orange', 'Cotton Candy', 'Tuscan Brown'])
15:47:08| Created - 15:47:04.116902: ('Lucky', ['Rose Dust', 'Gold', 'Outrageous Orange', 'Neon Dark Green', 'Black Coral', 'Neon Pink', 'Orange Soda'])
15:47:08| Created - 15:47:04.191029: ('Spinner', ['La Salle Green', 'Isabelline', 'Maximum Purple', 'Lavender Purple', 'Chinese Red', 'Antique Brass', 'Platinum'])
15:47:08| Created - 15:47:04.264954: ('Winner', ['Stop Red', 'Pale Goldenrod', 'Neon Pink', 'Royal Red', 'Auburn', 'Middle Green', 'Golden Yellow'])
15:47:08| Created - 15:47:04.337672: ('Sure Shot', ['White Smoke', 'Antique Brass', 'Orange Soda', 'Purple', 'Ruby', 'Candy Pink', 'White Smoke'])
15:47:08| Created - 15:47:04.416052: ('Lucky', ['Dark Moss Green', 'Silver Pink', 'Middle Red Purple', 'Purple', 'Royal Orange', 'Ivory', 'Zomp'])
15:47:08| Created - 15:47:04.490455: ('Sure Shot', ['Lavender Purple', 'White Smoke', 'Brink Pink', 'Brink Pink', 'Chinese Red', 'Silver Pink', 'Honeydew'])
15:47:08| Created - 15:47:04.564040: ('Winner', ['Blue', 'Light Orchid', 'Cotton Candy', 'Emerald', 'Stop Red', 'Blue-Green', 'Middle Red Purple'])
15:47:08| Created - 15:47:04.637473: ('Winner', ['Pale Goldenrod', 'Slate Blue', 'Light Orchid', 'Middle Green', 'Dark Moss Green', 'Blue Bell', 'Indigo'])
15:47:08| Created - 15:47:04.710863: ('Lucky', ['Candy Pink', 'Silver Pink', 'Brink Pink', 'Fiery Rose', 'Blue-Green', 'Isabelline', 'Outrageous Orange'])
15:47:08| Created - 15:47:04.784387: ('5-Star', ['Platinum', 'La Salle Green', 'Outrageous Orange', 'Purple Plum', 'Golden Yellow', 'Neon Silver', 'Emerald'])
15:47:08| Created - 15:47:04.857725: ('Winner', ['Rose Quartz', 'Green', 'Royal Orange', 'Brown', 'Platinum', 'Outrageous Orange', 'Orange Soda'])
15:47:08| Created - 15:47:04.930863: ('Sure Shot', ['Sage', 'Neon Dark Green', 'Antique Brass', 'Purple Plum', 'Maximum Violet', 'Maximum Blue', 'Black Coral'])
15:47:08| Created - 15:47:05.004484: ('Hercules', ['Arylide Yellow', 'Mint Cream', 'Eerie Black', 'Gold', 'Almond', 'Pale Plum', 'Fiery Rose'])
15:47:08| Created - 15:47:05.078170: ('5-Star', ['Spanish Pink', 'Blue', 'Auburn', 'Spanish Orange', 'Royal Red', 'Dark Moss Green', 'Pastel Blue'])
15:47:08| Created - 15:47:05.151238: ('Winner', ['Middle Green Yellow', 'Black Coral', 'Brown', 'Sage', 'Maximum Violet', 'Mint Green', 'Outrageous Orange'])
15:47:08| Created - 15:47:05.225260: ('Zeus', ['Middle Red Purple', 'Black Coral', 'Green', 'Vegas Gold', 'Orange Soda', 'Gold', 'Isabelline'])
15:47:08| Created - 15:47:05.299078: ('Hercules', ['Emerald', 'Pale Cerulean', 'Thulian Pink', 'Spanish Orange', 'Pale Goldenrod', 'Slate Blue', 'Spanish Orange'])
15:47:08| Created - 15:47:05.372316: ('Hercules', ['La Salle Green', 'Spanish Orange', 'Light Orchid', 'Outrageous Orange', 'Antique Bronze', 'Bistre Brown', 'Spanish Carmine'])
15:47:08| Created - 15:47:05.445444: ('Sure Shot', ['Maximum Purple', 'Cotton Candy', 'Gold', 'Arylide Yellow', 'Silver Chalice', 'Sheen Green', 'Shandy'])
15:47:08| Created - 15:47:05.520246: ('Zeus', ['Arylide Yellow', 'Chinese Red', 'Brink Pink', 'Liver Chestnut', 'Dark Moss Green', 'Big Dip O’ruby', 'Pastel Gray'])
15:47:08| Created - 15:47:05.593586: ('Big Joe', ['Fiery Rose', 'Granny Smith Apple', 'Royal Orange', 'Lilac Luster', 'Cotton Candy', 'Light Orange', 'Almond'])
15:47:08| Created - 15:47:05.666374: ('Winner', ['Mode Beige', 'Fiery Rose', 'Dark Fuchsia', 'Icterine', 'Isabelline', 'Stop Red', 'Lemon Lime'])
15:47:08| Created - 15:47:05.740384: ('Zeus', ['Stop Red', 'Cotton Candy', 'Lavender Purple', 'Gold', 'Big Dip O’ruby', 'Silver Pink', 'Maximum Blue'])
15:47:08| Created - 15:47:05.813452: ('Winner', ['Orange Soda', 'Middle Green Yellow', 'White Smoke', 'Brink Pink', 'Orange Peel', 'Almond', 'Pastel Blue'])
15:47:08| Created - 15:47:05.887681: ('Hercules', ['Vegas Gold', 'Stop Red', 'Mulberry', 'Rose Dust', 'Big Dip O’ruby', 'Dark Moss Green', 'Royal Orange'])
15:47:08| Created - 15:47:05.960180: ('Apollo', ['Venetian Red', 'Pastel Gray', 'Russian Violet', 'Orange Soda', 'Mango Tango', 'Black Coral', 'Green'])
15:47:08| Created - 15:47:06.034192: ('Lucky', ['Pastel Blue', 'La Salle Green', 'Middle Green Yellow', 'Indigo', 'Duke Blue', 'Silver Chalice', 'Blue-Green'])
15:47:08| Created - 15:47:06.107071: ('Hercules', ['Granny Smith Apple', 'Orange Soda', 'Mode Beige', 'Neon Silver', 'Granny Smith Apple', 'Pale Goldenrod', 'Lavender Purple'])
15:47:08| Created - 15:47:06.181318: ('Hercules', ['Pastel Gray', 'La Salle Green', 'Maximum Blue', 'Spanish Pink', 'Brown', 'Mimi Pink', 'Dark Moss Green'])
15:47:08| Created - 15:47:06.254720: ('Hercules', ['Rose Quartz', 'Black Coral', 'Blue', 'Neon Dark Green', 'Gold', 'Orange Soda', 'Gold'])
15:47:08| Created - 15:47:06.327952: ('Winner', ['Big Dip O’ruby', 'Vegas Gold', 'Beaver', 'Neon Silver', 'Ivory', 'Middle Green', 'Pale Taupe'])
15:47:08| Created - 15:47:06.402298: ('5-Star', ['Duke Blue', 'Lavender Blue', 'Almond', 'Pale Cerulean', 'Platinum', 'Lemon Lime', 'Neon Dark Green'])
15:47:08| Created - 15:47:06.475751: ('Zeus', ['Arylide Yellow', 'Pale Taupe', 'Silver Pink', 'Blue-Green', 'Orange Soda', 'Liver Chestnut', 'Antique Bronze'])
15:47:08| Created - 15:47:06.551344: ('Big Joe', ['Pale Cerulean', 'Icterine', 'Zomp', 'Antique Brass', 'Purple Plum', 'Almond', 'Blue Bell'])
15:47:08| Created - 15:47:06.626034: ('Sure Shot', ['Russian Violet', 'Auburn', 'Pastel Gray', 'Dark Fuchsia', 'Pale Plum', 'Pale Taupe', 'Mint Green'])
15:47:08| Created - 15:47:06.700434: ('Lucky', ['Mint Green', 'Brown', 'Pastel Gray', 'Icterine', 'Mango Tango', 'Spanish Carmine', 'Royal Red'])
15:47:08| Created - 15:47:06.773623: ('Sure Shot', ['Terra Cotta', 'Middle Green', 'Eerie Black', 'Middle Red Purple', 'Outrageous Orange', 'Purple', 'Honeydew'])
15:47:08| Created - 15:47:06.847461: ('Apollo', ['Dark Fuchsia', 'Pastel Blue', 'Middle Green', 'Middle Red Purple', 'Rose Quartz', 'Stop Red', 'Vegas Gold'])
15:47:08| Created - 15:47:06.921498: ('Sure Shot', ['Black Coral', 'Neon Silver', 'Vegas Gold', 'Sheen Green', 'Platinum', 'Blue', 'Mulberry'])
15:47:08| Created - 15:47:06.996427: ('5-Star', ['Royal Red', 'Dark Fuchsia', 'Isabelline', 'Terra Cotta', 'Slate Blue', 'Gold', 'Maximum Blue'])
15:47:08| Created - 15:47:07.072288: ('Spinner', ['Thulian Pink', 'Almond', 'Orange Soda', 'Pale Plum', 'Mimi Pink', 'Rose Dust', 'Cobalt Blue'])
15:47:08| Created - 15:47:07.145714: ('Sure Shot', ['Shandy', 'Big Dip O’ruby', 'Safety Yellow', 'Light Orchid', 'Rose Quartz', 'Neon Silver', 'Ruby'])
15:47:08| Created - 15:47:07.219771: ('Big Joe', ['Pale Taupe', 'Purple', 'Brink Pink', 'Arylide Yellow', 'Platinum', 'Royal Orange', 'Pale Plum'])
15:47:08| Created - 15:47:07.295014: ('Sure Shot', ['Outrageous Orange', 'Spanish Pink', 'Mulberry', 'Royal Blue', 'Duke Blue', 'Black Coral', 'Middle Green Yellow'])
15:47:08| Created - 15:47:07.368339: ('Winner', ['Sage', 'Beaver', 'Auburn', 'Pastel Gray', 'Orange Soda', 'Slate Blue', 'Dark Moss Green'])
15:47:08| Created - 15:47:07.442236: ('Spinner', ['Blue Bell', 'Orange Peel', 'Pastel Blue', 'Sheen Green', 'Pale Cerulean', 'Candy Pink', 'Fiery Rose'])
15:47:08| Created - 15:47:07.515550: ('Winner', ['Pale Cerulean', 'Thulian Pink', 'Thulian Pink', 'Lavender Blue', 'Lumber', 'Silver Chalice', 'Auburn'])
15:47:08| Created - 15:47:07.590211: ('Hercules', ['Blue', 'Royal Blue', 'Green', 'Silver Chalice', 'Outrageous Orange', 'Outrageous Orange', 'Zomp'])
15:47:08| Created - 15:47:07.665368: ('Lucky', ['Auburn', 'Fiery Rose', 'Gold', 'White Smoke', 'Chinese Red', 'Blue Bell', 'Platinum'])
15:47:08| Created - 15:47:07.738723: ('Sure Shot', ['Mode Beige', 'Arylide Yellow', 'Candy Pink', 'Light Orange', 'Beaver', 'Pale Taupe', 'Pale Goldenrod'])
15:47:08| Created - 15:47:07.812077: ('Sure Shot', ['Cotton Candy', 'Bistre Brown', 'Shandy', 'Duke Blue', 'Dark Fuchsia', 'Zomp', 'Auburn'])
15:47:08| Created - 15:47:07.886171: ('Zeus', ['Black Coral', 'Liver Chestnut', 'Stop Red', 'Lavender Blue', 'Arylide Yellow', 'Emerald', 'Pale Cerulean'])
15:47:08| Created - 15:47:07.962431: ('Sure Shot', ['Royal Orange', 'Orange Soda', 'Sheen Green', 'Silver Pink', 'Lavender Purple', 'Purple Plum', 'Dark Moss Green'])
15:47:08| Created - 15:47:08.038729: ('Winner', ['Pale Cerulean', 'Light Orchid', 'Auburn', 'Orange Peel', 'Outrageous Orange', 'Rose Quartz', 'Blue-Green'])
15:47:08| Created - 15:47:08.113262: ('Spinner', ['Blue', 'Orange Soda', 'Neon Silver', 'Middle Green', 'Purple Plum', 'Maximum Blue', 'Liver Chestnut'])
15:47:08| Created - 15:47:08.187412: ('Big Joe', ['Mint Green', 'Chinese Red', 'Thulian Pink', 'Neon Silver', 'Almond', 'Mint Green', 'Candy Pink'])
15:47:08| Created - 15:47:08.262333: ('Lucky', ['Purple', 'White Smoke', 'Antique Bronze', 'Auburn', 'La Salle Green', 'Lumber', 'Granny Smith Apple'])
15:47:08| Created - 15:47:08.336206: ('5-Star', ['Gold', 'Auburn', 'Fiery Rose', 'Fiery Rose', 'Almond', 'Lilac Luster'])
15:47:08| Number of gifts created: 143
