15:45:36| Marble count     = 1000
15:45:36| Marble delay     = 0.01
15:45:36| Marbles in a bag = 7
15:45:36| Bagger delay     = 0.05
15:45:36| Assembler delay  = 0.05
15:45:36| Wrapper delay    = 0.05
15:45:36| Create the processes
15:45:36| Starting the processes
15:45:36| Waiting for processes to finish
15:45:47| Contents of boxes.txt
15:45:47| 15:45:37.135276: ('Hercules', ['Venetian Red', 'Liver Chestnut', 'Venetian Red', 'Almond', 'Pale Goldenrod', 'Bistre Brown', 'Orange Peel'])
15:45:47| 15:45:37.208959: ('Winner', ['Orange Soda', 'Dark Moss Green', 'Arylide Yellow', 'Zomp', 'Shandy', 'Lemon Lime', 'Blue Bell'])
15:45:47| 15:45:37.285760: ('Sure Shot', ['Chinese Red', 'Beaver', 'Candy Pink', 'Mimi Pink', 'Vegas Gold', 'Candy Pink', 'Lavender Blue'])
15:45:47| 15:45:37.359051: ('5-Star', ['Pale Cerulean', 'Outrageous Orange', 'Green', 'Royal Orange', 'Blue', 'Neon Dark Green', 'Lemon Lime'])
15:45:47| 15:45:37.432478: ('Sure Shot', ['Spanish Carmine', 'Maximum Violet', 'Lavender Blue', 'Russian Violet', 'Emerald', 'Golden Yellow', 'Royal Blue'])
15:45:47| 15:45:37.507167: ('Winner', ['Middle Red Purple', 'Black Coral', 'Orange Soda', 'Blue', 'Ruby', 'Antique Brass', 'Pale Goldenrod'])
15:45:47| 15:45:37.580745: ('Sure Shot', ['Venetian Red', 'Fiery Rose', 'Icterine', 'Pale Taupe', 'Ruby', 'Mimi Pink', 'Ivory'])
15:45:47| 15:45:37.654041: ('5-Star', ['Icterine', 'Rose Quartz', 'Arylide Yellow', 'Vegas Gold', 'Silver Chalice', 'Candy Pink', 'Icterine'])
15:45:47| 15:45:37.726644: ('Lucky', ['Black Coral', 'Russian Violet', 'Big Dip O’ruby', 'Mode Beige', 'Maximum Violet', 'Platinum', 'Mimi Pink'])
15:45:47| 15:45:37.799980: ('Big Joe', ['Middle Green', 'Antique Bronze', 'Cotton Candy', 'Chinese Red', 'Russian Green', 'Pale Taupe', 'Lavender Purple'])
15:45:47| 15:45:37.873429: ('Spinner', ['Fiery Rose', 'Stop Red', 'Thulian Pink', 'Auburn', 'Russian Violet', 'Ivory', 'Ruby'])
15:45:47| 15:45:37.948412: ('Big Joe', ['Royal Red', 'Lavender Purple', 'Pastel Blue', 'Spanish Pink', 'Brink Pink', 'Antique Bronze', 'Orange Soda'])
15:45:47| 15:45:38.022404: ('Hercules', ['Neon Silver', 'Neon Dark Green', 'Slate Blue', 'Auburn', 'Light Orange', 'Middle Red Purple', 'Ivory'])
15:45:47| 15:45:38.096250: ('Spinner', ['Eerie Black', 'Granny Smith Apple', 'Duke Blue', 'Mulberry', 'Mulberry', 'Gold', 'Silver Pink'])
15:45:47| 15:45:38.170735: ('Zeus', ['Blue-Green', 'Rose Dust', 'Granny Smith Apple', 'Orange Soda', 'Pastel Gray', 'Lemon Lime', 'Duke Blue'])
15:45:47| 15:45:38.244534: ('5-Star', ['Zomp', 'Lumber', 'Beaver', 'Light Orchid', 'Sheen Green', 'Isabelline', 'Middle Red Purple'])
15:45:47| 15:45:38.318349: ('Apollo', ['Safety Yellow', 'Royal Orange', 'Antique Brass', 'Lavender Blue', 'Purple Plum', 'Mulberry', 'Golden Yellow'])
15:45:47| 15:45:38.392274: ('Zeus', ['Royal Orange', 'Zomp', 'Orange Soda', 'Almond', 'Green', 'Shandy', 'Dark Fuchsia'])
15:45:47| 15:45:38.465462: ('Zeus', ['Dark Moss Green', 'Terra Cotta', 'Silver Chalice', 'Mimi Pink', 'Safety Yellow', 'Blue Bell', 'Venetian Red'])
15:45:47| 15:45:38.539613: ('Hercules', ['Brink Pink', 'Lemon Lime', 'Russian Violet', 'Brown', 'Neon Silver', 'Liver Chestnut', 'Thulian Pink'])
15:45:47| 15:45:38.613175: ('Spinner', ['Purple', 'Lumber', 'Rose Quartz', 'Thulian Pink', 'Pale Goldenrod', 'Neon Dark Green', 'Pastel Gray'])
15:45:47| 15:45:38.686261: ('Winner', ['Rose Quartz', 'Honeydew', 'Brown', 'Terra Cotta', 'Isabelline', 'Chinese Red', 'Maximum Purple'])
15:45:47| 15:45:38.760081: ('Hercules', ['Bistre Brown', 'Isabelline', 'Zomp', 'Tuscan Brown', 'Cotton Candy', 'Spanish Carmine', 'Mulberry'])
15:45:47| 15:45:38.833405: ('Spinner', ['Zomp', 'Middle Green', 'Pale Plum', 'Lavender Purple', 'Mint Cream', 'Neon Silver', 'Slate Blue'])
15:45:47| 15:45:38.907334: ('Winner', ['Emerald', 'Brink Pink', 'Sage', 'Gold', 'Pale Goldenrod', 'Maximum Purple', 'Light Orchid'])
15:45:47| 15:45:38.982404: ('Zeus', ['Royal Red', 'Brown', 'Terra Cotta', 'Dark Fuchsia', 'Cotton Candy', 'Chinese Red', 'Lavender Purple'])
15:45:47| 15:45:39.056933: ('Sure Shot', ['Antique Bronze', 'Spanish Orange', 'White Smoke', 'Orange Peel', 'La Salle Green', 'Mode Beige', 'Cobalt Blue'])
15:45:47| 15:45:39.130842: ('Zeus', ['Maximum Violet', 'Venetian Red', 'Lavender Blue', 'Neon Silver', 'Dark Moss Green', 'Shandy', 'Vegas Gold'])
15:45:47| 15:45:39.204384: ('Spinner', ['Pale Cerulean', 'Lavender Purple', 'Orange Soda', 'Orange Soda', 'Brown', 'Fiery Rose', 'Antique Bronze'])
15:45:47| 15:45:39.278149: ('Big Joe', ['Maximum Blue', 'Chinese Red', 'Cotton Candy', 'Big Dip O’ruby', 'Liver Chestnut', 'Vegas Gold', 'Orange Soda'])
15:45:47| 15:45:39.352590: ('Apollo', ['Pale Goldenrod', 'Golden Yellow', 'Maximum Blue', 'Pastel Gray', 'Rose Quartz', 'Vegas Gold', 'Auburn'])
15:45:47| 15:45:39.425718: ('Big Joe', ['Honeydew', 'Thulian Pink', 'Platinum', 'Neon Silver', 'Maximum Blue', 'Honeydew', 'Slate Blue'])
15:45:47| 15:45:39.501415: ('Big Joe', ['Spanish Pink', 'Black Coral', 'Vegas Gold', 'Pale Goldenrod', 'Mulberry', 'White Smoke', 'Gold'])
15:45:47| 15:45:39.574939: ('Big Joe', ['Pale Goldenrod', 'Pale Cerulean', 'Cotton Candy', 'Stop Red', 'Russian Green', 'Blue', 'Brown'])
15:45:47| 15:45:39.648736: ('Big Joe', ['La Salle Green', 'Neon Silver', 'Beaver', 'Maximum Purple', 'Terra Cotta', 'Isabelline', 'Spanish Orange'])
15:45:47| 15:45:39.722112: ('Hercules', ['Gold', 'Ruby', 'White Smoke', 'Zomp', 'Mode Beige', 'Pastel Gray', 'Lemon Lime'])
15:45:47| 15:45:39.795122: ('Sure Shot', ['Maximum Blue', 'Orange Soda', 'Orange Soda', 'Antique Brass', 'Bistre Brown', 'Blue-Green', 'Gold'])
15:45:47| 15:45:39.869445: ('Winner', ['Thulian Pink', 'Maximum Violet', 'Middle Red Purple', 'Pale Taupe', 'Platinum', 'Lavender Blue', 'Duke Blue'])
15:45:47| 15:45:39.943070: ('Winner', ['Antique Brass', 'Pale Goldenrod', 'Shandy', 'Mulberry', 'Fiery Rose', 'Sage', 'Ruby'])
15:45:47| 15:45:40.015873: ('Winner', ['Green', 'Neon Pink', 'Ruby', 'Mint Cream', 'Black Coral', 'Pastel Gray', 'Venetian Red'])
15:45:47| 15:45:40.089336: ('Hercules', ['Sheen Green', 'Blue-Green', 'Neon Pink', 'Neon Silver', 'Russian Green', 'Outrageous Orange', 'Brink Pink'])
15:45:47| 15:45:40.161990: ('Lucky', ['Pale Goldenrod', 'Safety Yellow', 'Chinese Red', 'Fiery Rose', 'Mint Green', 'Maximum Purple', 'Dark Fuchsia'])
15:45:47| 15:45:40.234855: ('Lucky', ['Pale Taupe', 'Mulberry', 'Ivory', 'Platinum', 'Light Orange', 'Purple', 'Golden Yellow'])
15:45:47| 15:45:40.308519: ('Lucky', ['Neon Pink', 'Icterine', 'Orange Soda', 'Eerie Black', 'Green', 'Lilac Luster', 'Almond'])
15:45:47| 15:45:40.382054: ('Winner', ['Beaver', 'Neon Pink', 'Lavender Purple', 'Green', 'Spanish Carmine', 'Pale Plum', 'Sheen Green'])
15:45:47| 15:45:40.456212: ('Hercules', ['Middle Green Yellow', 'Green', 'Eerie Black', 'Russian Violet', 'Isabelline', 'Gold', 'Big Dip O’ruby'])
15:45:47| 15:45:40.530474: ('Spinner', ['Green', 'Green', 'Almond', 'Lavender Purple', 'Middle Red Purple', 'Emerald', 'Maximum Purple'])
15:45:47| 15:45:40.604526: ('Winner', ['Royal Red', 'Mulberry', 'Blue', 'Icterine', 'Mango Tango', 'Auburn', 'Russian Violet'])
15:45:47| 15:45:40.677591: ('Winner', ['Auburn', 'Blue', 'Fiery Rose', 'Pastel Blue', 'Maximum Blue', 'Sheen Green', 'Cobalt Blue'])
15:45:47| 15:45:40.750737: ('Lucky', ['Lemon Lime', 'Orange Peel', 'Chinese Red', 'Middle Red Purple', 'Maximum Purple', 'Antique Bronze', 'Spanish Orange'])
15:45:47| 15:45:40.824415: ('Winner', ['Gold', 'Spanish Orange', 'Auburn', 'La Salle Green', 'Mango Tango', 'Pale Goldenrod', 'Middle Red Purple'])
15:45:47| 15:45:40.899032: ('Hercules', ['Silver Chalice', 'Spanish Carmine', 'Pastel Gray', 'Platinum', 'Granny Smith Apple', 'Isabelline', 'Dark Moss Green'])
15:45:47| 15:45:40.973389: ('Spinner', ['Orange Peel', 'Dark Moss Green', 'Spanish Orange', 'Rose Dust', 'White Smoke', 'Neon Pink', 'Antique Brass'])
15:45:47| 15:45:41.047450: ('Lucky', ['Pale Taupe', 'Stop Red', 'Middle Green', 'Middle Red Purple', 'Pale Goldenrod', 'Light Orchid', 'Orange Soda'])
15:45:47| 15:45:41.121367: ('Lucky', ['Silver Pink', 'Purple', 'Spanish Orange', 'Venetian Red', 'La Salle Green', 'Big Dip O’ruby', 'Brown'])
15:45:47| 15:45:41.195545: ('Hercules', ['Mode Beige', 'Black Coral', 'Slate Blue', 'Middle Green', 'Shandy', 'Rose Dust', 'Neon Silver'])
15:45:47| 15:45:41.269309: ('Apollo', ['Outrageous Orange', 'Almond', 'Lavender Purple', 'Pale Plum', 'Green', 'Neon Dark Green', 'Blue-Green'])
15:45:47| 15:45:41.342240: ('Spinner', ['Lemon Lime', 'Purple', 'Sage', 'Indigo', 'Ivory', 'Vegas Gold', 'Antique Brass'])
15:45:47| 15:45:41.415952: ('Winner', ['Honeydew', 'Cotton Candy', 'Duke Blue', 'Neon Pink', 'Indigo', 'Orange Soda', 'Middle Red Purple'])
15:45:47| 15:45:41.490930: ('Lucky', ['Golden Yellow', 'Mode Beige', 'Maximum Blue', 'Indigo', 'Auburn', 'Spanish Orange', 'Icterine'])
15:45:47| 15:45:41.564680: ('Winner', ['Middle Green', 'Royal Orange', 'Pale Taupe', 'Pale Taupe', 'Purple Plum', 'Spanish Orange', 'Maximum Violet'])
15:45:47| 15:45:41.638621: ('Sure Shot', ['Lavender Purple', 'Platinum', 'Golden Yellow', 'Light Orange', 'Spanish Carmine', 'Blue', 'Candy Pink'])
15:45:47| 15:45:41.712408: ('Zeus', ['Russian Green', 'Russian Violet', 'Almond', 'Thulian Pink', 'Lumber', 'Ruby', 'Purple Plum'])
15:45:47| 15:45:41.785690: ('Spinner', ['Sheen Green', 'Pastel Blue', 'Orange Soda', 'Chinese Red', 'Lemon Lime', 'Cotton Candy', 'Maximum Blue'])
15:45:47| 15:45:41.859918: ('Lucky', ['Middle Green', 'Golden Yellow', 'Mulberry', 'Mango Tango', 'Blue-Green', 'Black Coral', 'Tuscan Brown'])
15:45:47| 15:45:41.933259: ('Hercules', ['Pastel Blue', 'Purple', 'Brink Pink', 'Middle Green Yellow', 'Auburn', 'Spanish Pink', 'Cobalt Blue'])
15:45:47| 15:45:42.006462: ('Spinner', ['Pastel Gray', 'Pastel Gray', 'Silver Pink', 'Cotton Candy', 'Gold', 'Middle Red Purple', 'Black Coral'])
15:45:47| 15:45:42.080100: ('Hercules', ['Bistre Brown', 'Granny Smith Apple', 'Spanish Orange', 'White Smoke', 'Fiery Rose', 'Arylide Yellow', 'Outrageous Orange'])
15:45:47| 15:45:42.153935: ('5-Star', ['Fiery Rose', 'Slate Blue', 'Pastel Blue', 'Blue', 'Spanish Carmine', 'Gold', 'Pale Taupe'])
15:45:47| 15:45:42.228200: ('5-Star', ['Thulian Pink', 'Silver Chalice', 'Thulian Pink', 'Terra Cotta', 'Cotton Candy', 'Arylide Yellow', 'Golden Yellow'])
15:45:47| 15:45:42.302946: ('Sure Shot', ['Brink Pink', 'Spanish Carmine', 'Indigo', 'Middle Red Purple', 'Lemon Lime', 'Blue Bell', 'Purple Plum'])
15:45:47| 15:45:42.380426: ('Big Joe', ['Mulberry', 'Purple', 'Russian Green', 'Cobalt Blue', 'Sheen Green', 'Granny Smith Apple', 'Mint Green'])
15:45:47| 15:45:42.453839: ('Big Joe', ['Mint Green', 'Isabelline', 'Orange Soda', 'Slate Blue', 'Blue Bell', 'Almond', 'Pale Cerulean'])
15:45:47| 15:45:42.528921: ('Big Joe', ['White Smoke', 'Cobalt Blue', 'Thulian Pink', 'Tuscan Brown', 'Lumber', 'Mode Beige', 'Slate Blue'])
15:45:47| 15:45:42.602301: ('Big Joe', ['Dark Fuchsia', 'Slate Blue', 'Vegas Gold', 'Maximum Purple', 'Light Orchid', 'Cobalt Blue', 'Auburn'])
15:45:47| 15:45:42.675263: ('Spinner', ['Lavender Blue', 'Pastel Gray', 'Rose Quartz', 'Russian Violet', 'Lemon Lime', 'Middle Green', 'Orange Peel'])
15:45:47| 15:45:42.748346: ('Hercules', ['Blue-Green', 'Lilac Luster', 'Pastel Blue', 'Stop Red', 'Sage', 'Big Dip O’ruby', 'Orange Soda'])
15:45:47| 15:45:42.822833: ('Zeus', ['Cotton Candy', 'Chinese Red', 'Maximum Violet', 'Neon Dark Green', 'Lemon Lime', 'Chinese Red', 'Royal Red'])
15:45:47| 15:45:42.896301: ('5-Star', ['Middle Green', 'Middle Red Purple', 'Maximum Violet', 'Outrageous Orange', 'Platinum', 'Honeydew', 'Stop Red'])
15:45:47| 15:45:42.971104: ('Spinner', ['Gold', 'Orange Peel', 'Gold', 'Spanish Orange', 'Lemon Lime', 'Royal Orange', 'Russian Green'])
15:45:47| 15:45:43.045105: ('Winner', ['Mint Green', 'Neon Pink', 'Antique Bronze', 'La Salle Green', 'Silver Chalice', 'Fiery Rose', 'Bistre Brown'])
15:45:47| 15:45:43.118680: ('Big Joe', ['White Smoke', 'Lavender Purple', 'Golden Yellow', 'Chinese Red', 'Lavender Blue', 'Royal Red', 'Zomp'])
15:45:47| 15:45:43.191853: ('Apollo', ['Royal Red', 'Shandy', 'Mimi Pink', 'Pale Taupe', 'Lemon Lime', 'Neon Dark Green', 'Platinum'])
15:45:47| 15:45:43.264617: ('Hercules', ['Orange Soda', 'Beaver', 'Neon Silver', 'Antique Bronze', 'Royal Red', 'Middle Green Yellow', 'Safety Yellow'])
15:45:47| 15:45:43.338235: ('Lucky', ['Shandy', 'Maximum Blue', 'Icterine', 'Vegas Gold', 'La Salle Green', 'Shandy', 'Fiery Rose'])
15:45:47| 15:45:43.412025: ('Spinner', ['Zomp', 'Blue', 'Mango Tango', 'Terra Cotta', 'Spanish Pink', 'Vegas Gold', 'Brown'])
15:45:47| 15:45:43.484958: ('Winner', ['Middle Red Purple', 'Auburn', 'Dark Fuchsia', 'Mint Cream', 'Almond', 'Middle Green', 'Rose Dust'])
15:45:47| 15:45:43.558313: ('Sure Shot', ['Orange Soda', 'Ivory', 'Cobalt Blue', 'Royal Red', 'Big Dip O’ruby', 'Liver Chestnut', 'Platinum'])
15:45:47| 15:45:43.631283: ('Apollo', ['Neon Dark Green', 'Purple', 'Emerald', 'Antique Bronze', 'Black Coral', 'Black Coral', 'Stop Red'])
15:45:47| 15:45:43.704130: ('Winner', ['Venetian Red', 'Emerald', 'Dark Fuchsia', 'Spanish Pink', 'Dark Moss Green', 'Chinese Red', 'Gold'])
15:45:47| 15:45:43.777615: ('Winner', ['Almond', 'Orange Soda', 'Brink Pink', 'Eerie Black', 'Neon Silver', 'Lumber', 'Middle Green Yellow'])
15:45:47| 15:45:43.851833: ('Zeus', ['Silver Pink', 'Outrageous Orange', 'Pale Goldenrod', 'Maximum Purple', 'Bistre Brown', 'Mint Green', 'Orange Soda'])
15:45:47| 15:45:43.924147: ('Hercules', ['Dark Moss Green', 'Brink Pink', 'Orange Soda', 'Maximum Purple', 'Auburn', 'Pale Cerulean', 'Isabelline'])
15:45:47| 15:45:43.998822: ('Big Joe', ['Golden Yellow', 'Ivory', 'Lumber', 'Dark Fuchsia', 'Sage', 'Antique Brass', 'Golden Yellow'])
15:45:47| 15:45:44.073141: ('Zeus', ['Purple', 'Light Orchid', 'Pastel Blue', 'Big Dip O’ruby', 'Big Dip O’ruby', 'Middle Red Purple', 'Neon Pink'])
15:45:47| 15:45:44.146572: ('Spinner', ['Spanish Orange', 'Antique Brass', 'Almond', 'Neon Pink', 'Spanish Orange', 'Terra Cotta', 'Neon Pink'])
15:45:47| 15:45:44.220593: ('Apollo', ['Brown', 'Neon Pink', 'Purple', 'Honeydew', 'Mint Green', 'Mint Green', 'Sage'])
15:45:47| 15:45:44.294108: ('Lucky', ['Antique Brass', 'Golden Yellow', 'Eerie Black', 'Silver Chalice', 'Venetian Red', 'Silver Chalice', 'Mint Green'])
15:45:47| 15:45:44.368512: ('Spinner', ['Rose Quartz', 'Gold', 'Royal Red', 'Mint Cream', 'Icterine', 'Maximum Violet', 'Rose Dust'])
15:45:47| 15:45:44.442511: ('Hercules', ['Candy Pink', 'Pale Cerulean', 'Mulberry', 'Granny Smith Apple', 'Brown', 'Rose Quartz', 'Zomp'])
15:45:47| 15:45:44.516278: ('5-Star', ['Middle Red Purple', 'Slate Blue', 'Russian Violet', 'Royal Red', 'Beaver', 'Mimi Pink', 'Honeydew'])
15:45:47| 15:45:44.590896: ('Apollo', ['Blue', 'Mode Beige', 'Spanish Pink', 'Mimi Pink', 'Ruby', 'Outrageous Orange', 'Rose Quartz'])
15:45:47| 15:45:44.664597: ('Spinner', ['Bistre Brown', 'Sage', 'Royal Red', 'Rose Dust', 'Vegas Gold', 'Granny Smith Apple', 'Tuscan Brown'])
15:45:47| 15:45:44.738021: ('Zeus', ['Emerald', 'Pastel Gray', 'La Salle Green', 'Brink Pink', 'Lemon Lime', 'Ruby', 'Lilac Luster'])
15:45:47| 15:45:44.812216: ('Winner', ['La Salle Green', 'Purple', 'Bistre Brown', 'Rose Quartz', 'Royal Blue', 'Terra Cotta', 'Stop Red'])
15:45:47| 15:45:44.885517: ('Zeus', ['Mode Beige', 'Lavender Blue', 'Orange Soda', 'Pastel Blue', 'Lumber', 'Blue Bell', 'Purple Plum'])
15:45:47| 15:45:44.959947: ('Winner', ['Lemon Lime', 'Middle Red Purple', 'Liver Chestnut', 'Black Coral', 'Neon Dark Green', 'Cotton Candy', 'Blue-Green'])
15:45:47| 15:45:45.035008: ('Hercules', ['Gold', 'Neon Dark Green', 'Antique Bronze', 'Pale Taupe', 'Pale Goldenrod', 'La Salle Green', 'Rose Quartz'])
15:45:47| 15:45:45.109632: ('5-Star', ['Indigo', 'Beaver', 'Neon Silver', 'Pale Taupe', 'Dark Moss Green', 'Shandy', 'Isabelline'])
15:45:47| 15:45:45.185598: ('Winner', ['Icterine', 'Pale Taupe', 'Bistre Brown', 'Tuscan Brown', 'Shandy', 'Pale Goldenrod', 'Middle Red Purple'])
15:45:47| 15:45:45.259638: ('Hercules', ['Mode Beige', 'Mode Beige', 'Duke Blue', 'Terra Cotta', 'Purple', 'Ruby', 'Neon Pink'])
15:45:47| 15:45:45.333777: ('Big Joe', ['Neon Dark Green', 'Outrageous Orange', 'Brink Pink', 'Honeydew', 'Almond', 'Neon Dark Green', 'Thulian Pink'])
15:45:47| 15:45:45.409862: ('Zeus', ['Pastel Blue', 'Russian Violet', 'Rose Quartz', 'Golden Yellow', 'Middle Green', 'Lilac Luster', 'Indigo'])
15:45:47| 15:45:45.483742: ('5-Star', ['Pastel Blue', 'Auburn', 'Dark Fuchsia', 'Maximum Blue', 'Safety Yellow', 'Lavender Purple', 'Vegas Gold'])
15:45:47| 15:45:45.558164: ('Big Joe', ['Russian Green', 'Royal Orange', 'Safety Yellow', 'Tuscan Brown', 'Safety Yellow', 'Granny Smith Apple', 'Black Coral'])
15:45:47| 15:45:45.631971: ('Sure Shot', ['Purple', 'Lavender Purple', 'Golden Yellow', 'Black Coral', 'Maximum Violet', 'Mode Beige', 'Liver Chestnut'])
15:45:47| 15:45:45.704477: ('Hercules', ['Arylide Yellow', 'Pastel Blue', 'Green', 'Mint Green', 'Cotton Candy', 'Pale Plum', 'Lumber'])
15:45:47| 15:45:45.777444: ('Big Joe', ['Honeydew', 'Ruby', 'Neon Silver', 'Maximum Purple', 'Neon Pink', 'Middle Green', 'Emerald'])
15:45:47| 15:45:45.850422: ('Spinner', ['Sheen Green', 'Pale Cerulean', 'Outrageous Orange', 'Lumber', 'Royal Red', 'Stop Red', 'Purple Plum'])
15:45:47| 15:45:45.923822: ('5-Star', ['Slate Blue', 'Orange Peel', 'Antique Brass', 'Brown', 'Venetian Red', 'Gold', 'Middle Red Purple'])
15:45:47| 15:45:45.998809: ('Winner', ['Pale Cerulean', 'Bistre Brown', 'Middle Red Purple', 'Thulian Pink', 'Mimi Pink', 'Russian Green', 'Maximum Purple'])
15:45:47| 15:45:46.072684: ('Zeus', ['Pale Goldenrod', 'Eerie Black', 'Silver Chalice', 'Emerald', 'Neon Pink', 'Bistre Brown', 'Golden Yellow'])
15:45:47| 15:45:46.145639: ('Sure Shot', ['Blue Bell', 'Blue-Green', 'Bistre Brown', 'Fiery Rose', 'Sage', 'Neon Dark Green', 'Maximum Blue'])
15:45:47| 15:45:46.218561: ('Sure Shot', ['Black Coral', 'Sage', 'Black Coral', 'Neon Pink', 'Pale Goldenrod', 'Green', 'Brink Pink'])
15:45:47| 15:45:46.292411: ('Hercules', ['Ivory', 'Neon Silver', 'Arylide Yellow', 'Tuscan Brown', 'Spanish Orange', 'Candy Pink', 'Green'])
15:45:47| 15:45:46.366046: ('Apollo', ['Almond', 'Emerald', 'Orange Peel', 'Vegas Gold', 'Russian Green', 'Mimi Pink', 'White Smoke'])
15:45:47| 15:45:46.439051: ('Sure Shot', ['Rose Dust', 'Neon Dark Green', 'Ruby', 'Dark Fuchsia', 'Mint Cream', 'Brink Pink', 'Middle Green Yellow'])
15:45:47| 15:45:46.513577: ('Hercules', ['Maximum Purple', 'Big Dip O’ruby', 'Bistre Brown', 'Neon Silver', 'Mango Tango', 'Chinese Red', 'Brown'])
15:45:47| 15:45:46.586339: ('Winner', ['Silver Chalice', 'Lemon Lime', 'Mint Green', 'Vegas Gold', 'Thulian Pink', 'Purple', 'Lilac Luster'])
15:45:47| 15:45:46.661030: ('Apollo', ['Pale Goldenrod', 'Mint Cream', 'Dark Moss Green', 'Cobalt Blue', 'Brown', 'Honeydew', 'Orange Soda'])
15:45:47| 15:45:46.734458: ('Big Joe', ['Antique Bronze', 'Arylide Yellow', 'Green', 'Neon Silver', 'Mulberry', 'Zomp', 'Rose Dust'])
15:45:47| 15:45:46.808466: ('Lucky', ['Vegas Gold', 'Eerie Black', 'Pale Taupe', 'Zomp', 'Sheen Green', 'Maximum Violet', 'Green'])
15:45:47| 15:45:46.882327: ('Hercules', ['Pale Cerulean', 'Rose Quartz', 'Royal Red', 'Duke Blue', 'Almond', 'Pale Goldenrod', 'Emerald'])
15:45:47| 15:45:46.955232: ('Winner', ['Maximum Blue', 'Antique Bronze', 'Blue-Green', 'White Smoke', 'Vegas Gold', 'Platinum', 'Silver Pink'])
15:45:47| 15:45:47.028497: ('Winner', ['Safety Yellow', 'Pale Goldenrod', 'Bistre Brown', 'Lilac Luster', 'Middle Red Purple', 'Middle Red Purple', 'Lilac Luster'])
15:45:47| 15:45:47.101914: ('Zeus', ['Almond', 'Lavender Blue', 'Antique Brass', 'Maximum Blue', 'Arylide Yellow', 'Antique Bronze', 'Venetian Red'])
15:45:47| 15:45:47.175704: ('Zeus', ['Bistre Brown', 'Lavender Blue', 'Ruby', 'Royal Red', 'Pale Plum', 'Lumber', 'Mango Tango'])
15:45:47| 15:45:47.249226: ('Hercules', ['Maximum Violet', 'Chinese Red', 'Maximum Violet', 'Green', 'Rose Quartz', 'Middle Green', 'Mint Green'])
15:45:47| 15:45:47.323156: ('Lucky', ['Candy Pink', 'Silver Chalice', 'Royal Blue', 'Ivory', 'Platinum', 'Stop Red', 'Lavender Purple'])
15:45:47| 15:45:47.397324: ('Spinner', ['Sage', 'Royal Blue', 'Safety Yellow', 'Golden Yellow', 'Light Orchid', 'Purple Plum', 'Orange Soda'])
15:45:47| 15:45:47.471790: ('Zeus', ['Isabelline', 'Russian Green', 'Royal Blue', 'Big Dip O’ruby', 'Sheen Green', 'Royal Blue', 'Thulian Pink'])
15:45:47| 15:45:47.544874: ('Lucky', ['Auburn', 'Silver Chalice', 'Russian Violet', 'Spanish Carmine', 'Silver Pink', 'Fiery Rose', 'Neon Dark Green'])
15:45:47| 15:45:47.619863: ('Hercules', ['Royal Red', 'Dark Moss Green', 'Royal Orange', 'Gold', 'Maximum Blue', 'Honeydew'])
15:45:47| Number of gifts created: 143
