16:19:33| Marble count     = 1000
16:19:33| Marble delay     = 0.01
16:19:33| Marbles in a bag = 7
16:19:33| Bagger delay     = 0.05
16:19:33| Assembler delay  = 0.05
16:19:33| Wrapper delay    = 0.05
16:19:33| Create the processes
16:19:33| Starting the processes
16:19:33| Waiting for processes to finish
16:19:44| Contents of boxes.txt
16:19:44| Created - 16:19:34.269945: Large marble: Hercules, marbles: ['Gold', 'Blue Bell', 'Silver Chalice', 'Mulberry', 'Spanish Orange', 'Royal Blue', 'Brown']
16:19:44| Created - 16:19:34.342843: Large marble: Zeus, marbles: ['Brown', 'Fiery Rose', 'Light Orange', 'Maximum Blue', 'Auburn', 'Pastel Gray', 'Ivory']
16:19:44| Created - 16:19:34.416023: Large marble: Lucky, marbles: ['Golden Yellow', 'Royal Red', 'Honeydew', 'Fiery Rose', 'Granny Smith Apple', 'Maximum Purple', 'Zomp']
16:19:44| Created - 16:19:34.490548: Large marble: Winner, marbles: ['Arylide Yellow', 'Fiery Rose', 'Outrageous Orange', 'Mint Green', 'Pale Goldenrod', 'Middle Green Yellow', 'Spanish Carmine']
16:19:44| Created - 16:19:34.564913: Large marble: 5-Star, marbles: ['Emerald', 'Neon Pink', 'Mint Cream', 'Icterine', 'Cotton Candy', 'Pale Cerulean', 'Gold']
16:19:44| Created - 16:19:34.637054: Large marble: Lucky, marbles: ['Mimi Pink', 'Maximum Violet', 'Royal Orange', 'La Salle Green', 'Isabelline', 'Indigo', 'Thulian Pink']
16:19:44| Created - 16:19:34.710993: Large marble: Winner, marbles: ['Mimi Pink', 'Lilac Luster', 'Indigo', 'Russian Violet', 'Lilac Luster', 'Sage', 'Venetian Red']
16:19:44| Created - 16:19:34.784249: Large marble: Big Joe, marbles: ['Zomp', 'Lumber', 'Middle Red Purple', 'Slate Blue', 'Russian Green', 'Antique Brass', 'La Salle Green']
16:19:44| Created - 16:19:34.858254: Large marble: Hercules, marbles: ['Stop Red', 'Almond', 'Royal Red', 'Pale Cerulean', 'Russian Green', 'Rose Dust', 'Silver Chalice']
16:19:44| Created - 16:19:34.932388: Large marble: Lucky, marbles: ['Arylide Yellow', 'Maximum Blue', 'Pale Plum', 'Sheen Green', 'Cobalt Blue', 'Royal Blue', 'Candy Pink']
16:19:44| Created - 16:19:35.006452: Large marble: Sure Shot, marbles: ['Cotton Candy', 'Royal Orange', 'Orange Soda', 'Middle Green', 'Zomp', 'Terra Cotta', 'Maximum Blue']
16:19:44| Created - 16:19:35.080316: Large marble: Lucky, marbles: ['Middle Green', 'Icterine', 'Brown', 'Brown', 'Zomp', 'Blue', 'Auburn']
16:19:44| Created - 16:19:35.154528: Large marble: Spinner, marbles: ['Middle Green', 'Lilac Luster', 'Middle Green', 'Slate Blue', 'Black Coral', 'Big Dip O’ruby', 'Middle Red Purple']
16:19:44| Created - 16:19:35.228760: Large marble: Hercules, marbles: ['Mode Beige', 'Maximum Purple', 'Pastel Blue', 'Beaver', 'Light Orange', 'Ruby', 'Royal Blue']
16:19:44| Created - 16:19:35.301874: Large marble: Lucky, marbles: ['Blue', 'Platinum', 'Gold', 'Russian Green', 'Cotton Candy', 'Arylide Yellow', 'Granny Smith Apple']
16:19:44| Created - 16:19:35.375362: Large marble: Big Joe, marbles: ['Pale Plum', 'Silver Pink', 'Middle Green Yellow', 'Mimi Pink', 'Royal Red', 'Russian Violet', 'Dark Fuchsia']
16:19:44| Created - 16:19:35.450016: Large marble: Winner, marbles: ['Orange Peel', 'Arylide Yellow', 'Light Orange', 'Maximum Violet', 'Blue-Green', 'Honeydew', 'White Smoke']
16:19:44| Created - 16:19:35.523150: Large marble: Spinner, marbles: ['Orange Peel', 'Pale Cerulean', 'White Smoke', 'Royal Red', 'Middle Green', 'Royal Orange', 'Zomp']
16:19:44| Created - 16:19:35.597385: Large marble: Zeus, marbles: ['Purple Plum', 'Mode Beige', 'Light Orange', 'Honeydew', 'Pale Goldenrod', 'Mimi Pink', 'Russian Violet']
16:19:44| Created - 16:19:35.670118: Large marble: Spinner, marbles: ['Gold', 'Mint Cream', 'Thulian Pink', 'Icterine', 'Royal Red', 'Gold', 'Tuscan Brown']
16:19:44| Created - 16:19:35.744120: Large marble: 5-Star, marbles: ['Pale Taupe', 'Brown', 'Royal Red', 'Blue Bell', 'Mint Cream', 'Maximum Violet', 'Green']
16:19:44| Created - 16:19:35.818284: Large marble: Lucky, marbles: ['Fiery Rose', 'Sheen Green', 'Orange Soda', 'Pale Plum', 'Mimi Pink', 'Brink Pink', 'Mango Tango']
16:19:44| Created - 16:19:35.891714: Large marble: Spinner, marbles: ['Pale Plum', 'Lavender Purple', 'Maximum Purple', 'Indigo', 'Shandy', 'Isabelline', 'Blue-Green']
16:19:44| Created - 16:19:35.966038: Large marble: Hercules, marbles: ['Zomp', 'Ruby', 'Spanish Orange', 'Spanish Pink', 'Tuscan Brown', 'Mint Cream', 'Lilac Luster']
16:19:44| Created - 16:19:36.038850: Large marble: Sure Shot, marbles: ['Light Orchid', 'Platinum', 'Royal Blue', 'Dark Fuchsia', 'Light Orchid', 'Pale Cerulean', 'Chinese Red']
16:19:44| Created - 16:19:36.112303: Large marble: Zeus, marbles: ['Bistre Brown', 'Neon Dark Green', 'Rose Quartz', 'Light Orange', 'White Smoke', 'Middle Green', 'Brink Pink']
16:19:44| Created - 16:19:36.186144: Large marble: Apollo, marbles: ['Rose Quartz', 'Mint Green', 'Ivory', 'Brown', 'Sheen Green', 'Dark Fuchsia', 'White Smoke']
16:19:44| Created - 16:19:36.260525: Large marble: 5-Star, marbles: ['Beaver', 'Light Orchid', 'Icterine', 'Orange Soda', 'Vegas Gold', 'Cotton Candy', 'Mode Beige']
16:19:44| Created - 16:19:36.333143: Large marble: Hercules, marbles: ['Pale Plum', 'Thulian Pink', 'Sheen Green', 'Icterine', 'Neon Pink', 'Sheen Green', 'Lemon Lime']
16:19:44| Created - 16:19:36.407259: Large marble: Winner, marbles: ['Brown', 'Purple', 'Purple Plum', 'Cobalt Blue', 'Honeydew', 'Green', 'Light Orchid']
16:19:44| Created - 16:19:36.482411: Large marble: Sure Shot, marbles: ['Orange Soda', 'Middle Red Purple', 'Blue Bell', 'Eerie Black', 'Stop Red', 'Mango Tango', 'Purple Plum']
16:19:44| Created - 16:19:36.556340: Large marble: Spinner, marbles: ['Rose Dust', 'Neon Pink', 'Dark Fuchsia', 'Venetian Red', 'Middle Green', 'Rose Quartz', 'Honeydew']
16:19:44| Created - 16:19:36.630868: Large marble: Lucky, marbles: ['Pastel Blue', 'Almond', 'Golden Yellow', 'Antique Brass', 'La Salle Green', 'Purple', 'Chinese Red']
16:19:44| Created - 16:19:36.705325: Large marble: Big Joe, marbles: ['Neon Dark Green', 'Icterine', 'Silver Pink', 'Emerald', 'Pale Cerulean', 'Rose Dust', 'Antique Brass']
16:19:44| Created - 16:19:36.779723: Large marble: Winner, marbles: ['La Salle Green', 'Spanish Carmine', 'Antique Brass', 'Vegas Gold', 'Chinese Red', 'Russian Violet', 'Maximum Violet']
16:19:44| Created - 16:19:36.854662: Large marble: Zeus, marbles: ['Zomp', 'Dark Moss Green', 'Blue Bell', 'Orange Soda', 'Granny Smith Apple', 'Lemon Lime', 'Blue']
16:19:44| Created - 16:19:36.928823: Large marble: Sure Shot, marbles: ['Golden Yellow', 'Arylide Yellow', 'Blue-Green', 'Pale Goldenrod', 'Almond', 'Silver Pink', 'Rose Dust']
16:19:44| Created - 16:19:37.003793: Large marble: Sure Shot, marbles: ['Chinese Red', 'Arylide Yellow', 'Middle Red Purple', 'Maximum Purple', 'Lemon Lime', 'Purple', 'Pale Goldenrod']
16:19:44| Created - 16:19:37.077975: Large marble: Lucky, marbles: ['Zomp', 'Maximum Violet', 'Duke Blue', 'Thulian Pink', 'Zomp', 'Venetian Red', 'Spanish Carmine']
16:19:44| Created - 16:19:37.152509: Large marble: Big Joe, marbles: ['Duke Blue', 'Maximum Violet', 'Middle Green', 'Granny Smith Apple', 'Mint Cream', 'Mulberry', 'Mode Beige']
16:19:44| Created - 16:19:37.226338: Large marble: Winner, marbles: ['Silver Chalice', 'Shandy', 'Dark Fuchsia', 'Ruby', 'Candy Pink', 'Outrageous Orange', 'Ivory']
16:19:44| Created - 16:19:37.300116: Large marble: Sure Shot, marbles: ['Ruby', 'Stop Red', 'Rose Quartz', 'Mulberry', 'Lavender Blue', 'Pastel Gray', 'Blue Bell']
16:19:44| Created - 16:19:37.373591: Large marble: Hercules, marbles: ['Honeydew', 'Rose Dust', 'Purple Plum', 'Neon Dark Green', 'Purple', 'Mango Tango', 'Icterine']
16:19:44| Created - 16:19:37.447609: Large marble: Lucky, marbles: ['Slate Blue', 'White Smoke', 'Neon Silver', 'Purple', 'La Salle Green', 'Pale Plum', 'Neon Dark Green']
16:19:44| Created - 16:19:37.521830: Large marble: Big Joe, marbles: ['Brink Pink', 'Russian Green', 'Royal Orange', 'Dark Fuchsia', 'Dark Fuchsia', 'Royal Red', 'Royal Blue']
16:19:44| Created - 16:19:37.595712: Large marble: 5-Star, marbles: ['Beaver', 'Platinum', 'Neon Dark Green', 'Royal Red', 'Dark Moss Green', 'Lemon Lime', 'Gold']
16:19:44| Created - 16:19:37.670256: Large marble: Lucky, marbles: ['Spanish Pink', 'Brown', 'Orange Soda', 'Royal Blue', 'Cobalt Blue', 'Maximum Purple', 'Auburn']
16:19:44| Created - 16:19:37.744323: Large marble: Apollo, marbles: ['Mimi Pink', 'Antique Brass', 'Purple', 'Pastel Blue', 'Middle Green', 'Zomp', 'Green']
16:19:44| Created - 16:19:37.817895: Large marble: Apollo, marbles: ['Purple Plum', 'Mimi Pink', 'Lilac Luster', 'Mimi Pink', 'Sheen Green', 'Vegas Gold', 'Maximum Violet']
16:19:44| Created - 16:19:37.890850: Large marble: Zeus, marbles: ['Platinum', 'Outrageous Orange', 'Lilac Luster', 'Platinum', 'Ivory', 'Royal Blue', 'Maximum Violet']
16:19:44| Created - 16:19:37.964563: Large marble: Lucky, marbles: ['Silver Chalice', 'Orange Soda', 'Zomp', 'Tuscan Brown', 'Antique Bronze', 'Venetian Red', 'Blue Bell']
16:19:44| Created - 16:19:38.038810: Large marble: Sure Shot, marbles: ['White Smoke', 'Antique Bronze', 'Pale Cerulean', 'Russian Green', 'Cobalt Blue', 'Maximum Purple', 'Pastel Gray']
16:19:44| Created - 16:19:38.112920: Large marble: Winner, marbles: ['Safety Yellow', 'Maximum Purple', 'Thulian Pink', 'Russian Violet', 'Purple Plum', 'Neon Dark Green', 'Silver Pink']
16:19:44| Created - 16:19:38.185935: Large marble: Apollo, marbles: ['Purple Plum', 'Maximum Blue', 'Platinum', 'Orange Soda', 'Mimi Pink', 'Silver Chalice', 'Lemon Lime']
16:19:44| Created - 16:19:38.259997: Large marble: Winner, marbles: ['Antique Brass', 'Tuscan Brown', 'Orange Peel', 'Neon Silver', 'Antique Bronze', 'Middle Green', 'Green']
16:19:44| Created - 16:19:38.332808: Large marble: Lucky, marbles: ['Emerald', 'Arylide Yellow', 'Mulberry', 'Mimi Pink', 'Blue-Green', 'Pale Goldenrod', 'Royal Red']
16:19:44| Created - 16:19:38.405514: Large marble: Spinner, marbles: ['Chinese Red', 'Candy Pink', 'Middle Green Yellow', 'Isabelline', 'Ivory', 'Honeydew', 'Icterine']
16:19:44| Created - 16:19:38.478860: Large marble: Big Joe, marbles: ['Pastel Blue', 'Royal Red', 'Sage', 'Antique Brass', 'Pastel Blue', 'Rose Quartz', 'Auburn']
16:19:44| Created - 16:19:38.552191: Large marble: Sure Shot, marbles: ['Purple', 'Stop Red', 'Pastel Blue', 'Spanish Carmine', 'Golden Yellow', 'Blue Bell', 'White Smoke']
16:19:44| Created - 16:19:38.626395: Large marble: Big Joe, marbles: ['Silver Pink', 'Outrageous Orange', 'Spanish Pink', 'Emerald', 'Russian Green', 'Maximum Violet', 'Orange Soda']
16:19:44| Created - 16:19:38.700128: Large marble: Spinner, marbles: ['Cobalt Blue', 'Pale Cerulean', 'Pastel Blue', 'Neon Silver', 'Lemon Lime', 'Lemon Lime', 'Middle Green Yellow']
16:19:44| Created - 16:19:38.773620: Large marble: 5-Star, marbles: ['Auburn', 'Lemon Lime', 'Safety Yellow', 'Honeydew', 'Granny Smith Apple', 'Mango Tango', 'Cobalt Blue']
16:19:44| Created - 16:19:38.847176: Large marble: Apollo, marbles: ['Arylide Yellow', 'Big Dip O’ruby', 'Almond', 'Royal Orange', 'Light Orchid', 'Tuscan Brown', 'Pale Taupe']
16:19:44| Created - 16:19:38.920885: Large marble: Lucky, marbles: ['Light Orchid', 'Maximum Purple', 'Beaver', 'Orange Soda', 'Honeydew', 'Venetian Red', 'Sage']
16:19:44| Created - 16:19:38.994460: Large marble: Spinner, marbles: ['Middle Green', 'Lemon Lime', 'Pale Plum', 'Sheen Green', 'Candy Pink', 'Maximum Violet', 'Rose Quartz']
16:19:44| Created - 16:19:39.068643: Large marble: Sure Shot, marbles: ['Maximum Blue', 'Fiery Rose', 'Emerald', 'Auburn', 'Brown', 'Silver Chalice', 'Sage']
16:19:44| Created - 16:19:39.142230: Large marble: Zeus, marbles: ['Mimi Pink', 'Mode Beige', 'Brink Pink', 'Spanish Pink', 'Sheen Green', 'Terra Cotta', 'Emerald']
16:19:44| Created - 16:19:39.217184: Large marble: Spinner, marbles: ['Light Orange', 'Purple', 'Light Orchid', 'Mode Beige', 'Blue Bell', 'Pale Taupe', 'Chinese Red']
16:19:44| Created - 16:19:39.291268: Large marble: Spinner, marbles: ['Spanish Pink', 'Maximum Purple', 'Chinese Red', 'Indigo', 'Tuscan Brown', 'Bistre Brown', 'Lilac Luster']
16:19:44| Created - 16:19:39.365393: Large marble: Spinner, marbles: ['Middle Green', 'Zomp', 'Orange Soda', 'Blue-Green', 'Lemon Lime', 'Indigo', 'Platinum']
16:19:44| Created - 16:19:39.438431: Large marble: Spinner, marbles: ['Mint Green', 'Lavender Blue', 'Spanish Carmine', 'Honeydew', 'Pale Plum', 'Royal Red', 'Emerald']
16:19:44| Created - 16:19:39.512146: Large marble: Big Joe, marbles: ['Purple', 'Dark Moss Green', 'Purple Plum', 'Fiery Rose', 'Mint Cream', 'Neon Silver', 'Mint Cream']
16:19:44| Created - 16:19:39.585792: Large marble: Hercules, marbles: ['Platinum', 'Middle Green Yellow', 'Sheen Green', 'Neon Silver', 'Lilac Luster', 'Purple Plum', 'Antique Brass']
16:19:44| Created - 16:19:39.659353: Large marble: Sure Shot, marbles: ['Maximum Blue', 'Candy Pink', 'Spanish Orange', 'Spanish Pink', 'Pale Goldenrod', 'Orange Soda', 'Sage']
16:19:44| Created - 16:19:39.732841: Large marble: Zeus, marbles: ['Spanish Orange', 'La Salle Green', 'Blue-Green', 'Mint Green', 'Light Orange', 'Silver Pink', 'Silver Pink']
16:19:44| Created - 16:19:39.806088: Large marble: Apollo, marbles: ['Spanish Carmine', 'Orange Soda', 'Isabelline', 'Light Orchid', 'Russian Violet', 'Platinum', 'Almond']
16:19:44| Created - 16:19:39.879880: Large marble: Hercules, marbles: ['Green', 'Ivory', 'Sheen Green', 'Isabelline', 'Purple', 'Lumber', 'Arylide Yellow']
16:19:44| Created - 16:19:39.955387: Large marble: Lucky, marbles: ['Mango Tango', 'Granny Smith Apple', 'Vegas Gold', 'Platinum', 'Orange Soda', 'Antique Brass', 'Spanish Orange']
16:19:44| Created - 16:19:40.030498: Large marble: Lucky, marbles: ['Granny Smith Apple', 'Pale Taupe', 'Arylide Yellow', 'Antique Brass', 'Royal Red', 'Spanish Orange', 'Light Orchid']
16:19:44| Created - 16:19:40.104605: Large marble: Big Joe, marbles: ['Royal Blue', 'Pale Cerulean', 'Green', 'Gold', 'Royal Orange', 'Green', 'Maximum Blue']
16:19:44| Created - 16:19:40.177858: Large marble: Spinner, marbles: ['Candy Pink', 'Orange Peel', 'Royal Orange', 'Golden Yellow', 'Rose Quartz', 'Light Orchid', 'Platinum']
16:19:44| Created - 16:19:40.251929: Large marble: Lucky, marbles: ['Neon Dark Green', 'Mint Cream', 'Eerie Black', 'Dark Moss Green', 'Shandy', 'La Salle Green', 'Neon Pink']
16:19:44| Created - 16:19:40.325889: Large marble: Spinner, marbles: ['Maximum Blue', 'Ruby', 'Emerald', 'Light Orchid', 'Dark Moss Green', 'Sage', 'Big Dip O’ruby']
16:19:44| Created - 16:19:40.399918: Large marble: Winner, marbles: ['La Salle Green', 'Rose Quartz', 'Shandy', 'Spanish Carmine', 'Lilac Luster', 'Slate Blue', 'Spanish Orange']
16:19:44| Created - 16:19:40.473887: Large marble: Spinner, marbles: ['Mint Cream', 'Royal Orange', 'Middle Green', 'Maximum Violet', 'Arylide Yellow', 'Rose Quartz', 'Outrageous Orange']
16:19:44| Created - 16:19:40.547857: Large marble: Zeus, marbles: ['Maximum Violet', 'Slate Blue', 'Sheen Green', 'Thulian Pink', 'Light Orchid', 'Mint Cream', 'Spanish Carmine']
16:19:44| Created - 16:19:40.622022: Large marble: Winner, marbles: ['Neon Dark Green', 'Middle Red Purple', 'Cotton Candy', 'Icterine', 'Spanish Carmine', 'Antique Brass', 'Neon Silver']
16:19:44| Created - 16:19:40.696059: Large marble: Lucky, marbles: ['Safety Yellow', 'Blue-Green', 'Cobalt Blue', 'Lavender Purple', 'Middle Green', 'Purple Plum', 'Ivory']
16:19:44| Created - 16:19:40.769372: Large marble: Winner, marbles: ['Lilac Luster', 'Antique Brass', 'Liver Chestnut', 'Light Orchid', 'Golden Yellow', 'Mint Cream', 'Terra Cotta']
16:19:44| Created - 16:19:40.843241: Large marble: Apollo, marbles: ['Vegas Gold', 'Mango Tango', 'Vegas Gold', 'Pastel Blue', 'Blue', 'Isabelline', 'Gold']
16:19:44| Created - 16:19:40.916536: Large marble: Big Joe, marbles: ['Mint Cream', 'Big Dip O’ruby', 'Arylide Yellow', 'Cotton Candy', 'Light Orange', 'Safety Yellow', 'Lumber']
16:19:44| Created - 16:19:40.990043: Large marble: 5-Star, marbles: ['Gold', 'Arylide Yellow', 'Royal Orange', 'Spanish Orange', 'Mimi Pink', 'Arylide Yellow', 'Mulberry']
16:19:44| Created - 16:19:41.064130: Large marble: Big Joe, marbles: ['Lavender Blue', 'Indigo', 'Green', 'Bistre Brown', 'Pastel Blue', 'Lavender Purple', 'Mimi Pink']
16:19:44| Created - 16:19:41.138560: Large marble: 5-Star, marbles: ['Sage', 'Sheen Green', 'Light Orchid', 'Ivory', 'Bistre Brown', 'La Salle Green', 'Royal Orange']
16:19:44| Created - 16:19:41.212875: Large marble: Big Joe, marbles: ['Bistre Brown', 'Rose Quartz', 'Bistre Brown', 'Shandy', 'Bistre Brown', 'Brown', 'Liver Chestnut']
16:19:44| Created - 16:19:41.287361: Large marble: Hercules, marbles: ['Russian Violet', 'Blue', 'Brown', 'Middle Green', 'Icterine', 'Cobalt Blue', 'Pastel Blue']
16:19:44| Created - 16:19:41.360981: Large marble: 5-Star, marbles: ['Antique Bronze', 'Pale Goldenrod', 'Auburn', 'Antique Bronze', 'Liver Chestnut', 'White Smoke', 'Antique Brass']
16:19:44| Created - 16:19:41.434975: Large marble: Apollo, marbles: ['Pale Plum', 'Mulberry', 'Spanish Pink', 'Lemon Lime', 'Granny Smith Apple', 'Green', 'Pale Plum']
16:19:44| Created - 16:19:41.508428: Large marble: Apollo, marbles: ['Lavender Purple', 'Ruby', 'Pale Goldenrod', 'Spanish Pink', 'Venetian Red', 'Emerald', 'Orange Peel']
16:19:44| Created - 16:19:41.581513: Large marble: Sure Shot, marbles: ['Duke Blue', 'Orange Peel', 'Royal Red', 'Maximum Purple', 'Eerie Black', 'Golden Yellow', 'Thulian Pink']
16:19:44| Created - 16:19:41.655480: Large marble: Apollo, marbles: ['Blue', 'Zomp', 'Bistre Brown', 'Purple', 'Mango Tango', 'La Salle Green', 'Auburn']
16:19:44| Created - 16:19:41.729416: Large marble: Winner, marbles: ['Spanish Pink', 'Cotton Candy', 'Blue', 'Royal Red', 'Silver Chalice', 'Lilac Luster', 'Eerie Black']
16:19:44| Created - 16:19:41.802848: Large marble: Spinner, marbles: ['Icterine', 'Ruby', 'Light Orchid', 'Brink Pink', 'Light Orange', 'Beaver', 'Rose Quartz']
16:19:44| Created - 16:19:41.876920: Large marble: 5-Star, marbles: ['Platinum', 'White Smoke', 'Dark Fuchsia', 'Purple Plum', 'Stop Red', 'Middle Green Yellow', 'Big Dip O’ruby']
16:19:44| Created - 16:19:41.950191: Large marble: Zeus, marbles: ['Lemon Lime', 'Lilac Luster', 'Lilac Luster', 'Mode Beige', 'Neon Silver', 'Antique Brass', 'Rose Quartz']
16:19:44| Created - 16:19:42.023534: Large marble: Spinner, marbles: ['Spanish Carmine', 'Silver Chalice', 'Icterine', 'Lilac Luster', 'Neon Dark Green', 'Maximum Purple', 'Sheen Green']
16:19:44| Created - 16:19:42.097419: Large marble: Lucky, marbles: ['Zomp', 'Blue', 'Blue', 'Liver Chestnut', 'Lemon Lime', 'Stop Red', 'Middle Red Purple']
16:19:44| Created - 16:19:42.171555: Large marble: 5-Star, marbles: ['Spanish Orange', 'Sage', 'Sheen Green', 'Auburn', 'Black Coral', 'Royal Orange', 'Mulberry']
16:19:44| Created - 16:19:42.244519: Large marble: Sure Shot, marbles: ['Royal Orange', 'Shandy', 'Gold', 'Neon Silver', 'Mode Beige', 'Orange Soda', 'Orange Soda']
16:19:44| Created - 16:19:42.317964: Large marble: Hercules, marbles: ['Light Orchid', 'Pastel Blue', 'Neon Dark Green', 'Mulberry', 'Maximum Purple', 'Sage', 'Eerie Black']
16:19:44| Created - 16:19:42.391528: Large marble: Zeus, marbles: ['Ruby', 'Icterine', 'Neon Silver', 'Lavender Purple', 'Granny Smith Apple', 'Mulberry', 'Mode Beige']
16:19:44| Created - 16:19:42.465828: Large marble: Winner, marbles: ['White Smoke', 'Lemon Lime', 'Royal Blue', 'Rose Quartz', 'Spanish Carmine', 'Mode Beige', 'Maximum Purple']
16:19:44| Created - 16:19:42.539370: Large marble: Zeus, marbles: ['Cotton Candy', 'Indigo', 'Royal Red', 'Orange Peel', 'Middle Red Purple', 'Lemon Lime', 'Antique Bronze']
16:19:44| Created - 16:19:42.614883: Large marble: Winner, marbles: ['Icterine', 'Royal Red', 'Maximum Purple', 'Shandy', 'Lilac Luster', 'Middle Red Purple', 'Middle Red Purple']
16:19:44| Created - 16:19:42.687998: Large marble: Sure Shot, marbles: ['Rose Quartz', 'Tuscan Brown', 'Pale Plum', 'Neon Dark Green', 'Liver Chestnut', 'Maximum Violet', 'Isabelline']
16:19:44| Created - 16:19:42.761355: Large marble: Sure Shot, marbles: ['Gold', 'Light Orange', 'Antique Bronze', 'Antique Bronze', 'Almond', 'Royal Red', 'Honeydew']
16:19:44| Created - 16:19:42.834878: Large marble: Winner, marbles: ['Mimi Pink', 'Tuscan Brown', 'Terra Cotta', 'Russian Green', 'Arylide Yellow', 'Neon Pink', 'La Salle Green']
16:19:44| Created - 16:19:42.909098: Large marble: Lucky, marbles: ['Light Orchid', 'Antique Bronze', 'Mimi Pink', 'Terra Cotta', 'Mint Green', 'Ivory', 'Golden Yellow']
16:19:44| Created - 16:19:42.982930: Large marble: Big Joe, marbles: ['Antique Bronze', 'Blue', 'Gold', 'Russian Violet', 'Maximum Blue', 'Platinum', 'Ruby']
16:19:44| Created - 16:19:43.056659: Large marble: Apollo, marbles: ['Light Orchid', 'Dark Moss Green', 'Gold', 'Brink Pink', 'Middle Red Purple', 'Antique Brass', 'Antique Bronze']
16:19:44| Created - 16:19:43.130383: Large marble: Apollo, marbles: ['Middle Green', 'Lilac Luster', 'Gold', 'Silver Chalice', 'Emerald', 'Ruby', 'Royal Red']
16:19:44| Created - 16:19:43.204802: Large marble: Zeus, marbles: ['Blue Bell', 'Golden Yellow', 'Golden Yellow', 'Stop Red', 'Gold', 'Terra Cotta', 'Almond']
16:19:44| Created - 16:19:43.279587: Large marble: Sure Shot, marbles: ['Pastel Blue', 'Venetian Red', 'Mint Green', 'Tuscan Brown', 'Tuscan Brown', 'Icterine', 'Ivory']
16:19:44| Created - 16:19:43.354419: Large marble: Sure Shot, marbles: ['Maximum Violet', 'Lemon Lime', 'Gold', 'Royal Red', 'Pale Taupe', 'Russian Green', 'Vegas Gold']
16:19:44| Created - 16:19:43.427614: Large marble: Hercules, marbles: ['Stop Red', 'Maximum Purple', 'Candy Pink', 'Orange Soda', 'Orange Peel', 'Mint Green', 'Lavender Purple']
16:19:44| Created - 16:19:43.501470: Large marble: Winner, marbles: ['Orange Soda', 'Auburn', 'Maximum Violet', 'Mimi Pink', 'Pastel Gray', 'Pale Cerulean', 'Honeydew']
16:19:44| Created - 16:19:43.575595: Large marble: Apollo, marbles: ['Maximum Blue', 'Blue Bell', 'Indigo', 'Light Orange', 'Granny Smith Apple', 'Outrageous Orange', 'Pale Cerulean']
16:19:44| Created - 16:19:43.649779: Large marble: 5-Star, marbles: ['Sage', 'Liver Chestnut', 'Granny Smith Apple', 'Mint Green', 'Blue Bell', 'Cotton Candy', 'Tuscan Brown']
16:19:44| Created - 16:19:43.722213: Large marble: Hercules, marbles: ['Mimi Pink', 'Liver Chestnut', 'Zomp', 'Duke Blue', 'Mulberry', 'Candy Pink', 'Rose Quartz']
16:19:44| Created - 16:19:43.796420: Large marble: Winner, marbles: ['Mulberry', 'Russian Violet', 'Maximum Violet', 'Thulian Pink', 'Big Dip O’ruby', 'La Salle Green', 'Pale Cerulean']
16:19:44| Created - 16:19:43.869494: Large marble: Lucky, marbles: ['Bistre Brown', 'Blue', 'Slate Blue', 'Honeydew', 'Spanish Orange', 'Orange Peel', 'Orange Soda']
16:19:44| Created - 16:19:43.944046: Large marble: Lucky, marbles: ['Royal Red', 'Rose Quartz', 'Almond', 'Indigo', 'Pastel Gray', 'Arylide Yellow', 'Cobalt Blue']
16:19:44| Created - 16:19:44.017352: Large marble: Winner, marbles: ['Arylide Yellow', 'Eerie Black', 'Pale Cerulean', 'Pale Plum', 'Mulberry', 'Almond', 'Mode Beige']
16:19:44| Created - 16:19:44.090373: Large marble: Winner, marbles: ['Big Dip O’ruby', 'La Salle Green', 'Beaver', 'Dark Moss Green', 'Antique Brass', 'Icterine', 'Lumber']
16:19:44| Created - 16:19:44.166290: Large marble: Sure Shot, marbles: ['Gold', 'Thulian Pink', 'Sheen Green', 'Terra Cotta', 'Light Orange', 'Platinum', 'Maximum Blue']
16:19:44| Created - 16:19:44.239990: Large marble: Big Joe, marbles: ['Granny Smith Apple', 'Blue Bell', 'Eerie Black', 'Light Orchid', 'Liver Chestnut', 'Candy Pink', 'Honeydew']
16:19:44| Created - 16:19:44.313304: Large marble: Lucky, marbles: ['Pastel Gray', 'Granny Smith Apple', 'Vegas Gold', 'Granny Smith Apple', 'Orange Soda', 'Indigo', 'Silver Pink']
16:19:44| Created - 16:19:44.387263: Large marble: Spinner, marbles: ['Pale Plum', 'Middle Green', 'Zomp', 'Sage', 'Outrageous Orange', 'Liver Chestnut', 'Mode Beige']
16:19:44| Created - 16:19:44.459850: Large marble: Spinner, marbles: ['Light Orange', 'Tuscan Brown', 'Lumber', 'Middle Green', 'Spanish Pink', 'Duke Blue', 'Lemon Lime']
16:19:44| Created - 16:19:44.533673: Large marble: Lucky, marbles: ['Bistre Brown', 'Middle Red Purple', 'Orange Peel', 'Royal Orange', 'Silver Pink', 'Isabelline', 'Neon Silver']
16:19:44| Created - 16:19:44.607253: Large marble: Winner, marbles: ['Arylide Yellow', 'Gold', 'Indigo', 'Big Dip O’ruby', 'Lavender Blue', 'Spanish Carmine', 'Spanish Orange']
16:19:44| Created - 16:19:44.681324: Large marble: Spinner, marbles: ['Pastel Gray', 'Antique Brass', 'Mint Green', 'Big Dip O’ruby', 'Shandy', 'Middle Green', 'Middle Green']
16:19:44| Number of gifts created: 142
